Tue Aug 27 21:40:18 EDT 2024
1: PREPARING DATA
2,3: RUNNING mummer AND CREATING CLUSTERS
# reading input file "/storage/group/LiberalArts/default/lsw132_collab/04_LabMembersFolders/AvaGabrys/Phylogenetics/Mugsy/SspDD04/SanguinisOutgroupAdditionalReferences/CompetitiveMappingSequences/DD04CMTree.Streptococcus_sanguinis_SK36.ntref" of length 2388436
# construct suffix tree for sequence of length 2388436
# (maximum input length is 2305843009213693948)
# process 23884 characters per dot
#....................................................................................................
# CONSTRUCTIONTIME /storage/group/LiberalArts/default/lsw132_collab/04_LabMembersFolders/AvaGabrys/Phylogenetics/mugsy_x86-64-v1r2.3/MUMmer3.20/mummer /storage/group/LiberalArts/default/lsw132_collab/04_LabMembersFolders/AvaGabrys/Phylogenetics/Mugsy/SspDD04/SanguinisOutgroupAdditionalReferences/CompetitiveMappingSequences/DD04CMTree.Streptococcus_sanguinis_SK36.ntref 1.22
# reading input file "/storage/group/LiberalArts/default/lsw132_collab/04_LabMembersFolders/AvaGabrys/Phylogenetics/Mugsy/SspDD04/SanguinisOutgroupAdditionalReferences/CompetitiveMappingSequences/DD04CMTree.Streptococcus_sanguinis_SK36.queries.fsa" of length 45696574
# matching query-file "/storage/group/LiberalArts/default/lsw132_collab/04_LabMembersFolders/AvaGabrys/Phylogenetics/Mugsy/SspDD04/SanguinisOutgroupAdditionalReferences/CompetitiveMappingSequences/DD04CMTree.Streptococcus_sanguinis_SK36.queries.fsa"
# against subject-file "/storage/group/LiberalArts/default/lsw132_collab/04_LabMembersFolders/AvaGabrys/Phylogenetics/Mugsy/SspDD04/SanguinisOutgroupAdditionalReferences/CompetitiveMappingSequences/DD04CMTree.Streptococcus_sanguinis_SK36.ntref"
# COMPLETETIME /storage/group/LiberalArts/default/lsw132_collab/04_LabMembersFolders/AvaGabrys/Phylogenetics/mugsy_x86-64-v1r2.3/MUMmer3.20/mummer /storage/group/LiberalArts/default/lsw132_collab/04_LabMembersFolders/AvaGabrys/Phylogenetics/Mugsy/SspDD04/SanguinisOutgroupAdditionalReferences/CompetitiveMappingSequences/DD04CMTree.Streptococcus_sanguinis_SK36.ntref 45.13
# SPACE /storage/group/LiberalArts/default/lsw132_collab/04_LabMembersFolders/AvaGabrys/Phylogenetics/mugsy_x86-64-v1r2.3/MUMmer3.20/mummer /storage/group/LiberalArts/default/lsw132_collab/04_LabMembersFolders/AvaGabrys/Phylogenetics/Mugsy/SspDD04/SanguinisOutgroupAdditionalReferences/CompetitiveMappingSequences/DD04CMTree.Streptococcus_sanguinis_SK36.ntref 46.65
4: FINISHING DATA
Tue Aug 27 21:42:41 EDT 2024
1: PREPARING DATA
2,3: RUNNING mummer AND CREATING CLUSTERS
# reading input file "/storage/group/LiberalArts/default/lsw132_collab/04_LabMembersFolders/AvaGabrys/Phylogenetics/Mugsy/SspDD04/SanguinisOutgroupAdditionalReferences/CompetitiveMappingSequences/DD04CMTree.Streptococcus_cristatus_NCTC13807.ntref" of length 2176085
# construct suffix tree for sequence of length 2176085
# (maximum input length is 2305843009213693948)
# process 21760 characters per dot
#....................................................................................................
# CONSTRUCTIONTIME /storage/group/LiberalArts/default/lsw132_collab/04_LabMembersFolders/AvaGabrys/Phylogenetics/mugsy_x86-64-v1r2.3/MUMmer3.20/mummer /storage/group/LiberalArts/default/lsw132_collab/04_LabMembersFolders/AvaGabrys/Phylogenetics/Mugsy/SspDD04/SanguinisOutgroupAdditionalReferences/CompetitiveMappingSequences/DD04CMTree.Streptococcus_cristatus_NCTC13807.ntref 1.11
# reading input file "/storage/group/LiberalArts/default/lsw132_collab/04_LabMembersFolders/AvaGabrys/Phylogenetics/Mugsy/SspDD04/SanguinisOutgroupAdditionalReferences/CompetitiveMappingSequences/DD04CMTree.Streptococcus_cristatus_NCTC13807.queries.fsa" of length 43520489
# matching query-file "/storage/group/LiberalArts/default/lsw132_collab/04_LabMembersFolders/AvaGabrys/Phylogenetics/Mugsy/SspDD04/SanguinisOutgroupAdditionalReferences/CompetitiveMappingSequences/DD04CMTree.Streptococcus_cristatus_NCTC13807.queries.fsa"
# against subject-file "/storage/group/LiberalArts/default/lsw132_collab/04_LabMembersFolders/AvaGabrys/Phylogenetics/Mugsy/SspDD04/SanguinisOutgroupAdditionalReferences/CompetitiveMappingSequences/DD04CMTree.Streptococcus_cristatus_NCTC13807.ntref"
# COMPLETETIME /storage/group/LiberalArts/default/lsw132_collab/04_LabMembersFolders/AvaGabrys/Phylogenetics/mugsy_x86-64-v1r2.3/MUMmer3.20/mummer /storage/group/LiberalArts/default/lsw132_collab/04_LabMembersFolders/AvaGabrys/Phylogenetics/Mugsy/SspDD04/SanguinisOutgroupAdditionalReferences/CompetitiveMappingSequences/DD04CMTree.Streptococcus_cristatus_NCTC13807.ntref 41.54
# SPACE /storage/group/LiberalArts/default/lsw132_collab/04_LabMembersFolders/AvaGabrys/Phylogenetics/mugsy_x86-64-v1r2.3/MUMmer3.20/mummer /storage/group/LiberalArts/default/lsw132_collab/04_LabMembersFolders/AvaGabrys/Phylogenetics/Mugsy/SspDD04/SanguinisOutgroupAdditionalReferences/CompetitiveMappingSequences/DD04CMTree.Streptococcus_cristatus_NCTC13807.ntref 44.34
4: FINISHING DATA
Tue Aug 27 21:44:58 EDT 2024
1: PREPARING DATA
2,3: RUNNING mummer AND CREATING CLUSTERS
# reading input file "/storage/group/LiberalArts/default/lsw132_collab/04_LabMembersFolders/AvaGabrys/Phylogenetics/Mugsy/SspDD04/SanguinisOutgroupAdditionalReferences/CompetitiveMappingSequences/DD04CMTree.Streptococcus_cristatus_ATCC51100.ntref" of length 2000352
# construct suffix tree for sequence of length 2000352
# (maximum input length is 2305843009213693948)
# process 20003 characters per dot
#....................................................................................................
# CONSTRUCTIONTIME /storage/group/LiberalArts/default/lsw132_collab/04_LabMembersFolders/AvaGabrys/Phylogenetics/mugsy_x86-64-v1r2.3/MUMmer3.20/mummer /storage/group/LiberalArts/default/lsw132_collab/04_LabMembersFolders/AvaGabrys/Phylogenetics/Mugsy/SspDD04/SanguinisOutgroupAdditionalReferences/CompetitiveMappingSequences/DD04CMTree.Streptococcus_cristatus_ATCC51100.ntref 1.00
# reading input file "/storage/group/LiberalArts/default/lsw132_collab/04_LabMembersFolders/AvaGabrys/Phylogenetics/Mugsy/SspDD04/SanguinisOutgroupAdditionalReferences/CompetitiveMappingSequences/DD04CMTree.Streptococcus_cristatus_ATCC51100.queries.fsa" of length 41520137
# matching query-file "/storage/group/LiberalArts/default/lsw132_collab/04_LabMembersFolders/AvaGabrys/Phylogenetics/Mugsy/SspDD04/SanguinisOutgroupAdditionalReferences/CompetitiveMappingSequences/DD04CMTree.Streptococcus_cristatus_ATCC51100.queries.fsa"
# against subject-file "/storage/group/LiberalArts/default/lsw132_collab/04_LabMembersFolders/AvaGabrys/Phylogenetics/Mugsy/SspDD04/SanguinisOutgroupAdditionalReferences/CompetitiveMappingSequences/DD04CMTree.Streptococcus_cristatus_ATCC51100.ntref"
# COMPLETETIME /storage/group/LiberalArts/default/lsw132_collab/04_LabMembersFolders/AvaGabrys/Phylogenetics/mugsy_x86-64-v1r2.3/MUMmer3.20/mummer /storage/group/LiberalArts/default/lsw132_collab/04_LabMembersFolders/AvaGabrys/Phylogenetics/Mugsy/SspDD04/SanguinisOutgroupAdditionalReferences/CompetitiveMappingSequences/DD04CMTree.Streptococcus_cristatus_ATCC51100.ntref 39.05
# SPACE /storage/group/LiberalArts/default/lsw132_collab/04_LabMembersFolders/AvaGabrys/Phylogenetics/mugsy_x86-64-v1r2.3/MUMmer3.20/mummer /storage/group/LiberalArts/default/lsw132_collab/04_LabMembersFolders/AvaGabrys/Phylogenetics/Mugsy/SspDD04/SanguinisOutgroupAdditionalReferences/CompetitiveMappingSequences/DD04CMTree.Streptococcus_cristatus_ATCC51100.ntref 42.24
4: FINISHING DATA
Tue Aug 27 21:47:07 EDT 2024
1: PREPARING DATA
2,3: RUNNING mummer AND CREATING CLUSTERS
# reading input file "/storage/group/LiberalArts/default/lsw132_collab/04_LabMembersFolders/AvaGabrys/Phylogenetics/Mugsy/SspDD04/SanguinisOutgroupAdditionalReferences/CompetitiveMappingSequences/DD04CMTree.Streptococcus_sinensis_SSSC01.ntref" of length 2134216
# construct suffix tree for sequence of length 2134216
# (maximum input length is 2305843009213693948)
# process 21342 characters per dot
#....................................................................................................
# CONSTRUCTIONTIME /storage/group/LiberalArts/default/lsw132_collab/04_LabMembersFolders/AvaGabrys/Phylogenetics/mugsy_x86-64-v1r2.3/MUMmer3.20/mummer /storage/group/LiberalArts/default/lsw132_collab/04_LabMembersFolders/AvaGabrys/Phylogenetics/Mugsy/SspDD04/SanguinisOutgroupAdditionalReferences/CompetitiveMappingSequences/DD04CMTree.Streptococcus_sinensis_SSSC01.ntref 1.08
# reading input file "/storage/group/LiberalArts/default/lsw132_collab/04_LabMembersFolders/AvaGabrys/Phylogenetics/Mugsy/SspDD04/SanguinisOutgroupAdditionalReferences/CompetitiveMappingSequences/DD04CMTree.Streptococcus_sinensis_SSSC01.queries.fsa" of length 39385921
# matching query-file "/storage/group/LiberalArts/default/lsw132_collab/04_LabMembersFolders/AvaGabrys/Phylogenetics/Mugsy/SspDD04/SanguinisOutgroupAdditionalReferences/CompetitiveMappingSequences/DD04CMTree.Streptococcus_sinensis_SSSC01.queries.fsa"
# against subject-file "/storage/group/LiberalArts/default/lsw132_collab/04_LabMembersFolders/AvaGabrys/Phylogenetics/Mugsy/SspDD04/SanguinisOutgroupAdditionalReferences/CompetitiveMappingSequences/DD04CMTree.Streptococcus_sinensis_SSSC01.ntref"
# COMPLETETIME /storage/group/LiberalArts/default/lsw132_collab/04_LabMembersFolders/AvaGabrys/Phylogenetics/mugsy_x86-64-v1r2.3/MUMmer3.20/mummer /storage/group/LiberalArts/default/lsw132_collab/04_LabMembersFolders/AvaGabrys/Phylogenetics/Mugsy/SspDD04/SanguinisOutgroupAdditionalReferences/CompetitiveMappingSequences/DD04CMTree.Streptococcus_sinensis_SSSC01.ntref 34.59
# SPACE /storage/group/LiberalArts/default/lsw132_collab/04_LabMembersFolders/AvaGabrys/Phylogenetics/mugsy_x86-64-v1r2.3/MUMmer3.20/mummer /storage/group/LiberalArts/default/lsw132_collab/04_LabMembersFolders/AvaGabrys/Phylogenetics/Mugsy/SspDD04/SanguinisOutgroupAdditionalReferences/CompetitiveMappingSequences/DD04CMTree.Streptococcus_sinensis_SSSC01.ntref 40.30
4: FINISHING DATA
Tue Aug 27 21:48:31 EDT 2024
1: PREPARING DATA
2,3: RUNNING mummer AND CREATING CLUSTERS
# reading input file "/storage/group/LiberalArts/default/lsw132_collab/04_LabMembersFolders/AvaGabrys/Phylogenetics/Mugsy/SspDD04/SanguinisOutgroupAdditionalReferences/CompetitiveMappingSequences/DD04CMTree.Streptococcus_sinensis_HKU4.ntref" of length 2061959
# construct suffix tree for sequence of length 2061959
# (maximum input length is 2305843009213693948)
# process 20619 characters per dot
#....................................................................................................
# CONSTRUCTIONTIME /storage/group/LiberalArts/default/lsw132_collab/04_LabMembersFolders/AvaGabrys/Phylogenetics/mugsy_x86-64-v1r2.3/MUMmer3.20/mummer /storage/group/LiberalArts/default/lsw132_collab/04_LabMembersFolders/AvaGabrys/Phylogenetics/Mugsy/SspDD04/SanguinisOutgroupAdditionalReferences/CompetitiveMappingSequences/DD04CMTree.Streptococcus_sinensis_HKU4.ntref 1.04
# reading input file "/storage/group/LiberalArts/default/lsw132_collab/04_LabMembersFolders/AvaGabrys/Phylogenetics/Mugsy/SspDD04/SanguinisOutgroupAdditionalReferences/CompetitiveMappingSequences/DD04CMTree.Streptococcus_sinensis_HKU4.queries.fsa" of length 37323962
# matching query-file "/storage/group/LiberalArts/default/lsw132_collab/04_LabMembersFolders/AvaGabrys/Phylogenetics/Mugsy/SspDD04/SanguinisOutgroupAdditionalReferences/CompetitiveMappingSequences/DD04CMTree.Streptococcus_sinensis_HKU4.queries.fsa"
# against subject-file "/storage/group/LiberalArts/default/lsw132_collab/04_LabMembersFolders/AvaGabrys/Phylogenetics/Mugsy/SspDD04/SanguinisOutgroupAdditionalReferences/CompetitiveMappingSequences/DD04CMTree.Streptococcus_sinensis_HKU4.ntref"
# COMPLETETIME /storage/group/LiberalArts/default/lsw132_collab/04_LabMembersFolders/AvaGabrys/Phylogenetics/mugsy_x86-64-v1r2.3/MUMmer3.20/mummer /storage/group/LiberalArts/default/lsw132_collab/04_LabMembersFolders/AvaGabrys/Phylogenetics/Mugsy/SspDD04/SanguinisOutgroupAdditionalReferences/CompetitiveMappingSequences/DD04CMTree.Streptococcus_sinensis_HKU4.ntref 31.95
# SPACE /storage/group/LiberalArts/default/lsw132_collab/04_LabMembersFolders/AvaGabrys/Phylogenetics/mugsy_x86-64-v1r2.3/MUMmer3.20/mummer /storage/group/LiberalArts/default/lsw132_collab/04_LabMembersFolders/AvaGabrys/Phylogenetics/Mugsy/SspDD04/SanguinisOutgroupAdditionalReferences/CompetitiveMappingSequences/DD04CMTree.Streptococcus_sinensis_HKU4.ntref 38.24
4: FINISHING DATA
Tue Aug 27 21:49:52 EDT 2024
1: PREPARING DATA
2,3: RUNNING mummer AND CREATING CLUSTERS
# reading input file "/storage/group/LiberalArts/default/lsw132_collab/04_LabMembersFolders/AvaGabrys/Phylogenetics/Mugsy/SspDD04/SanguinisOutgroupAdditionalReferences/CompetitiveMappingSequences/DD04CMTree.Streptococcus_sinensis_MIN085.ntref" of length 2206749
# construct suffix tree for sequence of length 2206749
# (maximum input length is 2305843009213693948)
# process 22067 characters per dot
#....................................................................................................
# CONSTRUCTIONTIME /storage/group/LiberalArts/default/lsw132_collab/04_LabMembersFolders/AvaGabrys/Phylogenetics/mugsy_x86-64-v1r2.3/MUMmer3.20/mummer /storage/group/LiberalArts/default/lsw132_collab/04_LabMembersFolders/AvaGabrys/Phylogenetics/Mugsy/SspDD04/SanguinisOutgroupAdditionalReferences/CompetitiveMappingSequences/DD04CMTree.Streptococcus_sinensis_MIN085.ntref 1.11
# reading input file "/storage/group/LiberalArts/default/lsw132_collab/04_LabMembersFolders/AvaGabrys/Phylogenetics/Mugsy/SspDD04/SanguinisOutgroupAdditionalReferences/CompetitiveMappingSequences/DD04CMTree.Streptococcus_sinensis_MIN085.queries.fsa" of length 35117213
# matching query-file "/storage/group/LiberalArts/default/lsw132_collab/04_LabMembersFolders/AvaGabrys/Phylogenetics/Mugsy/SspDD04/SanguinisOutgroupAdditionalReferences/CompetitiveMappingSequences/DD04CMTree.Streptococcus_sinensis_MIN085.queries.fsa"
# against subject-file "/storage/group/LiberalArts/default/lsw132_collab/04_LabMembersFolders/AvaGabrys/Phylogenetics/Mugsy/SspDD04/SanguinisOutgroupAdditionalReferences/CompetitiveMappingSequences/DD04CMTree.Streptococcus_sinensis_MIN085.ntref"
# COMPLETETIME /storage/group/LiberalArts/default/lsw132_collab/04_LabMembersFolders/AvaGabrys/Phylogenetics/mugsy_x86-64-v1r2.3/MUMmer3.20/mummer /storage/group/LiberalArts/default/lsw132_collab/04_LabMembersFolders/AvaGabrys/Phylogenetics/Mugsy/SspDD04/SanguinisOutgroupAdditionalReferences/CompetitiveMappingSequences/DD04CMTree.Streptococcus_sinensis_MIN085.ntref 29.93
# SPACE /storage/group/LiberalArts/default/lsw132_collab/04_LabMembersFolders/AvaGabrys/Phylogenetics/mugsy_x86-64-v1r2.3/MUMmer3.20/mummer /storage/group/LiberalArts/default/lsw132_collab/04_LabMembersFolders/AvaGabrys/Phylogenetics/Mugsy/SspDD04/SanguinisOutgroupAdditionalReferences/CompetitiveMappingSequences/DD04CMTree.Streptococcus_sinensis_MIN085.ntref 36.25
4: FINISHING DATA
Tue Aug 27 21:50:58 EDT 2024
1: PREPARING DATA
2,3: RUNNING mummer AND CREATING CLUSTERS
# reading input file "/storage/group/LiberalArts/default/lsw132_collab/04_LabMembersFolders/AvaGabrys/Phylogenetics/Mugsy/SspDD04/SanguinisOutgroupAdditionalReferences/CompetitiveMappingSequences/DD04CMTree.Streptococcus_sinensis_Forsyth1A.ntref" of length 2119778
# construct suffix tree for sequence of length 2119778
# (maximum input length is 2305843009213693948)
# process 21197 characters per dot
#....................................................................................................
# CONSTRUCTIONTIME /storage/group/LiberalArts/default/lsw132_collab/04_LabMembersFolders/AvaGabrys/Phylogenetics/mugsy_x86-64-v1r2.3/MUMmer3.20/mummer /storage/group/LiberalArts/default/lsw132_collab/04_LabMembersFolders/AvaGabrys/Phylogenetics/Mugsy/SspDD04/SanguinisOutgroupAdditionalReferences/CompetitiveMappingSequences/DD04CMTree.Streptococcus_sinensis_Forsyth1A.ntref 1.07
# reading input file "/storage/group/LiberalArts/default/lsw132_collab/04_LabMembersFolders/AvaGabrys/Phylogenetics/Mugsy/SspDD04/SanguinisOutgroupAdditionalReferences/CompetitiveMappingSequences/DD04CMTree.Streptococcus_sinensis_Forsyth1A.queries.fsa" of length 32997435
# matching query-file "/storage/group/LiberalArts/default/lsw132_collab/04_LabMembersFolders/AvaGabrys/Phylogenetics/Mugsy/SspDD04/SanguinisOutgroupAdditionalReferences/CompetitiveMappingSequences/DD04CMTree.Streptococcus_sinensis_Forsyth1A.queries.fsa"
# against subject-file "/storage/group/LiberalArts/default/lsw132_collab/04_LabMembersFolders/AvaGabrys/Phylogenetics/Mugsy/SspDD04/SanguinisOutgroupAdditionalReferences/CompetitiveMappingSequences/DD04CMTree.Streptococcus_sinensis_Forsyth1A.ntref"
# COMPLETETIME /storage/group/LiberalArts/default/lsw132_collab/04_LabMembersFolders/AvaGabrys/Phylogenetics/mugsy_x86-64-v1r2.3/MUMmer3.20/mummer /storage/group/LiberalArts/default/lsw132_collab/04_LabMembersFolders/AvaGabrys/Phylogenetics/Mugsy/SspDD04/SanguinisOutgroupAdditionalReferences/CompetitiveMappingSequences/DD04CMTree.Streptococcus_sinensis_Forsyth1A.ntref 27.69
# SPACE /storage/group/LiberalArts/default/lsw132_collab/04_LabMembersFolders/AvaGabrys/Phylogenetics/mugsy_x86-64-v1r2.3/MUMmer3.20/mummer /storage/group/LiberalArts/default/lsw132_collab/04_LabMembersFolders/AvaGabrys/Phylogenetics/Mugsy/SspDD04/SanguinisOutgroupAdditionalReferences/CompetitiveMappingSequences/DD04CMTree.Streptococcus_sinensis_Forsyth1A.ntref 34.11
4: FINISHING DATA
Tue Aug 27 21:52:00 EDT 2024
1: PREPARING DATA
2,3: RUNNING mummer AND CREATING CLUSTERS
# reading input file "/storage/group/LiberalArts/default/lsw132_collab/04_LabMembersFolders/AvaGabrys/Phylogenetics/Mugsy/SspDD04/SanguinisOutgroupAdditionalReferences/CompetitiveMappingSequences/DD04CMTree.16955_Medieval_GuildhallYard_GYE92_DD04_competitivemappingconsensus.ntref" of length 2199837
# construct suffix tree for sequence of length 2199837
# (maximum input length is 2305843009213693948)
# process 21998 characters per dot
#....................................................................................................
# CONSTRUCTIONTIME /storage/group/LiberalArts/default/lsw132_collab/04_LabMembersFolders/AvaGabrys/Phylogenetics/mugsy_x86-64-v1r2.3/MUMmer3.20/mummer /storage/group/LiberalArts/default/lsw132_collab/04_LabMembersFolders/AvaGabrys/Phylogenetics/Mugsy/SspDD04/SanguinisOutgroupAdditionalReferences/CompetitiveMappingSequences/DD04CMTree.16955_Medieval_GuildhallYard_GYE92_DD04_competitivemappingconsensus.ntref 0.85
# reading input file "/storage/group/LiberalArts/default/lsw132_collab/04_LabMembersFolders/AvaGabrys/Phylogenetics/Mugsy/SspDD04/SanguinisOutgroupAdditionalReferences/CompetitiveMappingSequences/DD04CMTree.16955_Medieval_GuildhallYard_GYE92_DD04_competitivemappingconsensus.queries.fsa" of length 30797598
# matching query-file "/storage/group/LiberalArts/default/lsw132_collab/04_LabMembersFolders/AvaGabrys/Phylogenetics/Mugsy/SspDD04/SanguinisOutgroupAdditionalReferences/CompetitiveMappingSequences/DD04CMTree.16955_Medieval_GuildhallYard_GYE92_DD04_competitivemappingconsensus.queries.fsa"
# against subject-file "/storage/group/LiberalArts/default/lsw132_collab/04_LabMembersFolders/AvaGabrys/Phylogenetics/Mugsy/SspDD04/SanguinisOutgroupAdditionalReferences/CompetitiveMappingSequences/DD04CMTree.16955_Medieval_GuildhallYard_GYE92_DD04_competitivemappingconsensus.ntref"
# COMPLETETIME /storage/group/LiberalArts/default/lsw132_collab/04_LabMembersFolders/AvaGabrys/Phylogenetics/mugsy_x86-64-v1r2.3/MUMmer3.20/mummer /storage/group/LiberalArts/default/lsw132_collab/04_LabMembersFolders/AvaGabrys/Phylogenetics/Mugsy/SspDD04/SanguinisOutgroupAdditionalReferences/CompetitiveMappingSequences/DD04CMTree.16955_Medieval_GuildhallYard_GYE92_DD04_competitivemappingconsensus.ntref 24.65
# SPACE /storage/group/LiberalArts/default/lsw132_collab/04_LabMembersFolders/AvaGabrys/Phylogenetics/mugsy_x86-64-v1r2.3/MUMmer3.20/mummer /storage/group/LiberalArts/default/lsw132_collab/04_LabMembersFolders/AvaGabrys/Phylogenetics/Mugsy/SspDD04/SanguinisOutgroupAdditionalReferences/CompetitiveMappingSequences/DD04CMTree.16955_Medieval_GuildhallYard_GYE92_DD04_competitivemappingconsensus.ntref 32.05
4: FINISHING DATA
Tue Aug 27 21:52:46 EDT 2024
1: PREPARING DATA
2,3: RUNNING mummer AND CREATING CLUSTERS
# reading input file "/storage/group/LiberalArts/default/lsw132_collab/04_LabMembersFolders/AvaGabrys/Phylogenetics/Mugsy/SspDD04/SanguinisOutgroupAdditionalReferences/CompetitiveMappingSequences/DD04CMTree.Oakington15810_DD04_competitivemappingconsensus.ntref" of length 2199821
# construct suffix tree for sequence of length 2199821
# (maximum input length is 2305843009213693948)
# process 21998 characters per dot
#....................................................................................................
# CONSTRUCTIONTIME /storage/group/LiberalArts/default/lsw132_collab/04_LabMembersFolders/AvaGabrys/Phylogenetics/mugsy_x86-64-v1r2.3/MUMmer3.20/mummer /storage/group/LiberalArts/default/lsw132_collab/04_LabMembersFolders/AvaGabrys/Phylogenetics/Mugsy/SspDD04/SanguinisOutgroupAdditionalReferences/CompetitiveMappingSequences/DD04CMTree.Oakington15810_DD04_competitivemappingconsensus.ntref 0.85
# reading input file "/storage/group/LiberalArts/default/lsw132_collab/04_LabMembersFolders/AvaGabrys/Phylogenetics/Mugsy/SspDD04/SanguinisOutgroupAdditionalReferences/CompetitiveMappingSequences/DD04CMTree.Oakington15810_DD04_competitivemappingconsensus.queries.fsa" of length 28597777
# matching query-file "/storage/group/LiberalArts/default/lsw132_collab/04_LabMembersFolders/AvaGabrys/Phylogenetics/Mugsy/SspDD04/SanguinisOutgroupAdditionalReferences/CompetitiveMappingSequences/DD04CMTree.Oakington15810_DD04_competitivemappingconsensus.queries.fsa"
# against subject-file "/storage/group/LiberalArts/default/lsw132_collab/04_LabMembersFolders/AvaGabrys/Phylogenetics/Mugsy/SspDD04/SanguinisOutgroupAdditionalReferences/CompetitiveMappingSequences/DD04CMTree.Oakington15810_DD04_competitivemappingconsensus.ntref"
# COMPLETETIME /storage/group/LiberalArts/default/lsw132_collab/04_LabMembersFolders/AvaGabrys/Phylogenetics/mugsy_x86-64-v1r2.3/MUMmer3.20/mummer /storage/group/LiberalArts/default/lsw132_collab/04_LabMembersFolders/AvaGabrys/Phylogenetics/Mugsy/SspDD04/SanguinisOutgroupAdditionalReferences/CompetitiveMappingSequences/DD04CMTree.Oakington15810_DD04_competitivemappingconsensus.ntref 22.99
# SPACE /storage/group/LiberalArts/default/lsw132_collab/04_LabMembersFolders/AvaGabrys/Phylogenetics/mugsy_x86-64-v1r2.3/MUMmer3.20/mummer /storage/group/LiberalArts/default/lsw132_collab/04_LabMembersFolders/AvaGabrys/Phylogenetics/Mugsy/SspDD04/SanguinisOutgroupAdditionalReferences/CompetitiveMappingSequences/DD04CMTree.Oakington15810_DD04_competitivemappingconsensus.ntref 29.91
4: FINISHING DATA
Tue Aug 27 21:53:32 EDT 2024
1: PREPARING DATA
2,3: RUNNING mummer AND CREATING CLUSTERS
# reading input file "/storage/group/LiberalArts/default/lsw132_collab/04_LabMembersFolders/AvaGabrys/Phylogenetics/Mugsy/SspDD04/SanguinisOutgroupAdditionalReferences/CompetitiveMappingSequences/DD04CMTree.16830_Medieval_SpitalSquare.ntref" of length 2199826
# construct suffix tree for sequence of length 2199826
# (maximum input length is 2305843009213693948)
# process 21998 characters per dot
#....................................................................................................
# CONSTRUCTIONTIME /storage/group/LiberalArts/default/lsw132_collab/04_LabMembersFolders/AvaGabrys/Phylogenetics/mugsy_x86-64-v1r2.3/MUMmer3.20/mummer /storage/group/LiberalArts/default/lsw132_collab/04_LabMembersFolders/AvaGabrys/Phylogenetics/Mugsy/SspDD04/SanguinisOutgroupAdditionalReferences/CompetitiveMappingSequences/DD04CMTree.16830_Medieval_SpitalSquare.ntref 0.81
# reading input file "/storage/group/LiberalArts/default/lsw132_collab/04_LabMembersFolders/AvaGabrys/Phylogenetics/Mugsy/SspDD04/SanguinisOutgroupAdditionalReferences/CompetitiveMappingSequences/DD04CMTree.16830_Medieval_SpitalSquare.queries.fsa" of length 26397951
# matching query-file "/storage/group/LiberalArts/default/lsw132_collab/04_LabMembersFolders/AvaGabrys/Phylogenetics/Mugsy/SspDD04/SanguinisOutgroupAdditionalReferences/CompetitiveMappingSequences/DD04CMTree.16830_Medieval_SpitalSquare.queries.fsa"
# against subject-file "/storage/group/LiberalArts/default/lsw132_collab/04_LabMembersFolders/AvaGabrys/Phylogenetics/Mugsy/SspDD04/SanguinisOutgroupAdditionalReferences/CompetitiveMappingSequences/DD04CMTree.16830_Medieval_SpitalSquare.ntref"
# COMPLETETIME /storage/group/LiberalArts/default/lsw132_collab/04_LabMembersFolders/AvaGabrys/Phylogenetics/mugsy_x86-64-v1r2.3/MUMmer3.20/mummer /storage/group/LiberalArts/default/lsw132_collab/04_LabMembersFolders/AvaGabrys/Phylogenetics/Mugsy/SspDD04/SanguinisOutgroupAdditionalReferences/CompetitiveMappingSequences/DD04CMTree.16830_Medieval_SpitalSquare.ntref 21.46
# SPACE /storage/group/LiberalArts/default/lsw132_collab/04_LabMembersFolders/AvaGabrys/Phylogenetics/mugsy_x86-64-v1r2.3/MUMmer3.20/mummer /storage/group/LiberalArts/default/lsw132_collab/04_LabMembersFolders/AvaGabrys/Phylogenetics/Mugsy/SspDD04/SanguinisOutgroupAdditionalReferences/CompetitiveMappingSequences/DD04CMTree.16830_Medieval_SpitalSquare.ntref 27.78
4: FINISHING DATA
Tue Aug 27 21:54:15 EDT 2024
1: PREPARING DATA
2,3: RUNNING mummer AND CREATING CLUSTERS
# reading input file "/storage/group/LiberalArts/default/lsw132_collab/04_LabMembersFolders/AvaGabrys/Phylogenetics/Mugsy/SspDD04/SanguinisOutgroupAdditionalReferences/CompetitiveMappingSequences/DD04CMTree.Yorkshire8892_DD04_competitivemappingconsensus.ntref" of length 2199830
# construct suffix tree for sequence of length 2199830
# (maximum input length is 2305843009213693948)
# process 21998 characters per dot
#....................................................................................................
# CONSTRUCTIONTIME /storage/group/LiberalArts/default/lsw132_collab/04_LabMembersFolders/AvaGabrys/Phylogenetics/mugsy_x86-64-v1r2.3/MUMmer3.20/mummer /storage/group/LiberalArts/default/lsw132_collab/04_LabMembersFolders/AvaGabrys/Phylogenetics/Mugsy/SspDD04/SanguinisOutgroupAdditionalReferences/CompetitiveMappingSequences/DD04CMTree.Yorkshire8892_DD04_competitivemappingconsensus.ntref 0.83
# reading input file "/storage/group/LiberalArts/default/lsw132_collab/04_LabMembersFolders/AvaGabrys/Phylogenetics/Mugsy/SspDD04/SanguinisOutgroupAdditionalReferences/CompetitiveMappingSequences/DD04CMTree.Yorkshire8892_DD04_competitivemappingconsensus.queries.fsa" of length 24198121
# matching query-file "/storage/group/LiberalArts/default/lsw132_collab/04_LabMembersFolders/AvaGabrys/Phylogenetics/Mugsy/SspDD04/SanguinisOutgroupAdditionalReferences/CompetitiveMappingSequences/DD04CMTree.Yorkshire8892_DD04_competitivemappingconsensus.queries.fsa"
# against subject-file "/storage/group/LiberalArts/default/lsw132_collab/04_LabMembersFolders/AvaGabrys/Phylogenetics/Mugsy/SspDD04/SanguinisOutgroupAdditionalReferences/CompetitiveMappingSequences/DD04CMTree.Yorkshire8892_DD04_competitivemappingconsensus.ntref"
# COMPLETETIME /storage/group/LiberalArts/default/lsw132_collab/04_LabMembersFolders/AvaGabrys/Phylogenetics/mugsy_x86-64-v1r2.3/MUMmer3.20/mummer /storage/group/LiberalArts/default/lsw132_collab/04_LabMembersFolders/AvaGabrys/Phylogenetics/Mugsy/SspDD04/SanguinisOutgroupAdditionalReferences/CompetitiveMappingSequences/DD04CMTree.Yorkshire8892_DD04_competitivemappingconsensus.ntref 19.89
# SPACE /storage/group/LiberalArts/default/lsw132_collab/04_LabMembersFolders/AvaGabrys/Phylogenetics/mugsy_x86-64-v1r2.3/MUMmer3.20/mummer /storage/group/LiberalArts/default/lsw132_collab/04_LabMembersFolders/AvaGabrys/Phylogenetics/Mugsy/SspDD04/SanguinisOutgroupAdditionalReferences/CompetitiveMappingSequences/DD04CMTree.Yorkshire8892_DD04_competitivemappingconsensus.ntref 25.64
4: FINISHING DATA
Tue Aug 27 21:54:53 EDT 2024
1: PREPARING DATA
2,3: RUNNING mummer AND CREATING CLUSTERS
# reading input file "/storage/group/LiberalArts/default/lsw132_collab/04_LabMembersFolders/AvaGabrys/Phylogenetics/Mugsy/SspDD04/SanguinisOutgroupAdditionalReferences/CompetitiveMappingSequences/DD04CMTree.Hinxton16489_DD04_competitivemappingconsensus.ntref" of length 2199829
# construct suffix tree for sequence of length 2199829
# (maximum input length is 2305843009213693948)
# process 21998 characters per dot
#....................................................................................................
# CONSTRUCTIONTIME /storage/group/LiberalArts/default/lsw132_collab/04_LabMembersFolders/AvaGabrys/Phylogenetics/mugsy_x86-64-v1r2.3/MUMmer3.20/mummer /storage/group/LiberalArts/default/lsw132_collab/04_LabMembersFolders/AvaGabrys/Phylogenetics/Mugsy/SspDD04/SanguinisOutgroupAdditionalReferences/CompetitiveMappingSequences/DD04CMTree.Hinxton16489_DD04_competitivemappingconsensus.ntref 0.91
# reading input file "/storage/group/LiberalArts/default/lsw132_collab/04_LabMembersFolders/AvaGabrys/Phylogenetics/Mugsy/SspDD04/SanguinisOutgroupAdditionalReferences/CompetitiveMappingSequences/DD04CMTree.Hinxton16489_DD04_competitivemappingconsensus.queries.fsa" of length 21998292
# matching query-file "/storage/group/LiberalArts/default/lsw132_collab/04_LabMembersFolders/AvaGabrys/Phylogenetics/Mugsy/SspDD04/SanguinisOutgroupAdditionalReferences/CompetitiveMappingSequences/DD04CMTree.Hinxton16489_DD04_competitivemappingconsensus.queries.fsa"
# against subject-file "/storage/group/LiberalArts/default/lsw132_collab/04_LabMembersFolders/AvaGabrys/Phylogenetics/Mugsy/SspDD04/SanguinisOutgroupAdditionalReferences/CompetitiveMappingSequences/DD04CMTree.Hinxton16489_DD04_competitivemappingconsensus.ntref"
# COMPLETETIME /storage/group/LiberalArts/default/lsw132_collab/04_LabMembersFolders/AvaGabrys/Phylogenetics/mugsy_x86-64-v1r2.3/MUMmer3.20/mummer /storage/group/LiberalArts/default/lsw132_collab/04_LabMembersFolders/AvaGabrys/Phylogenetics/Mugsy/SspDD04/SanguinisOutgroupAdditionalReferences/CompetitiveMappingSequences/DD04CMTree.Hinxton16489_DD04_competitivemappingconsensus.ntref 18.02
# SPACE /storage/group/LiberalArts/default/lsw132_collab/04_LabMembersFolders/AvaGabrys/Phylogenetics/mugsy_x86-64-v1r2.3/MUMmer3.20/mummer /storage/group/LiberalArts/default/lsw132_collab/04_LabMembersFolders/AvaGabrys/Phylogenetics/Mugsy/SspDD04/SanguinisOutgroupAdditionalReferences/CompetitiveMappingSequences/DD04CMTree.Hinxton16489_DD04_competitivemappingconsensus.ntref 23.50
4: FINISHING DATA
Tue Aug 27 21:55:27 EDT 2024
1: PREPARING DATA
2,3: RUNNING mummer AND CREATING CLUSTERS
# reading input file "/storage/group/LiberalArts/default/lsw132_collab/04_LabMembersFolders/AvaGabrys/Phylogenetics/Mugsy/SspDD04/SanguinisOutgroupAdditionalReferences/CompetitiveMappingSequences/DD04CMTree.Streptococcus_sp_DD04.ntref" of length 2199808
# construct suffix tree for sequence of length 2199808
# (maximum input length is 2305843009213693948)
# process 21998 characters per dot
#....................................................................................................
# CONSTRUCTIONTIME /storage/group/LiberalArts/default/lsw132_collab/04_LabMembersFolders/AvaGabrys/Phylogenetics/mugsy_x86-64-v1r2.3/MUMmer3.20/mummer /storage/group/LiberalArts/default/lsw132_collab/04_LabMembersFolders/AvaGabrys/Phylogenetics/Mugsy/SspDD04/SanguinisOutgroupAdditionalReferences/CompetitiveMappingSequences/DD04CMTree.Streptococcus_sp_DD04.ntref 1.08
# reading input file "/storage/group/LiberalArts/default/lsw132_collab/04_LabMembersFolders/AvaGabrys/Phylogenetics/Mugsy/SspDD04/SanguinisOutgroupAdditionalReferences/CompetitiveMappingSequences/DD04CMTree.Streptococcus_sp_DD04.queries.fsa" of length 19798484
# matching query-file "/storage/group/LiberalArts/default/lsw132_collab/04_LabMembersFolders/AvaGabrys/Phylogenetics/Mugsy/SspDD04/SanguinisOutgroupAdditionalReferences/CompetitiveMappingSequences/DD04CMTree.Streptococcus_sp_DD04.queries.fsa"
# against subject-file "/storage/group/LiberalArts/default/lsw132_collab/04_LabMembersFolders/AvaGabrys/Phylogenetics/Mugsy/SspDD04/SanguinisOutgroupAdditionalReferences/CompetitiveMappingSequences/DD04CMTree.Streptococcus_sp_DD04.ntref"
# COMPLETETIME /storage/group/LiberalArts/default/lsw132_collab/04_LabMembersFolders/AvaGabrys/Phylogenetics/mugsy_x86-64-v1r2.3/MUMmer3.20/mummer /storage/group/LiberalArts/default/lsw132_collab/04_LabMembersFolders/AvaGabrys/Phylogenetics/Mugsy/SspDD04/SanguinisOutgroupAdditionalReferences/CompetitiveMappingSequences/DD04CMTree.Streptococcus_sp_DD04.ntref 15.86
# SPACE /storage/group/LiberalArts/default/lsw132_collab/04_LabMembersFolders/AvaGabrys/Phylogenetics/mugsy_x86-64-v1r2.3/MUMmer3.20/mummer /storage/group/LiberalArts/default/lsw132_collab/04_LabMembersFolders/AvaGabrys/Phylogenetics/Mugsy/SspDD04/SanguinisOutgroupAdditionalReferences/CompetitiveMappingSequences/DD04CMTree.Streptococcus_sp_DD04.ntref 21.38
4: FINISHING DATA
Tue Aug 27 21:55:56 EDT 2024
1: PREPARING DATA
2,3: RUNNING mummer AND CREATING CLUSTERS
# reading input file "/storage/group/LiberalArts/default/lsw132_collab/04_LabMembersFolders/AvaGabrys/Phylogenetics/Mugsy/SspDD04/SanguinisOutgroupAdditionalReferences/CompetitiveMappingSequences/DD04CMTree.16818_Medieval_SpitalSquare_NRF88_DD04_competitivemappingconsensus.ntref" of length 2199866
# construct suffix tree for sequence of length 2199866
# (maximum input length is 2305843009213693948)
# process 21998 characters per dot
#....................................................................................................
# CONSTRUCTIONTIME /storage/group/LiberalArts/default/lsw132_collab/04_LabMembersFolders/AvaGabrys/Phylogenetics/mugsy_x86-64-v1r2.3/MUMmer3.20/mummer /storage/group/LiberalArts/default/lsw132_collab/04_LabMembersFolders/AvaGabrys/Phylogenetics/Mugsy/SspDD04/SanguinisOutgroupAdditionalReferences/CompetitiveMappingSequences/DD04CMTree.16818_Medieval_SpitalSquare_NRF88_DD04_competitivemappingconsensus.ntref 0.81
# reading input file "/storage/group/LiberalArts/default/lsw132_collab/04_LabMembersFolders/AvaGabrys/Phylogenetics/Mugsy/SspDD04/SanguinisOutgroupAdditionalReferences/CompetitiveMappingSequences/DD04CMTree.16818_Medieval_SpitalSquare_NRF88_DD04_competitivemappingconsensus.queries.fsa" of length 17598618
# matching query-file "/storage/group/LiberalArts/default/lsw132_collab/04_LabMembersFolders/AvaGabrys/Phylogenetics/Mugsy/SspDD04/SanguinisOutgroupAdditionalReferences/CompetitiveMappingSequences/DD04CMTree.16818_Medieval_SpitalSquare_NRF88_DD04_competitivemappingconsensus.queries.fsa"
# against subject-file "/storage/group/LiberalArts/default/lsw132_collab/04_LabMembersFolders/AvaGabrys/Phylogenetics/Mugsy/SspDD04/SanguinisOutgroupAdditionalReferences/CompetitiveMappingSequences/DD04CMTree.16818_Medieval_SpitalSquare_NRF88_DD04_competitivemappingconsensus.ntref"
# COMPLETETIME /storage/group/LiberalArts/default/lsw132_collab/04_LabMembersFolders/AvaGabrys/Phylogenetics/mugsy_x86-64-v1r2.3/MUMmer3.20/mummer /storage/group/LiberalArts/default/lsw132_collab/04_LabMembersFolders/AvaGabrys/Phylogenetics/Mugsy/SspDD04/SanguinisOutgroupAdditionalReferences/CompetitiveMappingSequences/DD04CMTree.16818_Medieval_SpitalSquare_NRF88_DD04_competitivemappingconsensus.ntref 14.26
# SPACE /storage/group/LiberalArts/default/lsw132_collab/04_LabMembersFolders/AvaGabrys/Phylogenetics/mugsy_x86-64-v1r2.3/MUMmer3.20/mummer /storage/group/LiberalArts/default/lsw132_collab/04_LabMembersFolders/AvaGabrys/Phylogenetics/Mugsy/SspDD04/SanguinisOutgroupAdditionalReferences/CompetitiveMappingSequences/DD04CMTree.16818_Medieval_SpitalSquare_NRF88_DD04_competitivemappingconsensus.ntref 19.24
4: FINISHING DATA
Tue Aug 27 21:56:25 EDT 2024
1: PREPARING DATA
2,3: RUNNING mummer AND CREATING CLUSTERS
# reading input file "/storage/group/LiberalArts/default/lsw132_collab/04_LabMembersFolders/AvaGabrys/Phylogenetics/Mugsy/SspDD04/SanguinisOutgroupAdditionalReferences/CompetitiveMappingSequences/DD04CMTree.StHelensOnWalls8875_DD04_competitivemappingconsensus.ntref" of length 2199818
# construct suffix tree for sequence of length 2199818
# (maximum input length is 2305843009213693948)
# process 21998 characters per dot
#....................................................................................................
# CONSTRUCTIONTIME /storage/group/LiberalArts/default/lsw132_collab/04_LabMembersFolders/AvaGabrys/Phylogenetics/mugsy_x86-64-v1r2.3/MUMmer3.20/mummer /storage/group/LiberalArts/default/lsw132_collab/04_LabMembersFolders/AvaGabrys/Phylogenetics/Mugsy/SspDD04/SanguinisOutgroupAdditionalReferences/CompetitiveMappingSequences/DD04CMTree.StHelensOnWalls8875_DD04_competitivemappingconsensus.ntref 0.86
# reading input file "/storage/group/LiberalArts/default/lsw132_collab/04_LabMembersFolders/AvaGabrys/Phylogenetics/Mugsy/SspDD04/SanguinisOutgroupAdditionalReferences/CompetitiveMappingSequences/DD04CMTree.StHelensOnWalls8875_DD04_competitivemappingconsensus.queries.fsa" of length 15398800
# matching query-file "/storage/group/LiberalArts/default/lsw132_collab/04_LabMembersFolders/AvaGabrys/Phylogenetics/Mugsy/SspDD04/SanguinisOutgroupAdditionalReferences/CompetitiveMappingSequences/DD04CMTree.StHelensOnWalls8875_DD04_competitivemappingconsensus.queries.fsa"
# against subject-file "/storage/group/LiberalArts/default/lsw132_collab/04_LabMembersFolders/AvaGabrys/Phylogenetics/Mugsy/SspDD04/SanguinisOutgroupAdditionalReferences/CompetitiveMappingSequences/DD04CMTree.StHelensOnWalls8875_DD04_competitivemappingconsensus.ntref"
# COMPLETETIME /storage/group/LiberalArts/default/lsw132_collab/04_LabMembersFolders/AvaGabrys/Phylogenetics/mugsy_x86-64-v1r2.3/MUMmer3.20/mummer /storage/group/LiberalArts/default/lsw132_collab/04_LabMembersFolders/AvaGabrys/Phylogenetics/Mugsy/SspDD04/SanguinisOutgroupAdditionalReferences/CompetitiveMappingSequences/DD04CMTree.StHelensOnWalls8875_DD04_competitivemappingconsensus.ntref 12.39
# SPACE /storage/group/LiberalArts/default/lsw132_collab/04_LabMembersFolders/AvaGabrys/Phylogenetics/mugsy_x86-64-v1r2.3/MUMmer3.20/mummer /storage/group/LiberalArts/default/lsw132_collab/04_LabMembersFolders/AvaGabrys/Phylogenetics/Mugsy/SspDD04/SanguinisOutgroupAdditionalReferences/CompetitiveMappingSequences/DD04CMTree.StHelensOnWalls8875_DD04_competitivemappingconsensus.ntref 17.10
4: FINISHING DATA
Tue Aug 27 21:56:49 EDT 2024
1: PREPARING DATA
2,3: RUNNING mummer AND CREATING CLUSTERS
# reading input file "/storage/group/LiberalArts/default/lsw132_collab/04_LabMembersFolders/AvaGabrys/Phylogenetics/Mugsy/SspDD04/SanguinisOutgroupAdditionalReferences/CompetitiveMappingSequences/DD04CMTree.16813_Medieval_SpitalSquare_NRF88_DD04_competitivemappingconsensus.ntref" of length 2199826
# construct suffix tree for sequence of length 2199826
# (maximum input length is 2305843009213693948)
# process 21998 characters per dot
#....................................................................................................
# CONSTRUCTIONTIME /storage/group/LiberalArts/default/lsw132_collab/04_LabMembersFolders/AvaGabrys/Phylogenetics/mugsy_x86-64-v1r2.3/MUMmer3.20/mummer /storage/group/LiberalArts/default/lsw132_collab/04_LabMembersFolders/AvaGabrys/Phylogenetics/Mugsy/SspDD04/SanguinisOutgroupAdditionalReferences/CompetitiveMappingSequences/DD04CMTree.16813_Medieval_SpitalSquare_NRF88_DD04_competitivemappingconsensus.ntref 0.85
# reading input file "/storage/group/LiberalArts/default/lsw132_collab/04_LabMembersFolders/AvaGabrys/Phylogenetics/Mugsy/SspDD04/SanguinisOutgroupAdditionalReferences/CompetitiveMappingSequences/DD04CMTree.16813_Medieval_SpitalSquare_NRF88_DD04_competitivemappingconsensus.queries.fsa" of length 13198974
# matching query-file "/storage/group/LiberalArts/default/lsw132_collab/04_LabMembersFolders/AvaGabrys/Phylogenetics/Mugsy/SspDD04/SanguinisOutgroupAdditionalReferences/CompetitiveMappingSequences/DD04CMTree.16813_Medieval_SpitalSquare_NRF88_DD04_competitivemappingconsensus.queries.fsa"
# against subject-file "/storage/group/LiberalArts/default/lsw132_collab/04_LabMembersFolders/AvaGabrys/Phylogenetics/Mugsy/SspDD04/SanguinisOutgroupAdditionalReferences/CompetitiveMappingSequences/DD04CMTree.16813_Medieval_SpitalSquare_NRF88_DD04_competitivemappingconsensus.ntref"
# COMPLETETIME /storage/group/LiberalArts/default/lsw132_collab/04_LabMembersFolders/AvaGabrys/Phylogenetics/mugsy_x86-64-v1r2.3/MUMmer3.20/mummer /storage/group/LiberalArts/default/lsw132_collab/04_LabMembersFolders/AvaGabrys/Phylogenetics/Mugsy/SspDD04/SanguinisOutgroupAdditionalReferences/CompetitiveMappingSequences/DD04CMTree.16813_Medieval_SpitalSquare_NRF88_DD04_competitivemappingconsensus.ntref 10.77
# SPACE /storage/group/LiberalArts/default/lsw132_collab/04_LabMembersFolders/AvaGabrys/Phylogenetics/mugsy_x86-64-v1r2.3/MUMmer3.20/mummer /storage/group/LiberalArts/default/lsw132_collab/04_LabMembersFolders/AvaGabrys/Phylogenetics/Mugsy/SspDD04/SanguinisOutgroupAdditionalReferences/CompetitiveMappingSequences/DD04CMTree.16813_Medieval_SpitalSquare_NRF88_DD04_competitivemappingconsensus.ntref 14.96
4: FINISHING DATA
Tue Aug 27 21:57:10 EDT 2024
1: PREPARING DATA
2,3: RUNNING mummer AND CREATING CLUSTERS
# reading input file "/storage/group/LiberalArts/default/lsw132_collab/04_LabMembersFolders/AvaGabrys/Phylogenetics/Mugsy/SspDD04/SanguinisOutgroupAdditionalReferences/CompetitiveMappingSequences/DD04CMTree.16839_Medieval_MertonPriory_MPY86_DD04_competitivemappingconsensus.ntref" of length 2199849
# construct suffix tree for sequence of length 2199849
# (maximum input length is 2305843009213693948)
# process 21998 characters per dot
#....................................................................................................
# CONSTRUCTIONTIME /storage/group/LiberalArts/default/lsw132_collab/04_LabMembersFolders/AvaGabrys/Phylogenetics/mugsy_x86-64-v1r2.3/MUMmer3.20/mummer /storage/group/LiberalArts/default/lsw132_collab/04_LabMembersFolders/AvaGabrys/Phylogenetics/Mugsy/SspDD04/SanguinisOutgroupAdditionalReferences/CompetitiveMappingSequences/DD04CMTree.16839_Medieval_MertonPriory_MPY86_DD04_competitivemappingconsensus.ntref 0.84
# reading input file "/storage/group/LiberalArts/default/lsw132_collab/04_LabMembersFolders/AvaGabrys/Phylogenetics/Mugsy/SspDD04/SanguinisOutgroupAdditionalReferences/CompetitiveMappingSequences/DD04CMTree.16839_Medieval_MertonPriory_MPY86_DD04_competitivemappingconsensus.queries.fsa" of length 10999125
# matching query-file "/storage/group/LiberalArts/default/lsw132_collab/04_LabMembersFolders/AvaGabrys/Phylogenetics/Mugsy/SspDD04/SanguinisOutgroupAdditionalReferences/CompetitiveMappingSequences/DD04CMTree.16839_Medieval_MertonPriory_MPY86_DD04_competitivemappingconsensus.queries.fsa"
# against subject-file "/storage/group/LiberalArts/default/lsw132_collab/04_LabMembersFolders/AvaGabrys/Phylogenetics/Mugsy/SspDD04/SanguinisOutgroupAdditionalReferences/CompetitiveMappingSequences/DD04CMTree.16839_Medieval_MertonPriory_MPY86_DD04_competitivemappingconsensus.ntref"
# COMPLETETIME /storage/group/LiberalArts/default/lsw132_collab/04_LabMembersFolders/AvaGabrys/Phylogenetics/mugsy_x86-64-v1r2.3/MUMmer3.20/mummer /storage/group/LiberalArts/default/lsw132_collab/04_LabMembersFolders/AvaGabrys/Phylogenetics/Mugsy/SspDD04/SanguinisOutgroupAdditionalReferences/CompetitiveMappingSequences/DD04CMTree.16839_Medieval_MertonPriory_MPY86_DD04_competitivemappingconsensus.ntref 9.02
# SPACE /storage/group/LiberalArts/default/lsw132_collab/04_LabMembersFolders/AvaGabrys/Phylogenetics/mugsy_x86-64-v1r2.3/MUMmer3.20/mummer /storage/group/LiberalArts/default/lsw132_collab/04_LabMembersFolders/AvaGabrys/Phylogenetics/Mugsy/SspDD04/SanguinisOutgroupAdditionalReferences/CompetitiveMappingSequences/DD04CMTree.16839_Medieval_MertonPriory_MPY86_DD04_competitivemappingconsensus.ntref 12.82
4: FINISHING DATA
Tue Aug 27 21:57:27 EDT 2024
1: PREPARING DATA
2,3: RUNNING mummer AND CREATING CLUSTERS
# reading input file "/storage/group/LiberalArts/default/lsw132_collab/04_LabMembersFolders/AvaGabrys/Phylogenetics/Mugsy/SspDD04/SanguinisOutgroupAdditionalReferences/CompetitiveMappingSequences/DD04CMTree.Oakington16500_DD04_competitivemappingconsensus.ntref" of length 2199816
# construct suffix tree for sequence of length 2199816
# (maximum input length is 2305843009213693948)
# process 21998 characters per dot
#....................................................................................................
# CONSTRUCTIONTIME /storage/group/LiberalArts/default/lsw132_collab/04_LabMembersFolders/AvaGabrys/Phylogenetics/mugsy_x86-64-v1r2.3/MUMmer3.20/mummer /storage/group/LiberalArts/default/lsw132_collab/04_LabMembersFolders/AvaGabrys/Phylogenetics/Mugsy/SspDD04/SanguinisOutgroupAdditionalReferences/CompetitiveMappingSequences/DD04CMTree.Oakington16500_DD04_competitivemappingconsensus.ntref 0.85
# reading input file "/storage/group/LiberalArts/default/lsw132_collab/04_LabMembersFolders/AvaGabrys/Phylogenetics/Mugsy/SspDD04/SanguinisOutgroupAdditionalReferences/CompetitiveMappingSequences/DD04CMTree.Oakington16500_DD04_competitivemappingconsensus.queries.fsa" of length 8799309
# matching query-file "/storage/group/LiberalArts/default/lsw132_collab/04_LabMembersFolders/AvaGabrys/Phylogenetics/Mugsy/SspDD04/SanguinisOutgroupAdditionalReferences/CompetitiveMappingSequences/DD04CMTree.Oakington16500_DD04_competitivemappingconsensus.queries.fsa"
# against subject-file "/storage/group/LiberalArts/default/lsw132_collab/04_LabMembersFolders/AvaGabrys/Phylogenetics/Mugsy/SspDD04/SanguinisOutgroupAdditionalReferences/CompetitiveMappingSequences/DD04CMTree.Oakington16500_DD04_competitivemappingconsensus.ntref"
# COMPLETETIME /storage/group/LiberalArts/default/lsw132_collab/04_LabMembersFolders/AvaGabrys/Phylogenetics/mugsy_x86-64-v1r2.3/MUMmer3.20/mummer /storage/group/LiberalArts/default/lsw132_collab/04_LabMembersFolders/AvaGabrys/Phylogenetics/Mugsy/SspDD04/SanguinisOutgroupAdditionalReferences/CompetitiveMappingSequences/DD04CMTree.Oakington16500_DD04_competitivemappingconsensus.ntref 7.50
# SPACE /storage/group/LiberalArts/default/lsw132_collab/04_LabMembersFolders/AvaGabrys/Phylogenetics/mugsy_x86-64-v1r2.3/MUMmer3.20/mummer /storage/group/LiberalArts/default/lsw132_collab/04_LabMembersFolders/AvaGabrys/Phylogenetics/Mugsy/SspDD04/SanguinisOutgroupAdditionalReferences/CompetitiveMappingSequences/DD04CMTree.Oakington16500_DD04_competitivemappingconsensus.ntref 10.68
4: FINISHING DATA
Tue Aug 27 21:57:42 EDT 2024
1: PREPARING DATA
2,3: RUNNING mummer AND CREATING CLUSTERS
# reading input file "/storage/group/LiberalArts/default/lsw132_collab/04_LabMembersFolders/AvaGabrys/Phylogenetics/Mugsy/SspDD04/SanguinisOutgroupAdditionalReferences/CompetitiveMappingSequences/DD04CMTree.BreedonOnTheHill12857_DD04_competitivemappingconsensus.ntref" of length 2199828
# construct suffix tree for sequence of length 2199828
# (maximum input length is 2305843009213693948)
# process 21998 characters per dot
#....................................................................................................
# CONSTRUCTIONTIME /storage/group/LiberalArts/default/lsw132_collab/04_LabMembersFolders/AvaGabrys/Phylogenetics/mugsy_x86-64-v1r2.3/MUMmer3.20/mummer /storage/group/LiberalArts/default/lsw132_collab/04_LabMembersFolders/AvaGabrys/Phylogenetics/Mugsy/SspDD04/SanguinisOutgroupAdditionalReferences/CompetitiveMappingSequences/DD04CMTree.BreedonOnTheHill12857_DD04_competitivemappingconsensus.ntref 0.88
# reading input file "/storage/group/LiberalArts/default/lsw132_collab/04_LabMembersFolders/AvaGabrys/Phylogenetics/Mugsy/SspDD04/SanguinisOutgroupAdditionalReferences/CompetitiveMappingSequences/DD04CMTree.BreedonOnTheHill12857_DD04_competitivemappingconsensus.queries.fsa" of length 6599481
# matching query-file "/storage/group/LiberalArts/default/lsw132_collab/04_LabMembersFolders/AvaGabrys/Phylogenetics/Mugsy/SspDD04/SanguinisOutgroupAdditionalReferences/CompetitiveMappingSequences/DD04CMTree.BreedonOnTheHill12857_DD04_competitivemappingconsensus.queries.fsa"
# against subject-file "/storage/group/LiberalArts/default/lsw132_collab/04_LabMembersFolders/AvaGabrys/Phylogenetics/Mugsy/SspDD04/SanguinisOutgroupAdditionalReferences/CompetitiveMappingSequences/DD04CMTree.BreedonOnTheHill12857_DD04_competitivemappingconsensus.ntref"
# COMPLETETIME /storage/group/LiberalArts/default/lsw132_collab/04_LabMembersFolders/AvaGabrys/Phylogenetics/mugsy_x86-64-v1r2.3/MUMmer3.20/mummer /storage/group/LiberalArts/default/lsw132_collab/04_LabMembersFolders/AvaGabrys/Phylogenetics/Mugsy/SspDD04/SanguinisOutgroupAdditionalReferences/CompetitiveMappingSequences/DD04CMTree.BreedonOnTheHill12857_DD04_competitivemappingconsensus.ntref 5.71
# SPACE /storage/group/LiberalArts/default/lsw132_collab/04_LabMembersFolders/AvaGabrys/Phylogenetics/mugsy_x86-64-v1r2.3/MUMmer3.20/mummer /storage/group/LiberalArts/default/lsw132_collab/04_LabMembersFolders/AvaGabrys/Phylogenetics/Mugsy/SspDD04/SanguinisOutgroupAdditionalReferences/CompetitiveMappingSequences/DD04CMTree.BreedonOnTheHill12857_DD04_competitivemappingconsensus.ntref 8.55
4: FINISHING DATA
Tue Aug 27 21:57:53 EDT 2024
1: PREPARING DATA
2,3: RUNNING mummer AND CREATING CLUSTERS
# reading input file "/storage/group/LiberalArts/default/lsw132_collab/04_LabMembersFolders/AvaGabrys/Phylogenetics/Mugsy/SspDD04/SanguinisOutgroupAdditionalReferences/CompetitiveMappingSequences/DD04CMTree.Yorkshire8895_DD04_competitivemappingconsensus.ntref" of length 2199838
# construct suffix tree for sequence of length 2199838
# (maximum input length is 2305843009213693948)
# process 21998 characters per dot
#....................................................................................................
# CONSTRUCTIONTIME /storage/group/LiberalArts/default/lsw132_collab/04_LabMembersFolders/AvaGabrys/Phylogenetics/mugsy_x86-64-v1r2.3/MUMmer3.20/mummer /storage/group/LiberalArts/default/lsw132_collab/04_LabMembersFolders/AvaGabrys/Phylogenetics/Mugsy/SspDD04/SanguinisOutgroupAdditionalReferences/CompetitiveMappingSequences/DD04CMTree.Yorkshire8895_DD04_competitivemappingconsensus.ntref 0.86
# reading input file "/storage/group/LiberalArts/default/lsw132_collab/04_LabMembersFolders/AvaGabrys/Phylogenetics/Mugsy/SspDD04/SanguinisOutgroupAdditionalReferences/CompetitiveMappingSequences/DD04CMTree.Yorkshire8895_DD04_competitivemappingconsensus.queries.fsa" of length 4399643
# matching query-file "/storage/group/LiberalArts/default/lsw132_collab/04_LabMembersFolders/AvaGabrys/Phylogenetics/Mugsy/SspDD04/SanguinisOutgroupAdditionalReferences/CompetitiveMappingSequences/DD04CMTree.Yorkshire8895_DD04_competitivemappingconsensus.queries.fsa"
# against subject-file "/storage/group/LiberalArts/default/lsw132_collab/04_LabMembersFolders/AvaGabrys/Phylogenetics/Mugsy/SspDD04/SanguinisOutgroupAdditionalReferences/CompetitiveMappingSequences/DD04CMTree.Yorkshire8895_DD04_competitivemappingconsensus.ntref"
# COMPLETETIME /storage/group/LiberalArts/default/lsw132_collab/04_LabMembersFolders/AvaGabrys/Phylogenetics/mugsy_x86-64-v1r2.3/MUMmer3.20/mummer /storage/group/LiberalArts/default/lsw132_collab/04_LabMembersFolders/AvaGabrys/Phylogenetics/Mugsy/SspDD04/SanguinisOutgroupAdditionalReferences/CompetitiveMappingSequences/DD04CMTree.Yorkshire8895_DD04_competitivemappingconsensus.ntref 3.98
# SPACE /storage/group/LiberalArts/default/lsw132_collab/04_LabMembersFolders/AvaGabrys/Phylogenetics/mugsy_x86-64-v1r2.3/MUMmer3.20/mummer /storage/group/LiberalArts/default/lsw132_collab/04_LabMembersFolders/AvaGabrys/Phylogenetics/Mugsy/SspDD04/SanguinisOutgroupAdditionalReferences/CompetitiveMappingSequences/DD04CMTree.Yorkshire8895_DD04_competitivemappingconsensus.ntref 6.41
4: FINISHING DATA
Tue Aug 27 21:58:01 EDT 2024
1: PREPARING DATA
2,3: RUNNING mummer AND CREATING CLUSTERS
# reading input file "/storage/group/LiberalArts/default/lsw132_collab/04_LabMembersFolders/AvaGabrys/Phylogenetics/Mugsy/SspDD04/SanguinisOutgroupAdditionalReferences/CompetitiveMappingSequences/DD04CMTree.16887_Medieval_MertonPriory_MPY86_DD04_competitivemappingconsensus.ntref" of length 2199824
# construct suffix tree for sequence of length 2199824
# (maximum input length is 2305843009213693948)
# process 21998 characters per dot
#....................................................................................................
# CONSTRUCTIONTIME /storage/group/LiberalArts/default/lsw132_collab/04_LabMembersFolders/AvaGabrys/Phylogenetics/mugsy_x86-64-v1r2.3/MUMmer3.20/mummer /storage/group/LiberalArts/default/lsw132_collab/04_LabMembersFolders/AvaGabrys/Phylogenetics/Mugsy/SspDD04/SanguinisOutgroupAdditionalReferences/CompetitiveMappingSequences/DD04CMTree.16887_Medieval_MertonPriory_MPY86_DD04_competitivemappingconsensus.ntref 0.81
# reading input file "/storage/group/LiberalArts/default/lsw132_collab/04_LabMembersFolders/AvaGabrys/Phylogenetics/Mugsy/SspDD04/SanguinisOutgroupAdditionalReferences/CompetitiveMappingSequences/DD04CMTree.16887_Medieval_MertonPriory_MPY86_DD04_competitivemappingconsensus.queries.fsa" of length 2199819
# matching query-file "/storage/group/LiberalArts/default/lsw132_collab/04_LabMembersFolders/AvaGabrys/Phylogenetics/Mugsy/SspDD04/SanguinisOutgroupAdditionalReferences/CompetitiveMappingSequences/DD04CMTree.16887_Medieval_MertonPriory_MPY86_DD04_competitivemappingconsensus.queries.fsa"
# against subject-file "/storage/group/LiberalArts/default/lsw132_collab/04_LabMembersFolders/AvaGabrys/Phylogenetics/Mugsy/SspDD04/SanguinisOutgroupAdditionalReferences/CompetitiveMappingSequences/DD04CMTree.16887_Medieval_MertonPriory_MPY86_DD04_competitivemappingconsensus.ntref"
# COMPLETETIME /storage/group/LiberalArts/default/lsw132_collab/04_LabMembersFolders/AvaGabrys/Phylogenetics/mugsy_x86-64-v1r2.3/MUMmer3.20/mummer /storage/group/LiberalArts/default/lsw132_collab/04_LabMembersFolders/AvaGabrys/Phylogenetics/Mugsy/SspDD04/SanguinisOutgroupAdditionalReferences/CompetitiveMappingSequences/DD04CMTree.16887_Medieval_MertonPriory_MPY86_DD04_competitivemappingconsensus.ntref 2.35
# SPACE /storage/group/LiberalArts/default/lsw132_collab/04_LabMembersFolders/AvaGabrys/Phylogenetics/mugsy_x86-64-v1r2.3/MUMmer3.20/mummer /storage/group/LiberalArts/default/lsw132_collab/04_LabMembersFolders/AvaGabrys/Phylogenetics/Mugsy/SspDD04/SanguinisOutgroupAdditionalReferences/CompetitiveMappingSequences/DD04CMTree.16887_Medieval_MertonPriory_MPY86_DD04_competitivemappingconsensus.ntref 4.27
4: FINISHING DATA
Tue Aug 27 21:58:05 EDT 2024
CMD:cat /storage/group/LiberalArts/default/lsw132_collab/04_LabMembersFolders/AvaGabrys/Phylogenetics/Mugsy/SspDD04/SanguinisOutgroupAdditionalReferences/CompetitiveMappingSequences//16955_Medieval_GuildhallYard_GYE92_DD04_competitivemappingconsensus | perl -ne 'if(/^\>([^\s\:]+)\:([^\s\:]+)/){if($1 ne $2){ print ">$1.$2 $1\n";} elsif(defined $1 && defined $2){print ">$1.$2\n";}else {print ">$1\n";}}else{die if(/\>/);print $_}' >> /storage/group/LiberalArts/default/lsw132_collab/04_LabMembersFolders/AvaGabrys/Phylogenetics/Mugsy/SspDD04/SanguinisOutgroupAdditionalReferences/CompetitiveMappingSequences/DD04CMTree.all.fsa
CMD:cat /storage/group/LiberalArts/default/lsw132_collab/04_LabMembersFolders/AvaGabrys/Phylogenetics/Mugsy/SspDD04/SanguinisOutgroupAdditionalReferences/CompetitiveMappingSequences//Oakington15810_DD04_competitivemappingconsensus | perl -ne 'if(/^\>([^\s\:]+)\:([^\s\:]+)/){if($1 ne $2){ print ">$1.$2 $1\n";} elsif(defined $1 && defined $2){print ">$1.$2\n";}else {print ">$1\n";}}else{die if(/\>/);print $_}' >> /storage/group/LiberalArts/default/lsw132_collab/04_LabMembersFolders/AvaGabrys/Phylogenetics/Mugsy/SspDD04/SanguinisOutgroupAdditionalReferences/CompetitiveMappingSequences/DD04CMTree.all.fsa
CMD:cat /storage/group/LiberalArts/default/lsw132_collab/04_LabMembersFolders/AvaGabrys/Phylogenetics/Mugsy/SspDD04/SanguinisOutgroupAdditionalReferences/CompetitiveMappingSequences//16830_Medieval_SpitalSquare | perl -ne 'if(/^\>([^\s\:]+)\:([^\s\:]+)/){if($1 ne $2){ print ">$1.$2 $1\n";} elsif(defined $1 && defined $2){print ">$1.$2\n";}else {print ">$1\n";}}else{die if(/\>/);print $_}' >> /storage/group/LiberalArts/default/lsw132_collab/04_LabMembersFolders/AvaGabrys/Phylogenetics/Mugsy/SspDD04/SanguinisOutgroupAdditionalReferences/CompetitiveMappingSequences/DD04CMTree.all.fsa
CMD:cat /storage/group/LiberalArts/default/lsw132_collab/04_LabMembersFolders/AvaGabrys/Phylogenetics/Mugsy/SspDD04/SanguinisOutgroupAdditionalReferences/CompetitiveMappingSequences//Yorkshire8892_DD04_competitivemappingconsensus | perl -ne 'if(/^\>([^\s\:]+)\:([^\s\:]+)/){if($1 ne $2){ print ">$1.$2 $1\n";} elsif(defined $1 && defined $2){print ">$1.$2\n";}else {print ">$1\n";}}else{die if(/\>/);print $_}' >> /storage/group/LiberalArts/default/lsw132_collab/04_LabMembersFolders/AvaGabrys/Phylogenetics/Mugsy/SspDD04/SanguinisOutgroupAdditionalReferences/CompetitiveMappingSequences/DD04CMTree.all.fsa
CMD:cat /storage/group/LiberalArts/default/lsw132_collab/04_LabMembersFolders/AvaGabrys/Phylogenetics/Mugsy/SspDD04/SanguinisOutgroupAdditionalReferences/CompetitiveMappingSequences//Hinxton16489_DD04_competitivemappingconsensus | perl -ne 'if(/^\>([^\s\:]+)\:([^\s\:]+)/){if($1 ne $2){ print ">$1.$2 $1\n";} elsif(defined $1 && defined $2){print ">$1.$2\n";}else {print ">$1\n";}}else{die if(/\>/);print $_}' >> /storage/group/LiberalArts/default/lsw132_collab/04_LabMembersFolders/AvaGabrys/Phylogenetics/Mugsy/SspDD04/SanguinisOutgroupAdditionalReferences/CompetitiveMappingSequences/DD04CMTree.all.fsa
CMD:cat /storage/group/LiberalArts/default/lsw132_collab/04_LabMembersFolders/AvaGabrys/Phylogenetics/Mugsy/SspDD04/SanguinisOutgroupAdditionalReferences/CompetitiveMappingSequences//Streptococcus_sp_DD04 | perl -ne 'if(/^\>([^\s\:]+)\:([^\s\:]+)/){if($1 ne $2){ print ">$1.$2 $1\n";} elsif(defined $1 && defined $2){print ">$1.$2\n";}else {print ">$1\n";}}else{die if(/\>/);print $_}' >> /storage/group/LiberalArts/default/lsw132_collab/04_LabMembersFolders/AvaGabrys/Phylogenetics/Mugsy/SspDD04/SanguinisOutgroupAdditionalReferences/CompetitiveMappingSequences/DD04CMTree.all.fsa
CMD:cat /storage/group/LiberalArts/default/lsw132_collab/04_LabMembersFolders/AvaGabrys/Phylogenetics/Mugsy/SspDD04/SanguinisOutgroupAdditionalReferences/CompetitiveMappingSequences//Streptococcus_sinensis_HKU4 | perl -ne 'if(/^\>([^\s\:]+)\:([^\s\:]+)/){if($1 ne $2){ print ">$1.$2 $1\n";} elsif(defined $1 && defined $2){print ">$1.$2\n";}else {print ">$1\n";}}else{die if(/\>/);print $_}' >> /storage/group/LiberalArts/default/lsw132_collab/04_LabMembersFolders/AvaGabrys/Phylogenetics/Mugsy/SspDD04/SanguinisOutgroupAdditionalReferences/CompetitiveMappingSequences/DD04CMTree.all.fsa
CMD:cat /storage/group/LiberalArts/default/lsw132_collab/04_LabMembersFolders/AvaGabrys/Phylogenetics/Mugsy/SspDD04/SanguinisOutgroupAdditionalReferences/CompetitiveMappingSequences//16818_Medieval_SpitalSquare_NRF88_DD04_competitivemappingconsensus | perl -ne 'if(/^\>([^\s\:]+)\:([^\s\:]+)/){if($1 ne $2){ print ">$1.$2 $1\n";} elsif(defined $1 && defined $2){print ">$1.$2\n";}else {print ">$1\n";}}else{die if(/\>/);print $_}' >> /storage/group/LiberalArts/default/lsw132_collab/04_LabMembersFolders/AvaGabrys/Phylogenetics/Mugsy/SspDD04/SanguinisOutgroupAdditionalReferences/CompetitiveMappingSequences/DD04CMTree.all.fsa
CMD:cat /storage/group/LiberalArts/default/lsw132_collab/04_LabMembersFolders/AvaGabrys/Phylogenetics/Mugsy/SspDD04/SanguinisOutgroupAdditionalReferences/CompetitiveMappingSequences//StHelensOnWalls8875_DD04_competitivemappingconsensus | perl -ne 'if(/^\>([^\s\:]+)\:([^\s\:]+)/){if($1 ne $2){ print ">$1.$2 $1\n";} elsif(defined $1 && defined $2){print ">$1.$2\n";}else {print ">$1\n";}}else{die if(/\>/);print $_}' >> /storage/group/LiberalArts/default/lsw132_collab/04_LabMembersFolders/AvaGabrys/Phylogenetics/Mugsy/SspDD04/SanguinisOutgroupAdditionalReferences/CompetitiveMappingSequences/DD04CMTree.all.fsa
CMD:cat /storage/group/LiberalArts/default/lsw132_collab/04_LabMembersFolders/AvaGabrys/Phylogenetics/Mugsy/SspDD04/SanguinisOutgroupAdditionalReferences/CompetitiveMappingSequences//16813_Medieval_SpitalSquare_NRF88_DD04_competitivemappingconsensus | perl -ne 'if(/^\>([^\s\:]+)\:([^\s\:]+)/){if($1 ne $2){ print ">$1.$2 $1\n";} elsif(defined $1 && defined $2){print ">$1.$2\n";}else {print ">$1\n";}}else{die if(/\>/);print $_}' >> /storage/group/LiberalArts/default/lsw132_collab/04_LabMembersFolders/AvaGabrys/Phylogenetics/Mugsy/SspDD04/SanguinisOutgroupAdditionalReferences/CompetitiveMappingSequences/DD04CMTree.all.fsa
CMD:cat /storage/group/LiberalArts/default/lsw132_collab/04_LabMembersFolders/AvaGabrys/Phylogenetics/Mugsy/SspDD04/SanguinisOutgroupAdditionalReferences/CompetitiveMappingSequences//16839_Medieval_MertonPriory_MPY86_DD04_competitivemappingconsensus | perl -ne 'if(/^\>([^\s\:]+)\:([^\s\:]+)/){if($1 ne $2){ print ">$1.$2 $1\n";} elsif(defined $1 && defined $2){print ">$1.$2\n";}else {print ">$1\n";}}else{die if(/\>/);print $_}' >> /storage/group/LiberalArts/default/lsw132_collab/04_LabMembersFolders/AvaGabrys/Phylogenetics/Mugsy/SspDD04/SanguinisOutgroupAdditionalReferences/CompetitiveMappingSequences/DD04CMTree.all.fsa
CMD:cat /storage/group/LiberalArts/default/lsw132_collab/04_LabMembersFolders/AvaGabrys/Phylogenetics/Mugsy/SspDD04/SanguinisOutgroupAdditionalReferences/CompetitiveMappingSequences//Oakington16500_DD04_competitivemappingconsensus | perl -ne 'if(/^\>([^\s\:]+)\:([^\s\:]+)/){if($1 ne $2){ print ">$1.$2 $1\n";} elsif(defined $1 && defined $2){print ">$1.$2\n";}else {print ">$1\n";}}else{die if(/\>/);print $_}' >> /storage/group/LiberalArts/default/lsw132_collab/04_LabMembersFolders/AvaGabrys/Phylogenetics/Mugsy/SspDD04/SanguinisOutgroupAdditionalReferences/CompetitiveMappingSequences/DD04CMTree.all.fsa
CMD:cat /storage/group/LiberalArts/default/lsw132_collab/04_LabMembersFolders/AvaGabrys/Phylogenetics/Mugsy/SspDD04/SanguinisOutgroupAdditionalReferences/CompetitiveMappingSequences//Streptococcus_sanguinis_SK36 | perl -ne 'if(/^\>([^\s\:]+)\:([^\s\:]+)/){if($1 ne $2){ print ">$1.$2 $1\n";} elsif(defined $1 && defined $2){print ">$1.$2\n";}else {print ">$1\n";}}else{die if(/\>/);print $_}' >> /storage/group/LiberalArts/default/lsw132_collab/04_LabMembersFolders/AvaGabrys/Phylogenetics/Mugsy/SspDD04/SanguinisOutgroupAdditionalReferences/CompetitiveMappingSequences/DD04CMTree.all.fsa
CMD:cat /storage/group/LiberalArts/default/lsw132_collab/04_LabMembersFolders/AvaGabrys/Phylogenetics/Mugsy/SspDD04/SanguinisOutgroupAdditionalReferences/CompetitiveMappingSequences//Streptococcus_sinensis_Forsyth1A | perl -ne 'if(/^\>([^\s\:]+)\:([^\s\:]+)/){if($1 ne $2){ print ">$1.$2 $1\n";} elsif(defined $1 && defined $2){print ">$1.$2\n";}else {print ">$1\n";}}else{die if(/\>/);print $_}' >> /storage/group/LiberalArts/default/lsw132_collab/04_LabMembersFolders/AvaGabrys/Phylogenetics/Mugsy/SspDD04/SanguinisOutgroupAdditionalReferences/CompetitiveMappingSequences/DD04CMTree.all.fsa
CMD:cat /storage/group/LiberalArts/default/lsw132_collab/04_LabMembersFolders/AvaGabrys/Phylogenetics/Mugsy/SspDD04/SanguinisOutgroupAdditionalReferences/CompetitiveMappingSequences//Streptococcus_cristatus_ATCC51100 | perl -ne 'if(/^\>([^\s\:]+)\:([^\s\:]+)/){if($1 ne $2){ print ">$1.$2 $1\n";} elsif(defined $1 && defined $2){print ">$1.$2\n";}else {print ">$1\n";}}else{die if(/\>/);print $_}' >> /storage/group/LiberalArts/default/lsw132_collab/04_LabMembersFolders/AvaGabrys/Phylogenetics/Mugsy/SspDD04/SanguinisOutgroupAdditionalReferences/CompetitiveMappingSequences/DD04CMTree.all.fsa
CMD:cat /storage/group/LiberalArts/default/lsw132_collab/04_LabMembersFolders/AvaGabrys/Phylogenetics/Mugsy/SspDD04/SanguinisOutgroupAdditionalReferences/CompetitiveMappingSequences//BreedonOnTheHill12857_DD04_competitivemappingconsensus | perl -ne 'if(/^\>([^\s\:]+)\:([^\s\:]+)/){if($1 ne $2){ print ">$1.$2 $1\n";} elsif(defined $1 && defined $2){print ">$1.$2\n";}else {print ">$1\n";}}else{die if(/\>/);print $_}' >> /storage/group/LiberalArts/default/lsw132_collab/04_LabMembersFolders/AvaGabrys/Phylogenetics/Mugsy/SspDD04/SanguinisOutgroupAdditionalReferences/CompetitiveMappingSequences/DD04CMTree.all.fsa
CMD:cat /storage/group/LiberalArts/default/lsw132_collab/04_LabMembersFolders/AvaGabrys/Phylogenetics/Mugsy/SspDD04/SanguinisOutgroupAdditionalReferences/CompetitiveMappingSequences//Yorkshire8895_DD04_competitivemappingconsensus | perl -ne 'if(/^\>([^\s\:]+)\:([^\s\:]+)/){if($1 ne $2){ print ">$1.$2 $1\n";} elsif(defined $1 && defined $2){print ">$1.$2\n";}else {print ">$1\n";}}else{die if(/\>/);print $_}' >> /storage/group/LiberalArts/default/lsw132_collab/04_LabMembersFolders/AvaGabrys/Phylogenetics/Mugsy/SspDD04/SanguinisOutgroupAdditionalReferences/CompetitiveMappingSequences/DD04CMTree.all.fsa
CMD:cat /storage/group/LiberalArts/default/lsw132_collab/04_LabMembersFolders/AvaGabrys/Phylogenetics/Mugsy/SspDD04/SanguinisOutgroupAdditionalReferences/CompetitiveMappingSequences//Streptococcus_sinensis_SSSC01 | perl -ne 'if(/^\>([^\s\:]+)\:([^\s\:]+)/){if($1 ne $2){ print ">$1.$2 $1\n";} elsif(defined $1 && defined $2){print ">$1.$2\n";}else {print ">$1\n";}}else{die if(/\>/);print $_}' >> /storage/group/LiberalArts/default/lsw132_collab/04_LabMembersFolders/AvaGabrys/Phylogenetics/Mugsy/SspDD04/SanguinisOutgroupAdditionalReferences/CompetitiveMappingSequences/DD04CMTree.all.fsa
CMD:cat /storage/group/LiberalArts/default/lsw132_collab/04_LabMembersFolders/AvaGabrys/Phylogenetics/Mugsy/SspDD04/SanguinisOutgroupAdditionalReferences/CompetitiveMappingSequences//Streptococcus_sinensis_MIN085 | perl -ne 'if(/^\>([^\s\:]+)\:([^\s\:]+)/){if($1 ne $2){ print ">$1.$2 $1\n";} elsif(defined $1 && defined $2){print ">$1.$2\n";}else {print ">$1\n";}}else{die if(/\>/);print $_}' >> /storage/group/LiberalArts/default/lsw132_collab/04_LabMembersFolders/AvaGabrys/Phylogenetics/Mugsy/SspDD04/SanguinisOutgroupAdditionalReferences/CompetitiveMappingSequences/DD04CMTree.all.fsa
CMD:cat /storage/group/LiberalArts/default/lsw132_collab/04_LabMembersFolders/AvaGabrys/Phylogenetics/Mugsy/SspDD04/SanguinisOutgroupAdditionalReferences/CompetitiveMappingSequences//16887_Medieval_MertonPriory_MPY86_DD04_competitivemappingconsensus | perl -ne 'if(/^\>([^\s\:]+)\:([^\s\:]+)/){if($1 ne $2){ print ">$1.$2 $1\n";} elsif(defined $1 && defined $2){print ">$1.$2\n";}else {print ">$1\n";}}else{die if(/\>/);print $_}' >> /storage/group/LiberalArts/default/lsw132_collab/04_LabMembersFolders/AvaGabrys/Phylogenetics/Mugsy/SspDD04/SanguinisOutgroupAdditionalReferences/CompetitiveMappingSequences/DD04CMTree.all.fsa
CMD:cat /storage/group/LiberalArts/default/lsw132_collab/04_LabMembersFolders/AvaGabrys/Phylogenetics/Mugsy/SspDD04/SanguinisOutgroupAdditionalReferences/CompetitiveMappingSequences//Streptococcus_cristatus_NCTC13807 | perl -ne 'if(/^\>([^\s\:]+)\:([^\s\:]+)/){if($1 ne $2){ print ">$1.$2 $1\n";} elsif(defined $1 && defined $2){print ">$1.$2\n";}else {print ">$1\n";}}else{die if(/\>/);print $_}' >> /storage/group/LiberalArts/default/lsw132_collab/04_LabMembersFolders/AvaGabrys/Phylogenetics/Mugsy/SspDD04/SanguinisOutgroupAdditionalReferences/CompetitiveMappingSequences/DD04CMTree.all.fsa
CMD:cat /storage/group/LiberalArts/default/lsw132_collab/04_LabMembersFolders/AvaGabrys/Phylogenetics/Mugsy/SspDD04/SanguinisOutgroupAdditionalReferences/CompetitiveMappingSequences//StBrides12867_DD04_competitivemappingconsensus | perl -ne 'if(/^\>([^\s\:]+)\:([^\s\:]+)/){if($1 ne $2){ print ">$1.$2 $1\n";} elsif(defined $1 && defined $2){print ">$1.$2\n";}else {print ">$1\n";}}else{die if(/\>/);print $_}' >> /storage/group/LiberalArts/default/lsw132_collab/04_LabMembersFolders/AvaGabrys/Phylogenetics/Mugsy/SspDD04/SanguinisOutgroupAdditionalReferences/CompetitiveMappingSequences/DD04CMTree.all.fsa
CMD:/storage/group/LiberalArts/default/lsw132_collab/04_LabMembersFolders/AvaGabrys/Phylogenetics/mugsy_x86-64-v1r2.3/mugsyWGA --outfile /storage/group/LiberalArts/default/lsw132_collab/04_LabMembersFolders/AvaGabrys/Phylogenetics/Mugsy/SspDD04/SanguinisOutgroupAdditionalReferences/CompetitiveMappingSequences/DD04CMTree --seq /storage/group/LiberalArts/default/lsw132_collab/04_LabMembersFolders/AvaGabrys/Phylogenetics/Mugsy/SspDD04/SanguinisOutgroupAdditionalReferences/CompetitiveMappingSequences/DD04CMTree.all.fsa --aln /storage/group/LiberalArts/default/lsw132_collab/04_LabMembersFolders/AvaGabrys/Phylogenetics/Mugsy/SspDD04/SanguinisOutgroupAdditionalReferences/CompetitiveMappingSequences/DD04CMTree.xmfa --distance 1000 --minlength 30  --unique true  > /storage/group/LiberalArts/default/lsw132_collab/04_LabMembersFolders/AvaGabrys/Phylogenetics/Mugsy/SspDD04/SanguinisOutgroupAdditionalReferences/CompetitiveMappingSequences/DD04CMTree.mugsywga.out 2> /storage/group/LiberalArts/default/lsw132_collab/04_LabMembersFolders/AvaGabrys/Phylogenetics/Mugsy/SspDD04/SanguinisOutgroupAdditionalReferences/CompetitiveMappingSequences/DD04CMTree.mugsywga.stderr
