Mon Sep 16 19:41:42 EDT 2024
1: PREPARING DATA
2,3: RUNNING mummer AND CREATING CLUSTERS
# reading input file "/storage/group/LiberalArts/default/lsw132_collab/04_LabMembersFolders/AvaGabrys/Phylogenetics/Mugsy/SspDD04/SanguinisOutgroupAdditionalReferences/SanguinisOutgroupAdditionalReferencesUnstrict/SanguinisOutgroupAdditionalReferencesUnstrict.Streptococcus_sanguinis_SK36.ntref" of length 2388436
# construct suffix tree for sequence of length 2388436
# (maximum input length is 2305843009213693948)
# process 23884 characters per dot
#....................................................................................................
# CONSTRUCTIONTIME /storage/group/LiberalArts/default/lsw132_collab/04_LabMembersFolders/AvaGabrys/Phylogenetics/mugsy_x86-64-v1r2.3/MUMmer3.20/mummer /storage/group/LiberalArts/default/lsw132_collab/04_LabMembersFolders/AvaGabrys/Phylogenetics/Mugsy/SspDD04/SanguinisOutgroupAdditionalReferences/SanguinisOutgroupAdditionalReferencesUnstrict/SanguinisOutgroupAdditionalReferencesUnstrict.Streptococcus_sanguinis_SK36.ntref 0.95
# reading input file "/storage/group/LiberalArts/default/lsw132_collab/04_LabMembersFolders/AvaGabrys/Phylogenetics/Mugsy/SspDD04/SanguinisOutgroupAdditionalReferences/SanguinisOutgroupAdditionalReferencesUnstrict/SanguinisOutgroupAdditionalReferencesUnstrict.Streptococcus_sanguinis_SK36.queries.fsa" of length 45696663
# matching query-file "/storage/group/LiberalArts/default/lsw132_collab/04_LabMembersFolders/AvaGabrys/Phylogenetics/Mugsy/SspDD04/SanguinisOutgroupAdditionalReferences/SanguinisOutgroupAdditionalReferencesUnstrict/SanguinisOutgroupAdditionalReferencesUnstrict.Streptococcus_sanguinis_SK36.queries.fsa"
# against subject-file "/storage/group/LiberalArts/default/lsw132_collab/04_LabMembersFolders/AvaGabrys/Phylogenetics/Mugsy/SspDD04/SanguinisOutgroupAdditionalReferences/SanguinisOutgroupAdditionalReferencesUnstrict/SanguinisOutgroupAdditionalReferencesUnstrict.Streptococcus_sanguinis_SK36.ntref"
# COMPLETETIME /storage/group/LiberalArts/default/lsw132_collab/04_LabMembersFolders/AvaGabrys/Phylogenetics/mugsy_x86-64-v1r2.3/MUMmer3.20/mummer /storage/group/LiberalArts/default/lsw132_collab/04_LabMembersFolders/AvaGabrys/Phylogenetics/Mugsy/SspDD04/SanguinisOutgroupAdditionalReferences/SanguinisOutgroupAdditionalReferencesUnstrict/SanguinisOutgroupAdditionalReferencesUnstrict.Streptococcus_sanguinis_SK36.ntref 38.40
# SPACE /storage/group/LiberalArts/default/lsw132_collab/04_LabMembersFolders/AvaGabrys/Phylogenetics/mugsy_x86-64-v1r2.3/MUMmer3.20/mummer /storage/group/LiberalArts/default/lsw132_collab/04_LabMembersFolders/AvaGabrys/Phylogenetics/Mugsy/SspDD04/SanguinisOutgroupAdditionalReferences/SanguinisOutgroupAdditionalReferencesUnstrict/SanguinisOutgroupAdditionalReferencesUnstrict.Streptococcus_sanguinis_SK36.ntref 46.65
4: FINISHING DATA
Mon Sep 16 19:44:00 EDT 2024
1: PREPARING DATA
2,3: RUNNING mummer AND CREATING CLUSTERS
# reading input file "/storage/group/LiberalArts/default/lsw132_collab/04_LabMembersFolders/AvaGabrys/Phylogenetics/Mugsy/SspDD04/SanguinisOutgroupAdditionalReferences/SanguinisOutgroupAdditionalReferencesUnstrict/SanguinisOutgroupAdditionalReferencesUnstrict.Streptococcus_cristatus_NCTC13807.ntref" of length 2176085
# construct suffix tree for sequence of length 2176085
# (maximum input length is 2305843009213693948)
# process 21760 characters per dot
#....................................................................................................
# CONSTRUCTIONTIME /storage/group/LiberalArts/default/lsw132_collab/04_LabMembersFolders/AvaGabrys/Phylogenetics/mugsy_x86-64-v1r2.3/MUMmer3.20/mummer /storage/group/LiberalArts/default/lsw132_collab/04_LabMembersFolders/AvaGabrys/Phylogenetics/Mugsy/SspDD04/SanguinisOutgroupAdditionalReferences/SanguinisOutgroupAdditionalReferencesUnstrict/SanguinisOutgroupAdditionalReferencesUnstrict.Streptococcus_cristatus_NCTC13807.ntref 0.84
# reading input file "/storage/group/LiberalArts/default/lsw132_collab/04_LabMembersFolders/AvaGabrys/Phylogenetics/Mugsy/SspDD04/SanguinisOutgroupAdditionalReferences/SanguinisOutgroupAdditionalReferencesUnstrict/SanguinisOutgroupAdditionalReferencesUnstrict.Streptococcus_cristatus_NCTC13807.queries.fsa" of length 43520578
# matching query-file "/storage/group/LiberalArts/default/lsw132_collab/04_LabMembersFolders/AvaGabrys/Phylogenetics/Mugsy/SspDD04/SanguinisOutgroupAdditionalReferences/SanguinisOutgroupAdditionalReferencesUnstrict/SanguinisOutgroupAdditionalReferencesUnstrict.Streptococcus_cristatus_NCTC13807.queries.fsa"
# against subject-file "/storage/group/LiberalArts/default/lsw132_collab/04_LabMembersFolders/AvaGabrys/Phylogenetics/Mugsy/SspDD04/SanguinisOutgroupAdditionalReferences/SanguinisOutgroupAdditionalReferencesUnstrict/SanguinisOutgroupAdditionalReferencesUnstrict.Streptococcus_cristatus_NCTC13807.ntref"
# COMPLETETIME /storage/group/LiberalArts/default/lsw132_collab/04_LabMembersFolders/AvaGabrys/Phylogenetics/mugsy_x86-64-v1r2.3/MUMmer3.20/mummer /storage/group/LiberalArts/default/lsw132_collab/04_LabMembersFolders/AvaGabrys/Phylogenetics/Mugsy/SspDD04/SanguinisOutgroupAdditionalReferences/SanguinisOutgroupAdditionalReferencesUnstrict/SanguinisOutgroupAdditionalReferencesUnstrict.Streptococcus_cristatus_NCTC13807.ntref 35.35
# SPACE /storage/group/LiberalArts/default/lsw132_collab/04_LabMembersFolders/AvaGabrys/Phylogenetics/mugsy_x86-64-v1r2.3/MUMmer3.20/mummer /storage/group/LiberalArts/default/lsw132_collab/04_LabMembersFolders/AvaGabrys/Phylogenetics/Mugsy/SspDD04/SanguinisOutgroupAdditionalReferences/SanguinisOutgroupAdditionalReferencesUnstrict/SanguinisOutgroupAdditionalReferencesUnstrict.Streptococcus_cristatus_NCTC13807.ntref 44.34
4: FINISHING DATA
Mon Sep 16 19:46:10 EDT 2024
1: PREPARING DATA
2,3: RUNNING mummer AND CREATING CLUSTERS
# reading input file "/storage/group/LiberalArts/default/lsw132_collab/04_LabMembersFolders/AvaGabrys/Phylogenetics/Mugsy/SspDD04/SanguinisOutgroupAdditionalReferences/SanguinisOutgroupAdditionalReferencesUnstrict/SanguinisOutgroupAdditionalReferencesUnstrict.Streptococcus_cristatus_ATCC51100.ntref" of length 2000352
# construct suffix tree for sequence of length 2000352
# (maximum input length is 2305843009213693948)
# process 20003 characters per dot
#....................................................................................................
# CONSTRUCTIONTIME /storage/group/LiberalArts/default/lsw132_collab/04_LabMembersFolders/AvaGabrys/Phylogenetics/mugsy_x86-64-v1r2.3/MUMmer3.20/mummer /storage/group/LiberalArts/default/lsw132_collab/04_LabMembersFolders/AvaGabrys/Phylogenetics/Mugsy/SspDD04/SanguinisOutgroupAdditionalReferences/SanguinisOutgroupAdditionalReferencesUnstrict/SanguinisOutgroupAdditionalReferencesUnstrict.Streptococcus_cristatus_ATCC51100.ntref 0.74
# reading input file "/storage/group/LiberalArts/default/lsw132_collab/04_LabMembersFolders/AvaGabrys/Phylogenetics/Mugsy/SspDD04/SanguinisOutgroupAdditionalReferences/SanguinisOutgroupAdditionalReferencesUnstrict/SanguinisOutgroupAdditionalReferencesUnstrict.Streptococcus_cristatus_ATCC51100.queries.fsa" of length 41520226
# matching query-file "/storage/group/LiberalArts/default/lsw132_collab/04_LabMembersFolders/AvaGabrys/Phylogenetics/Mugsy/SspDD04/SanguinisOutgroupAdditionalReferences/SanguinisOutgroupAdditionalReferencesUnstrict/SanguinisOutgroupAdditionalReferencesUnstrict.Streptococcus_cristatus_ATCC51100.queries.fsa"
# against subject-file "/storage/group/LiberalArts/default/lsw132_collab/04_LabMembersFolders/AvaGabrys/Phylogenetics/Mugsy/SspDD04/SanguinisOutgroupAdditionalReferences/SanguinisOutgroupAdditionalReferencesUnstrict/SanguinisOutgroupAdditionalReferencesUnstrict.Streptococcus_cristatus_ATCC51100.ntref"
# COMPLETETIME /storage/group/LiberalArts/default/lsw132_collab/04_LabMembersFolders/AvaGabrys/Phylogenetics/mugsy_x86-64-v1r2.3/MUMmer3.20/mummer /storage/group/LiberalArts/default/lsw132_collab/04_LabMembersFolders/AvaGabrys/Phylogenetics/Mugsy/SspDD04/SanguinisOutgroupAdditionalReferences/SanguinisOutgroupAdditionalReferencesUnstrict/SanguinisOutgroupAdditionalReferencesUnstrict.Streptococcus_cristatus_ATCC51100.ntref 32.00
# SPACE /storage/group/LiberalArts/default/lsw132_collab/04_LabMembersFolders/AvaGabrys/Phylogenetics/mugsy_x86-64-v1r2.3/MUMmer3.20/mummer /storage/group/LiberalArts/default/lsw132_collab/04_LabMembersFolders/AvaGabrys/Phylogenetics/Mugsy/SspDD04/SanguinisOutgroupAdditionalReferences/SanguinisOutgroupAdditionalReferencesUnstrict/SanguinisOutgroupAdditionalReferencesUnstrict.Streptococcus_cristatus_ATCC51100.ntref 42.24
4: FINISHING DATA
Mon Sep 16 19:48:09 EDT 2024
1: PREPARING DATA
2,3: RUNNING mummer AND CREATING CLUSTERS
# reading input file "/storage/group/LiberalArts/default/lsw132_collab/04_LabMembersFolders/AvaGabrys/Phylogenetics/Mugsy/SspDD04/SanguinisOutgroupAdditionalReferences/SanguinisOutgroupAdditionalReferencesUnstrict/SanguinisOutgroupAdditionalReferencesUnstrict.Streptococcus_sinensis_SSSC01.ntref" of length 2134216
# construct suffix tree for sequence of length 2134216
# (maximum input length is 2305843009213693948)
# process 21342 characters per dot
#....................................................................................................
# CONSTRUCTIONTIME /storage/group/LiberalArts/default/lsw132_collab/04_LabMembersFolders/AvaGabrys/Phylogenetics/mugsy_x86-64-v1r2.3/MUMmer3.20/mummer /storage/group/LiberalArts/default/lsw132_collab/04_LabMembersFolders/AvaGabrys/Phylogenetics/Mugsy/SspDD04/SanguinisOutgroupAdditionalReferences/SanguinisOutgroupAdditionalReferencesUnstrict/SanguinisOutgroupAdditionalReferencesUnstrict.Streptococcus_sinensis_SSSC01.ntref 0.84
# reading input file "/storage/group/LiberalArts/default/lsw132_collab/04_LabMembersFolders/AvaGabrys/Phylogenetics/Mugsy/SspDD04/SanguinisOutgroupAdditionalReferences/SanguinisOutgroupAdditionalReferencesUnstrict/SanguinisOutgroupAdditionalReferencesUnstrict.Streptococcus_sinensis_SSSC01.queries.fsa" of length 39386010
# matching query-file "/storage/group/LiberalArts/default/lsw132_collab/04_LabMembersFolders/AvaGabrys/Phylogenetics/Mugsy/SspDD04/SanguinisOutgroupAdditionalReferences/SanguinisOutgroupAdditionalReferencesUnstrict/SanguinisOutgroupAdditionalReferencesUnstrict.Streptococcus_sinensis_SSSC01.queries.fsa"
# against subject-file "/storage/group/LiberalArts/default/lsw132_collab/04_LabMembersFolders/AvaGabrys/Phylogenetics/Mugsy/SspDD04/SanguinisOutgroupAdditionalReferences/SanguinisOutgroupAdditionalReferencesUnstrict/SanguinisOutgroupAdditionalReferencesUnstrict.Streptococcus_sinensis_SSSC01.ntref"
# COMPLETETIME /storage/group/LiberalArts/default/lsw132_collab/04_LabMembersFolders/AvaGabrys/Phylogenetics/mugsy_x86-64-v1r2.3/MUMmer3.20/mummer /storage/group/LiberalArts/default/lsw132_collab/04_LabMembersFolders/AvaGabrys/Phylogenetics/Mugsy/SspDD04/SanguinisOutgroupAdditionalReferences/SanguinisOutgroupAdditionalReferencesUnstrict/SanguinisOutgroupAdditionalReferencesUnstrict.Streptococcus_sinensis_SSSC01.ntref 30.50
# SPACE /storage/group/LiberalArts/default/lsw132_collab/04_LabMembersFolders/AvaGabrys/Phylogenetics/mugsy_x86-64-v1r2.3/MUMmer3.20/mummer /storage/group/LiberalArts/default/lsw132_collab/04_LabMembersFolders/AvaGabrys/Phylogenetics/Mugsy/SspDD04/SanguinisOutgroupAdditionalReferences/SanguinisOutgroupAdditionalReferencesUnstrict/SanguinisOutgroupAdditionalReferencesUnstrict.Streptococcus_sinensis_SSSC01.ntref 40.30
4: FINISHING DATA
Mon Sep 16 19:49:28 EDT 2024
1: PREPARING DATA
2,3: RUNNING mummer AND CREATING CLUSTERS
# reading input file "/storage/group/LiberalArts/default/lsw132_collab/04_LabMembersFolders/AvaGabrys/Phylogenetics/Mugsy/SspDD04/SanguinisOutgroupAdditionalReferences/SanguinisOutgroupAdditionalReferencesUnstrict/SanguinisOutgroupAdditionalReferencesUnstrict.Streptococcus_sinensis_HKU4.ntref" of length 2061959
# construct suffix tree for sequence of length 2061959
# (maximum input length is 2305843009213693948)
# process 20619 characters per dot
#....................................................................................................
# CONSTRUCTIONTIME /storage/group/LiberalArts/default/lsw132_collab/04_LabMembersFolders/AvaGabrys/Phylogenetics/mugsy_x86-64-v1r2.3/MUMmer3.20/mummer /storage/group/LiberalArts/default/lsw132_collab/04_LabMembersFolders/AvaGabrys/Phylogenetics/Mugsy/SspDD04/SanguinisOutgroupAdditionalReferences/SanguinisOutgroupAdditionalReferencesUnstrict/SanguinisOutgroupAdditionalReferencesUnstrict.Streptococcus_sinensis_HKU4.ntref 0.82
# reading input file "/storage/group/LiberalArts/default/lsw132_collab/04_LabMembersFolders/AvaGabrys/Phylogenetics/Mugsy/SspDD04/SanguinisOutgroupAdditionalReferences/SanguinisOutgroupAdditionalReferencesUnstrict/SanguinisOutgroupAdditionalReferencesUnstrict.Streptococcus_sinensis_HKU4.queries.fsa" of length 37324051
# matching query-file "/storage/group/LiberalArts/default/lsw132_collab/04_LabMembersFolders/AvaGabrys/Phylogenetics/Mugsy/SspDD04/SanguinisOutgroupAdditionalReferences/SanguinisOutgroupAdditionalReferencesUnstrict/SanguinisOutgroupAdditionalReferencesUnstrict.Streptococcus_sinensis_HKU4.queries.fsa"
# against subject-file "/storage/group/LiberalArts/default/lsw132_collab/04_LabMembersFolders/AvaGabrys/Phylogenetics/Mugsy/SspDD04/SanguinisOutgroupAdditionalReferences/SanguinisOutgroupAdditionalReferencesUnstrict/SanguinisOutgroupAdditionalReferencesUnstrict.Streptococcus_sinensis_HKU4.ntref"
# COMPLETETIME /storage/group/LiberalArts/default/lsw132_collab/04_LabMembersFolders/AvaGabrys/Phylogenetics/mugsy_x86-64-v1r2.3/MUMmer3.20/mummer /storage/group/LiberalArts/default/lsw132_collab/04_LabMembersFolders/AvaGabrys/Phylogenetics/Mugsy/SspDD04/SanguinisOutgroupAdditionalReferences/SanguinisOutgroupAdditionalReferencesUnstrict/SanguinisOutgroupAdditionalReferencesUnstrict.Streptococcus_sinensis_HKU4.ntref 28.01
# SPACE /storage/group/LiberalArts/default/lsw132_collab/04_LabMembersFolders/AvaGabrys/Phylogenetics/mugsy_x86-64-v1r2.3/MUMmer3.20/mummer /storage/group/LiberalArts/default/lsw132_collab/04_LabMembersFolders/AvaGabrys/Phylogenetics/Mugsy/SspDD04/SanguinisOutgroupAdditionalReferences/SanguinisOutgroupAdditionalReferencesUnstrict/SanguinisOutgroupAdditionalReferencesUnstrict.Streptococcus_sinensis_HKU4.ntref 38.24
4: FINISHING DATA
Mon Sep 16 19:50:43 EDT 2024
1: PREPARING DATA
2,3: RUNNING mummer AND CREATING CLUSTERS
# reading input file "/storage/group/LiberalArts/default/lsw132_collab/04_LabMembersFolders/AvaGabrys/Phylogenetics/Mugsy/SspDD04/SanguinisOutgroupAdditionalReferences/SanguinisOutgroupAdditionalReferencesUnstrict/SanguinisOutgroupAdditionalReferencesUnstrict.Streptococcus_sinensis_MIN085.ntref" of length 2206749
# construct suffix tree for sequence of length 2206749
# (maximum input length is 2305843009213693948)
# process 22067 characters per dot
#....................................................................................................
# CONSTRUCTIONTIME /storage/group/LiberalArts/default/lsw132_collab/04_LabMembersFolders/AvaGabrys/Phylogenetics/mugsy_x86-64-v1r2.3/MUMmer3.20/mummer /storage/group/LiberalArts/default/lsw132_collab/04_LabMembersFolders/AvaGabrys/Phylogenetics/Mugsy/SspDD04/SanguinisOutgroupAdditionalReferences/SanguinisOutgroupAdditionalReferencesUnstrict/SanguinisOutgroupAdditionalReferencesUnstrict.Streptococcus_sinensis_MIN085.ntref 0.85
# reading input file "/storage/group/LiberalArts/default/lsw132_collab/04_LabMembersFolders/AvaGabrys/Phylogenetics/Mugsy/SspDD04/SanguinisOutgroupAdditionalReferences/SanguinisOutgroupAdditionalReferencesUnstrict/SanguinisOutgroupAdditionalReferencesUnstrict.Streptococcus_sinensis_MIN085.queries.fsa" of length 35117302
# matching query-file "/storage/group/LiberalArts/default/lsw132_collab/04_LabMembersFolders/AvaGabrys/Phylogenetics/Mugsy/SspDD04/SanguinisOutgroupAdditionalReferences/SanguinisOutgroupAdditionalReferencesUnstrict/SanguinisOutgroupAdditionalReferencesUnstrict.Streptococcus_sinensis_MIN085.queries.fsa"
# against subject-file "/storage/group/LiberalArts/default/lsw132_collab/04_LabMembersFolders/AvaGabrys/Phylogenetics/Mugsy/SspDD04/SanguinisOutgroupAdditionalReferences/SanguinisOutgroupAdditionalReferencesUnstrict/SanguinisOutgroupAdditionalReferencesUnstrict.Streptococcus_sinensis_MIN085.ntref"
# COMPLETETIME /storage/group/LiberalArts/default/lsw132_collab/04_LabMembersFolders/AvaGabrys/Phylogenetics/mugsy_x86-64-v1r2.3/MUMmer3.20/mummer /storage/group/LiberalArts/default/lsw132_collab/04_LabMembersFolders/AvaGabrys/Phylogenetics/Mugsy/SspDD04/SanguinisOutgroupAdditionalReferences/SanguinisOutgroupAdditionalReferencesUnstrict/SanguinisOutgroupAdditionalReferencesUnstrict.Streptococcus_sinensis_MIN085.ntref 25.57
# SPACE /storage/group/LiberalArts/default/lsw132_collab/04_LabMembersFolders/AvaGabrys/Phylogenetics/mugsy_x86-64-v1r2.3/MUMmer3.20/mummer /storage/group/LiberalArts/default/lsw132_collab/04_LabMembersFolders/AvaGabrys/Phylogenetics/Mugsy/SspDD04/SanguinisOutgroupAdditionalReferences/SanguinisOutgroupAdditionalReferencesUnstrict/SanguinisOutgroupAdditionalReferencesUnstrict.Streptococcus_sinensis_MIN085.ntref 36.25
4: FINISHING DATA
Mon Sep 16 19:51:44 EDT 2024
1: PREPARING DATA
2,3: RUNNING mummer AND CREATING CLUSTERS
# reading input file "/storage/group/LiberalArts/default/lsw132_collab/04_LabMembersFolders/AvaGabrys/Phylogenetics/Mugsy/SspDD04/SanguinisOutgroupAdditionalReferences/SanguinisOutgroupAdditionalReferencesUnstrict/SanguinisOutgroupAdditionalReferencesUnstrict.Streptococcus_sinensis_Forsyth1A.ntref" of length 2119778
# construct suffix tree for sequence of length 2119778
# (maximum input length is 2305843009213693948)
# process 21197 characters per dot
#....................................................................................................
# CONSTRUCTIONTIME /storage/group/LiberalArts/default/lsw132_collab/04_LabMembersFolders/AvaGabrys/Phylogenetics/mugsy_x86-64-v1r2.3/MUMmer3.20/mummer /storage/group/LiberalArts/default/lsw132_collab/04_LabMembersFolders/AvaGabrys/Phylogenetics/Mugsy/SspDD04/SanguinisOutgroupAdditionalReferences/SanguinisOutgroupAdditionalReferencesUnstrict/SanguinisOutgroupAdditionalReferencesUnstrict.Streptococcus_sinensis_Forsyth1A.ntref 0.88
# reading input file "/storage/group/LiberalArts/default/lsw132_collab/04_LabMembersFolders/AvaGabrys/Phylogenetics/Mugsy/SspDD04/SanguinisOutgroupAdditionalReferences/SanguinisOutgroupAdditionalReferencesUnstrict/SanguinisOutgroupAdditionalReferencesUnstrict.Streptococcus_sinensis_Forsyth1A.queries.fsa" of length 32997524
# matching query-file "/storage/group/LiberalArts/default/lsw132_collab/04_LabMembersFolders/AvaGabrys/Phylogenetics/Mugsy/SspDD04/SanguinisOutgroupAdditionalReferences/SanguinisOutgroupAdditionalReferencesUnstrict/SanguinisOutgroupAdditionalReferencesUnstrict.Streptococcus_sinensis_Forsyth1A.queries.fsa"
# against subject-file "/storage/group/LiberalArts/default/lsw132_collab/04_LabMembersFolders/AvaGabrys/Phylogenetics/Mugsy/SspDD04/SanguinisOutgroupAdditionalReferences/SanguinisOutgroupAdditionalReferencesUnstrict/SanguinisOutgroupAdditionalReferencesUnstrict.Streptococcus_sinensis_Forsyth1A.ntref"
# COMPLETETIME /storage/group/LiberalArts/default/lsw132_collab/04_LabMembersFolders/AvaGabrys/Phylogenetics/mugsy_x86-64-v1r2.3/MUMmer3.20/mummer /storage/group/LiberalArts/default/lsw132_collab/04_LabMembersFolders/AvaGabrys/Phylogenetics/Mugsy/SspDD04/SanguinisOutgroupAdditionalReferences/SanguinisOutgroupAdditionalReferencesUnstrict/SanguinisOutgroupAdditionalReferencesUnstrict.Streptococcus_sinensis_Forsyth1A.ntref 24.49
# SPACE /storage/group/LiberalArts/default/lsw132_collab/04_LabMembersFolders/AvaGabrys/Phylogenetics/mugsy_x86-64-v1r2.3/MUMmer3.20/mummer /storage/group/LiberalArts/default/lsw132_collab/04_LabMembersFolders/AvaGabrys/Phylogenetics/Mugsy/SspDD04/SanguinisOutgroupAdditionalReferences/SanguinisOutgroupAdditionalReferencesUnstrict/SanguinisOutgroupAdditionalReferencesUnstrict.Streptococcus_sinensis_Forsyth1A.ntref 34.11
4: FINISHING DATA
Mon Sep 16 19:52:41 EDT 2024
1: PREPARING DATA
2,3: RUNNING mummer AND CREATING CLUSTERS
# reading input file "/storage/group/LiberalArts/default/lsw132_collab/04_LabMembersFolders/AvaGabrys/Phylogenetics/Mugsy/SspDD04/SanguinisOutgroupAdditionalReferences/SanguinisOutgroupAdditionalReferencesUnstrict/SanguinisOutgroupAdditionalReferencesUnstrict.Streptococcus_sp_DD04.ntref" of length 2199808
# construct suffix tree for sequence of length 2199808
# (maximum input length is 2305843009213693948)
# process 21998 characters per dot
#....................................................................................................
# CONSTRUCTIONTIME /storage/group/LiberalArts/default/lsw132_collab/04_LabMembersFolders/AvaGabrys/Phylogenetics/mugsy_x86-64-v1r2.3/MUMmer3.20/mummer /storage/group/LiberalArts/default/lsw132_collab/04_LabMembersFolders/AvaGabrys/Phylogenetics/Mugsy/SspDD04/SanguinisOutgroupAdditionalReferences/SanguinisOutgroupAdditionalReferencesUnstrict/SanguinisOutgroupAdditionalReferencesUnstrict.Streptococcus_sp_DD04.ntref 0.82
# reading input file "/storage/group/LiberalArts/default/lsw132_collab/04_LabMembersFolders/AvaGabrys/Phylogenetics/Mugsy/SspDD04/SanguinisOutgroupAdditionalReferences/SanguinisOutgroupAdditionalReferencesUnstrict/SanguinisOutgroupAdditionalReferencesUnstrict.Streptococcus_sp_DD04.queries.fsa" of length 30797716
# matching query-file "/storage/group/LiberalArts/default/lsw132_collab/04_LabMembersFolders/AvaGabrys/Phylogenetics/Mugsy/SspDD04/SanguinisOutgroupAdditionalReferences/SanguinisOutgroupAdditionalReferencesUnstrict/SanguinisOutgroupAdditionalReferencesUnstrict.Streptococcus_sp_DD04.queries.fsa"
# against subject-file "/storage/group/LiberalArts/default/lsw132_collab/04_LabMembersFolders/AvaGabrys/Phylogenetics/Mugsy/SspDD04/SanguinisOutgroupAdditionalReferences/SanguinisOutgroupAdditionalReferencesUnstrict/SanguinisOutgroupAdditionalReferencesUnstrict.Streptococcus_sp_DD04.ntref"
# COMPLETETIME /storage/group/LiberalArts/default/lsw132_collab/04_LabMembersFolders/AvaGabrys/Phylogenetics/mugsy_x86-64-v1r2.3/MUMmer3.20/mummer /storage/group/LiberalArts/default/lsw132_collab/04_LabMembersFolders/AvaGabrys/Phylogenetics/Mugsy/SspDD04/SanguinisOutgroupAdditionalReferences/SanguinisOutgroupAdditionalReferencesUnstrict/SanguinisOutgroupAdditionalReferencesUnstrict.Streptococcus_sp_DD04.ntref 21.02
# SPACE /storage/group/LiberalArts/default/lsw132_collab/04_LabMembersFolders/AvaGabrys/Phylogenetics/mugsy_x86-64-v1r2.3/MUMmer3.20/mummer /storage/group/LiberalArts/default/lsw132_collab/04_LabMembersFolders/AvaGabrys/Phylogenetics/Mugsy/SspDD04/SanguinisOutgroupAdditionalReferences/SanguinisOutgroupAdditionalReferencesUnstrict/SanguinisOutgroupAdditionalReferencesUnstrict.Streptococcus_sp_DD04.ntref 32.06
4: FINISHING DATA
Mon Sep 16 19:53:20 EDT 2024
1: PREPARING DATA
2,3: RUNNING mummer AND CREATING CLUSTERS
# reading input file "/storage/group/LiberalArts/default/lsw132_collab/04_LabMembersFolders/AvaGabrys/Phylogenetics/Mugsy/SspDD04/SanguinisOutgroupAdditionalReferences/SanguinisOutgroupAdditionalReferencesUnstrict/SanguinisOutgroupAdditionalReferencesUnstrict.Oakington15810_Streptococcus_spDD04_consensus.ntref" of length 2199825
# construct suffix tree for sequence of length 2199825
# (maximum input length is 2305843009213693948)
# process 21998 characters per dot
#....................................................................................................
# CONSTRUCTIONTIME /storage/group/LiberalArts/default/lsw132_collab/04_LabMembersFolders/AvaGabrys/Phylogenetics/mugsy_x86-64-v1r2.3/MUMmer3.20/mummer /storage/group/LiberalArts/default/lsw132_collab/04_LabMembersFolders/AvaGabrys/Phylogenetics/Mugsy/SspDD04/SanguinisOutgroupAdditionalReferences/SanguinisOutgroupAdditionalReferencesUnstrict/SanguinisOutgroupAdditionalReferencesUnstrict.Oakington15810_Streptococcus_spDD04_consensus.ntref 0.72
# reading input file "/storage/group/LiberalArts/default/lsw132_collab/04_LabMembersFolders/AvaGabrys/Phylogenetics/Mugsy/SspDD04/SanguinisOutgroupAdditionalReferences/SanguinisOutgroupAdditionalReferencesUnstrict/SanguinisOutgroupAdditionalReferencesUnstrict.Oakington15810_Streptococcus_spDD04_consensus.queries.fsa" of length 28597891
# matching query-file "/storage/group/LiberalArts/default/lsw132_collab/04_LabMembersFolders/AvaGabrys/Phylogenetics/Mugsy/SspDD04/SanguinisOutgroupAdditionalReferences/SanguinisOutgroupAdditionalReferencesUnstrict/SanguinisOutgroupAdditionalReferencesUnstrict.Oakington15810_Streptococcus_spDD04_consensus.queries.fsa"
# against subject-file "/storage/group/LiberalArts/default/lsw132_collab/04_LabMembersFolders/AvaGabrys/Phylogenetics/Mugsy/SspDD04/SanguinisOutgroupAdditionalReferences/SanguinisOutgroupAdditionalReferencesUnstrict/SanguinisOutgroupAdditionalReferencesUnstrict.Oakington15810_Streptococcus_spDD04_consensus.ntref"
# COMPLETETIME /storage/group/LiberalArts/default/lsw132_collab/04_LabMembersFolders/AvaGabrys/Phylogenetics/mugsy_x86-64-v1r2.3/MUMmer3.20/mummer /storage/group/LiberalArts/default/lsw132_collab/04_LabMembersFolders/AvaGabrys/Phylogenetics/Mugsy/SspDD04/SanguinisOutgroupAdditionalReferences/SanguinisOutgroupAdditionalReferencesUnstrict/SanguinisOutgroupAdditionalReferencesUnstrict.Oakington15810_Streptococcus_spDD04_consensus.ntref 19.56
# SPACE /storage/group/LiberalArts/default/lsw132_collab/04_LabMembersFolders/AvaGabrys/Phylogenetics/mugsy_x86-64-v1r2.3/MUMmer3.20/mummer /storage/group/LiberalArts/default/lsw132_collab/04_LabMembersFolders/AvaGabrys/Phylogenetics/Mugsy/SspDD04/SanguinisOutgroupAdditionalReferences/SanguinisOutgroupAdditionalReferencesUnstrict/SanguinisOutgroupAdditionalReferencesUnstrict.Oakington15810_Streptococcus_spDD04_consensus.ntref 29.92
4: FINISHING DATA
Mon Sep 16 19:54:00 EDT 2024
1: PREPARING DATA
2,3: RUNNING mummer AND CREATING CLUSTERS
# reading input file "/storage/group/LiberalArts/default/lsw132_collab/04_LabMembersFolders/AvaGabrys/Phylogenetics/Mugsy/SspDD04/SanguinisOutgroupAdditionalReferences/SanguinisOutgroupAdditionalReferencesUnstrict/SanguinisOutgroupAdditionalReferencesUnstrict.StBrides12867_Streptococcus_spDD04_consensus.ntref" of length 2199818
# construct suffix tree for sequence of length 2199818
# (maximum input length is 2305843009213693948)
# process 21998 characters per dot
#....................................................................................................
# CONSTRUCTIONTIME /storage/group/LiberalArts/default/lsw132_collab/04_LabMembersFolders/AvaGabrys/Phylogenetics/mugsy_x86-64-v1r2.3/MUMmer3.20/mummer /storage/group/LiberalArts/default/lsw132_collab/04_LabMembersFolders/AvaGabrys/Phylogenetics/Mugsy/SspDD04/SanguinisOutgroupAdditionalReferences/SanguinisOutgroupAdditionalReferencesUnstrict/SanguinisOutgroupAdditionalReferencesUnstrict.StBrides12867_Streptococcus_spDD04_consensus.ntref 0.69
# reading input file "/storage/group/LiberalArts/default/lsw132_collab/04_LabMembersFolders/AvaGabrys/Phylogenetics/Mugsy/SspDD04/SanguinisOutgroupAdditionalReferences/SanguinisOutgroupAdditionalReferencesUnstrict/SanguinisOutgroupAdditionalReferencesUnstrict.StBrides12867_Streptococcus_spDD04_consensus.queries.fsa" of length 26398073
# matching query-file "/storage/group/LiberalArts/default/lsw132_collab/04_LabMembersFolders/AvaGabrys/Phylogenetics/Mugsy/SspDD04/SanguinisOutgroupAdditionalReferences/SanguinisOutgroupAdditionalReferencesUnstrict/SanguinisOutgroupAdditionalReferencesUnstrict.StBrides12867_Streptococcus_spDD04_consensus.queries.fsa"
# against subject-file "/storage/group/LiberalArts/default/lsw132_collab/04_LabMembersFolders/AvaGabrys/Phylogenetics/Mugsy/SspDD04/SanguinisOutgroupAdditionalReferences/SanguinisOutgroupAdditionalReferencesUnstrict/SanguinisOutgroupAdditionalReferencesUnstrict.StBrides12867_Streptococcus_spDD04_consensus.ntref"
# COMPLETETIME /storage/group/LiberalArts/default/lsw132_collab/04_LabMembersFolders/AvaGabrys/Phylogenetics/mugsy_x86-64-v1r2.3/MUMmer3.20/mummer /storage/group/LiberalArts/default/lsw132_collab/04_LabMembersFolders/AvaGabrys/Phylogenetics/Mugsy/SspDD04/SanguinisOutgroupAdditionalReferences/SanguinisOutgroupAdditionalReferencesUnstrict/SanguinisOutgroupAdditionalReferencesUnstrict.StBrides12867_Streptococcus_spDD04_consensus.ntref 18.44
# SPACE /storage/group/LiberalArts/default/lsw132_collab/04_LabMembersFolders/AvaGabrys/Phylogenetics/mugsy_x86-64-v1r2.3/MUMmer3.20/mummer /storage/group/LiberalArts/default/lsw132_collab/04_LabMembersFolders/AvaGabrys/Phylogenetics/Mugsy/SspDD04/SanguinisOutgroupAdditionalReferences/SanguinisOutgroupAdditionalReferencesUnstrict/SanguinisOutgroupAdditionalReferencesUnstrict.StBrides12867_Streptococcus_spDD04_consensus.ntref 27.79
4: FINISHING DATA
Mon Sep 16 19:54:39 EDT 2024
1: PREPARING DATA
2,3: RUNNING mummer AND CREATING CLUSTERS
# reading input file "/storage/group/LiberalArts/default/lsw132_collab/04_LabMembersFolders/AvaGabrys/Phylogenetics/Mugsy/SspDD04/SanguinisOutgroupAdditionalReferences/SanguinisOutgroupAdditionalReferencesUnstrict/SanguinisOutgroupAdditionalReferencesUnstrict.16818_Medieval_SpitalSquare_NRF88_Streptococcus_spDD04_consensus.ntref" of length 2199889
# construct suffix tree for sequence of length 2199889
# (maximum input length is 2305843009213693948)
# process 21998 characters per dot
#....................................................................................................
# CONSTRUCTIONTIME /storage/group/LiberalArts/default/lsw132_collab/04_LabMembersFolders/AvaGabrys/Phylogenetics/mugsy_x86-64-v1r2.3/MUMmer3.20/mummer /storage/group/LiberalArts/default/lsw132_collab/04_LabMembersFolders/AvaGabrys/Phylogenetics/Mugsy/SspDD04/SanguinisOutgroupAdditionalReferences/SanguinisOutgroupAdditionalReferencesUnstrict/SanguinisOutgroupAdditionalReferencesUnstrict.16818_Medieval_SpitalSquare_NRF88_Streptococcus_spDD04_consensus.ntref 0.66
# reading input file "/storage/group/LiberalArts/default/lsw132_collab/04_LabMembersFolders/AvaGabrys/Phylogenetics/Mugsy/SspDD04/SanguinisOutgroupAdditionalReferences/SanguinisOutgroupAdditionalReferencesUnstrict/SanguinisOutgroupAdditionalReferencesUnstrict.16818_Medieval_SpitalSquare_NRF88_Streptococcus_spDD04_consensus.queries.fsa" of length 24198184
# matching query-file "/storage/group/LiberalArts/default/lsw132_collab/04_LabMembersFolders/AvaGabrys/Phylogenetics/Mugsy/SspDD04/SanguinisOutgroupAdditionalReferences/SanguinisOutgroupAdditionalReferencesUnstrict/SanguinisOutgroupAdditionalReferencesUnstrict.16818_Medieval_SpitalSquare_NRF88_Streptococcus_spDD04_consensus.queries.fsa"
# against subject-file "/storage/group/LiberalArts/default/lsw132_collab/04_LabMembersFolders/AvaGabrys/Phylogenetics/Mugsy/SspDD04/SanguinisOutgroupAdditionalReferences/SanguinisOutgroupAdditionalReferencesUnstrict/SanguinisOutgroupAdditionalReferencesUnstrict.16818_Medieval_SpitalSquare_NRF88_Streptococcus_spDD04_consensus.ntref"
# COMPLETETIME /storage/group/LiberalArts/default/lsw132_collab/04_LabMembersFolders/AvaGabrys/Phylogenetics/mugsy_x86-64-v1r2.3/MUMmer3.20/mummer /storage/group/LiberalArts/default/lsw132_collab/04_LabMembersFolders/AvaGabrys/Phylogenetics/Mugsy/SspDD04/SanguinisOutgroupAdditionalReferences/SanguinisOutgroupAdditionalReferencesUnstrict/SanguinisOutgroupAdditionalReferencesUnstrict.16818_Medieval_SpitalSquare_NRF88_Streptococcus_spDD04_consensus.ntref 17.00
# SPACE /storage/group/LiberalArts/default/lsw132_collab/04_LabMembersFolders/AvaGabrys/Phylogenetics/mugsy_x86-64-v1r2.3/MUMmer3.20/mummer /storage/group/LiberalArts/default/lsw132_collab/04_LabMembersFolders/AvaGabrys/Phylogenetics/Mugsy/SspDD04/SanguinisOutgroupAdditionalReferences/SanguinisOutgroupAdditionalReferencesUnstrict/SanguinisOutgroupAdditionalReferencesUnstrict.16818_Medieval_SpitalSquare_NRF88_Streptococcus_spDD04_consensus.ntref 25.65
4: FINISHING DATA
Mon Sep 16 19:55:15 EDT 2024
1: PREPARING DATA
2,3: RUNNING mummer AND CREATING CLUSTERS
# reading input file "/storage/group/LiberalArts/default/lsw132_collab/04_LabMembersFolders/AvaGabrys/Phylogenetics/Mugsy/SspDD04/SanguinisOutgroupAdditionalReferences/SanguinisOutgroupAdditionalReferencesUnstrict/SanguinisOutgroupAdditionalReferencesUnstrict.16839_Medieval_MertonPriory_MPY86_Streptococcus_spDD04_consensus.ntref" of length 2199850
# construct suffix tree for sequence of length 2199850
# (maximum input length is 2305843009213693948)
# process 21998 characters per dot
#....................................................................................................
# CONSTRUCTIONTIME /storage/group/LiberalArts/default/lsw132_collab/04_LabMembersFolders/AvaGabrys/Phylogenetics/mugsy_x86-64-v1r2.3/MUMmer3.20/mummer /storage/group/LiberalArts/default/lsw132_collab/04_LabMembersFolders/AvaGabrys/Phylogenetics/Mugsy/SspDD04/SanguinisOutgroupAdditionalReferences/SanguinisOutgroupAdditionalReferencesUnstrict/SanguinisOutgroupAdditionalReferencesUnstrict.16839_Medieval_MertonPriory_MPY86_Streptococcus_spDD04_consensus.ntref 0.66
# reading input file "/storage/group/LiberalArts/default/lsw132_collab/04_LabMembersFolders/AvaGabrys/Phylogenetics/Mugsy/SspDD04/SanguinisOutgroupAdditionalReferences/SanguinisOutgroupAdditionalReferencesUnstrict/SanguinisOutgroupAdditionalReferencesUnstrict.16839_Medieval_MertonPriory_MPY86_Streptococcus_spDD04_consensus.queries.fsa" of length 21998334
# matching query-file "/storage/group/LiberalArts/default/lsw132_collab/04_LabMembersFolders/AvaGabrys/Phylogenetics/Mugsy/SspDD04/SanguinisOutgroupAdditionalReferences/SanguinisOutgroupAdditionalReferencesUnstrict/SanguinisOutgroupAdditionalReferencesUnstrict.16839_Medieval_MertonPriory_MPY86_Streptococcus_spDD04_consensus.queries.fsa"
# against subject-file "/storage/group/LiberalArts/default/lsw132_collab/04_LabMembersFolders/AvaGabrys/Phylogenetics/Mugsy/SspDD04/SanguinisOutgroupAdditionalReferences/SanguinisOutgroupAdditionalReferencesUnstrict/SanguinisOutgroupAdditionalReferencesUnstrict.16839_Medieval_MertonPriory_MPY86_Streptococcus_spDD04_consensus.ntref"
# COMPLETETIME /storage/group/LiberalArts/default/lsw132_collab/04_LabMembersFolders/AvaGabrys/Phylogenetics/mugsy_x86-64-v1r2.3/MUMmer3.20/mummer /storage/group/LiberalArts/default/lsw132_collab/04_LabMembersFolders/AvaGabrys/Phylogenetics/Mugsy/SspDD04/SanguinisOutgroupAdditionalReferences/SanguinisOutgroupAdditionalReferencesUnstrict/SanguinisOutgroupAdditionalReferencesUnstrict.16839_Medieval_MertonPriory_MPY86_Streptococcus_spDD04_consensus.ntref 15.06
# SPACE /storage/group/LiberalArts/default/lsw132_collab/04_LabMembersFolders/AvaGabrys/Phylogenetics/mugsy_x86-64-v1r2.3/MUMmer3.20/mummer /storage/group/LiberalArts/default/lsw132_collab/04_LabMembersFolders/AvaGabrys/Phylogenetics/Mugsy/SspDD04/SanguinisOutgroupAdditionalReferences/SanguinisOutgroupAdditionalReferencesUnstrict/SanguinisOutgroupAdditionalReferencesUnstrict.16839_Medieval_MertonPriory_MPY86_Streptococcus_spDD04_consensus.ntref 23.51
4: FINISHING DATA
Mon Sep 16 19:55:43 EDT 2024
1: PREPARING DATA
2,3: RUNNING mummer AND CREATING CLUSTERS
# reading input file "/storage/group/LiberalArts/default/lsw132_collab/04_LabMembersFolders/AvaGabrys/Phylogenetics/Mugsy/SspDD04/SanguinisOutgroupAdditionalReferences/SanguinisOutgroupAdditionalReferencesUnstrict/SanguinisOutgroupAdditionalReferencesUnstrict.BreedonOnTheHill12857_Streptococcus_spDD04_consensus.ntref" of length 2199830
# construct suffix tree for sequence of length 2199830
# (maximum input length is 2305843009213693948)
# process 21998 characters per dot
#....................................................................................................
# CONSTRUCTIONTIME /storage/group/LiberalArts/default/lsw132_collab/04_LabMembersFolders/AvaGabrys/Phylogenetics/mugsy_x86-64-v1r2.3/MUMmer3.20/mummer /storage/group/LiberalArts/default/lsw132_collab/04_LabMembersFolders/AvaGabrys/Phylogenetics/Mugsy/SspDD04/SanguinisOutgroupAdditionalReferences/SanguinisOutgroupAdditionalReferencesUnstrict/SanguinisOutgroupAdditionalReferencesUnstrict.BreedonOnTheHill12857_Streptococcus_spDD04_consensus.ntref 0.78
# reading input file "/storage/group/LiberalArts/default/lsw132_collab/04_LabMembersFolders/AvaGabrys/Phylogenetics/Mugsy/SspDD04/SanguinisOutgroupAdditionalReferences/SanguinisOutgroupAdditionalReferencesUnstrict/SanguinisOutgroupAdditionalReferencesUnstrict.BreedonOnTheHill12857_Streptococcus_spDD04_consensus.queries.fsa" of length 19798504
# matching query-file "/storage/group/LiberalArts/default/lsw132_collab/04_LabMembersFolders/AvaGabrys/Phylogenetics/Mugsy/SspDD04/SanguinisOutgroupAdditionalReferences/SanguinisOutgroupAdditionalReferencesUnstrict/SanguinisOutgroupAdditionalReferencesUnstrict.BreedonOnTheHill12857_Streptococcus_spDD04_consensus.queries.fsa"
# against subject-file "/storage/group/LiberalArts/default/lsw132_collab/04_LabMembersFolders/AvaGabrys/Phylogenetics/Mugsy/SspDD04/SanguinisOutgroupAdditionalReferences/SanguinisOutgroupAdditionalReferencesUnstrict/SanguinisOutgroupAdditionalReferencesUnstrict.BreedonOnTheHill12857_Streptococcus_spDD04_consensus.ntref"
# COMPLETETIME /storage/group/LiberalArts/default/lsw132_collab/04_LabMembersFolders/AvaGabrys/Phylogenetics/mugsy_x86-64-v1r2.3/MUMmer3.20/mummer /storage/group/LiberalArts/default/lsw132_collab/04_LabMembersFolders/AvaGabrys/Phylogenetics/Mugsy/SspDD04/SanguinisOutgroupAdditionalReferences/SanguinisOutgroupAdditionalReferencesUnstrict/SanguinisOutgroupAdditionalReferencesUnstrict.BreedonOnTheHill12857_Streptococcus_spDD04_consensus.ntref 15.08
# SPACE /storage/group/LiberalArts/default/lsw132_collab/04_LabMembersFolders/AvaGabrys/Phylogenetics/mugsy_x86-64-v1r2.3/MUMmer3.20/mummer /storage/group/LiberalArts/default/lsw132_collab/04_LabMembersFolders/AvaGabrys/Phylogenetics/Mugsy/SspDD04/SanguinisOutgroupAdditionalReferences/SanguinisOutgroupAdditionalReferencesUnstrict/SanguinisOutgroupAdditionalReferencesUnstrict.BreedonOnTheHill12857_Streptococcus_spDD04_consensus.ntref 21.37
4: FINISHING DATA
Mon Sep 16 19:56:11 EDT 2024
1: PREPARING DATA
2,3: RUNNING mummer AND CREATING CLUSTERS
# reading input file "/storage/group/LiberalArts/default/lsw132_collab/04_LabMembersFolders/AvaGabrys/Phylogenetics/Mugsy/SspDD04/SanguinisOutgroupAdditionalReferences/SanguinisOutgroupAdditionalReferencesUnstrict/SanguinisOutgroupAdditionalReferencesUnstrict.16955_Medieval_GuildhallYard_GYE92_Streptococcus_spDD04_consensus.ntref" of length 2199846
# construct suffix tree for sequence of length 2199846
# (maximum input length is 2305843009213693948)
# process 21998 characters per dot
#....................................................................................................
# CONSTRUCTIONTIME /storage/group/LiberalArts/default/lsw132_collab/04_LabMembersFolders/AvaGabrys/Phylogenetics/mugsy_x86-64-v1r2.3/MUMmer3.20/mummer /storage/group/LiberalArts/default/lsw132_collab/04_LabMembersFolders/AvaGabrys/Phylogenetics/Mugsy/SspDD04/SanguinisOutgroupAdditionalReferences/SanguinisOutgroupAdditionalReferencesUnstrict/SanguinisOutgroupAdditionalReferencesUnstrict.16955_Medieval_GuildhallYard_GYE92_Streptococcus_spDD04_consensus.ntref 0.94
# reading input file "/storage/group/LiberalArts/default/lsw132_collab/04_LabMembersFolders/AvaGabrys/Phylogenetics/Mugsy/SspDD04/SanguinisOutgroupAdditionalReferences/SanguinisOutgroupAdditionalReferencesUnstrict/SanguinisOutgroupAdditionalReferencesUnstrict.16955_Medieval_GuildhallYard_GYE92_Streptococcus_spDD04_consensus.queries.fsa" of length 17598658
# matching query-file "/storage/group/LiberalArts/default/lsw132_collab/04_LabMembersFolders/AvaGabrys/Phylogenetics/Mugsy/SspDD04/SanguinisOutgroupAdditionalReferences/SanguinisOutgroupAdditionalReferencesUnstrict/SanguinisOutgroupAdditionalReferencesUnstrict.16955_Medieval_GuildhallYard_GYE92_Streptococcus_spDD04_consensus.queries.fsa"
# against subject-file "/storage/group/LiberalArts/default/lsw132_collab/04_LabMembersFolders/AvaGabrys/Phylogenetics/Mugsy/SspDD04/SanguinisOutgroupAdditionalReferences/SanguinisOutgroupAdditionalReferencesUnstrict/SanguinisOutgroupAdditionalReferencesUnstrict.16955_Medieval_GuildhallYard_GYE92_Streptococcus_spDD04_consensus.ntref"
# COMPLETETIME /storage/group/LiberalArts/default/lsw132_collab/04_LabMembersFolders/AvaGabrys/Phylogenetics/mugsy_x86-64-v1r2.3/MUMmer3.20/mummer /storage/group/LiberalArts/default/lsw132_collab/04_LabMembersFolders/AvaGabrys/Phylogenetics/Mugsy/SspDD04/SanguinisOutgroupAdditionalReferences/SanguinisOutgroupAdditionalReferencesUnstrict/SanguinisOutgroupAdditionalReferencesUnstrict.16955_Medieval_GuildhallYard_GYE92_Streptococcus_spDD04_consensus.ntref 16.71
# SPACE /storage/group/LiberalArts/default/lsw132_collab/04_LabMembersFolders/AvaGabrys/Phylogenetics/mugsy_x86-64-v1r2.3/MUMmer3.20/mummer /storage/group/LiberalArts/default/lsw132_collab/04_LabMembersFolders/AvaGabrys/Phylogenetics/Mugsy/SspDD04/SanguinisOutgroupAdditionalReferences/SanguinisOutgroupAdditionalReferencesUnstrict/SanguinisOutgroupAdditionalReferencesUnstrict.16955_Medieval_GuildhallYard_GYE92_Streptococcus_spDD04_consensus.ntref 19.23
4: FINISHING DATA
Mon Sep 16 19:56:40 EDT 2024
1: PREPARING DATA
2,3: RUNNING mummer AND CREATING CLUSTERS
# reading input file "/storage/group/LiberalArts/default/lsw132_collab/04_LabMembersFolders/AvaGabrys/Phylogenetics/Mugsy/SspDD04/SanguinisOutgroupAdditionalReferences/SanguinisOutgroupAdditionalReferencesUnstrict/SanguinisOutgroupAdditionalReferencesUnstrict.16813_Medieval_SpitalSquare_NRF88_Streptococcus_spDD04_consensus.ntref" of length 2199834
# construct suffix tree for sequence of length 2199834
# (maximum input length is 2305843009213693948)
# process 21998 characters per dot
#....................................................................................................
# CONSTRUCTIONTIME /storage/group/LiberalArts/default/lsw132_collab/04_LabMembersFolders/AvaGabrys/Phylogenetics/mugsy_x86-64-v1r2.3/MUMmer3.20/mummer /storage/group/LiberalArts/default/lsw132_collab/04_LabMembersFolders/AvaGabrys/Phylogenetics/Mugsy/SspDD04/SanguinisOutgroupAdditionalReferences/SanguinisOutgroupAdditionalReferencesUnstrict/SanguinisOutgroupAdditionalReferencesUnstrict.16813_Medieval_SpitalSquare_NRF88_Streptococcus_spDD04_consensus.ntref 0.69
# reading input file "/storage/group/LiberalArts/default/lsw132_collab/04_LabMembersFolders/AvaGabrys/Phylogenetics/Mugsy/SspDD04/SanguinisOutgroupAdditionalReferences/SanguinisOutgroupAdditionalReferencesUnstrict/SanguinisOutgroupAdditionalReferencesUnstrict.16813_Medieval_SpitalSquare_NRF88_Streptococcus_spDD04_consensus.queries.fsa" of length 15398824
# matching query-file "/storage/group/LiberalArts/default/lsw132_collab/04_LabMembersFolders/AvaGabrys/Phylogenetics/Mugsy/SspDD04/SanguinisOutgroupAdditionalReferences/SanguinisOutgroupAdditionalReferencesUnstrict/SanguinisOutgroupAdditionalReferencesUnstrict.16813_Medieval_SpitalSquare_NRF88_Streptococcus_spDD04_consensus.queries.fsa"
# against subject-file "/storage/group/LiberalArts/default/lsw132_collab/04_LabMembersFolders/AvaGabrys/Phylogenetics/Mugsy/SspDD04/SanguinisOutgroupAdditionalReferences/SanguinisOutgroupAdditionalReferencesUnstrict/SanguinisOutgroupAdditionalReferencesUnstrict.16813_Medieval_SpitalSquare_NRF88_Streptococcus_spDD04_consensus.ntref"
# COMPLETETIME /storage/group/LiberalArts/default/lsw132_collab/04_LabMembersFolders/AvaGabrys/Phylogenetics/mugsy_x86-64-v1r2.3/MUMmer3.20/mummer /storage/group/LiberalArts/default/lsw132_collab/04_LabMembersFolders/AvaGabrys/Phylogenetics/Mugsy/SspDD04/SanguinisOutgroupAdditionalReferences/SanguinisOutgroupAdditionalReferencesUnstrict/SanguinisOutgroupAdditionalReferencesUnstrict.16813_Medieval_SpitalSquare_NRF88_Streptococcus_spDD04_consensus.ntref 11.13
# SPACE /storage/group/LiberalArts/default/lsw132_collab/04_LabMembersFolders/AvaGabrys/Phylogenetics/mugsy_x86-64-v1r2.3/MUMmer3.20/mummer /storage/group/LiberalArts/default/lsw132_collab/04_LabMembersFolders/AvaGabrys/Phylogenetics/Mugsy/SspDD04/SanguinisOutgroupAdditionalReferences/SanguinisOutgroupAdditionalReferencesUnstrict/SanguinisOutgroupAdditionalReferencesUnstrict.16813_Medieval_SpitalSquare_NRF88_Streptococcus_spDD04_consensus.ntref 17.10
4: FINISHING DATA
Mon Sep 16 19:57:02 EDT 2024
1: PREPARING DATA
2,3: RUNNING mummer AND CREATING CLUSTERS
# reading input file "/storage/group/LiberalArts/default/lsw132_collab/04_LabMembersFolders/AvaGabrys/Phylogenetics/Mugsy/SspDD04/SanguinisOutgroupAdditionalReferences/SanguinisOutgroupAdditionalReferencesUnstrict/SanguinisOutgroupAdditionalReferencesUnstrict.StHelensOnWalls8875_Streptococcus_spDD04_consensus.ntref" of length 2199826
# construct suffix tree for sequence of length 2199826
# (maximum input length is 2305843009213693948)
# process 21998 characters per dot
#....................................................................................................
# CONSTRUCTIONTIME /storage/group/LiberalArts/default/lsw132_collab/04_LabMembersFolders/AvaGabrys/Phylogenetics/mugsy_x86-64-v1r2.3/MUMmer3.20/mummer /storage/group/LiberalArts/default/lsw132_collab/04_LabMembersFolders/AvaGabrys/Phylogenetics/Mugsy/SspDD04/SanguinisOutgroupAdditionalReferences/SanguinisOutgroupAdditionalReferencesUnstrict/SanguinisOutgroupAdditionalReferencesUnstrict.StHelensOnWalls8875_Streptococcus_spDD04_consensus.ntref 0.71
# reading input file "/storage/group/LiberalArts/default/lsw132_collab/04_LabMembersFolders/AvaGabrys/Phylogenetics/Mugsy/SspDD04/SanguinisOutgroupAdditionalReferences/SanguinisOutgroupAdditionalReferencesUnstrict/SanguinisOutgroupAdditionalReferencesUnstrict.StHelensOnWalls8875_Streptococcus_spDD04_consensus.queries.fsa" of length 13198998
# matching query-file "/storage/group/LiberalArts/default/lsw132_collab/04_LabMembersFolders/AvaGabrys/Phylogenetics/Mugsy/SspDD04/SanguinisOutgroupAdditionalReferences/SanguinisOutgroupAdditionalReferencesUnstrict/SanguinisOutgroupAdditionalReferencesUnstrict.StHelensOnWalls8875_Streptococcus_spDD04_consensus.queries.fsa"
# against subject-file "/storage/group/LiberalArts/default/lsw132_collab/04_LabMembersFolders/AvaGabrys/Phylogenetics/Mugsy/SspDD04/SanguinisOutgroupAdditionalReferences/SanguinisOutgroupAdditionalReferencesUnstrict/SanguinisOutgroupAdditionalReferencesUnstrict.StHelensOnWalls8875_Streptococcus_spDD04_consensus.ntref"
# COMPLETETIME /storage/group/LiberalArts/default/lsw132_collab/04_LabMembersFolders/AvaGabrys/Phylogenetics/mugsy_x86-64-v1r2.3/MUMmer3.20/mummer /storage/group/LiberalArts/default/lsw132_collab/04_LabMembersFolders/AvaGabrys/Phylogenetics/Mugsy/SspDD04/SanguinisOutgroupAdditionalReferences/SanguinisOutgroupAdditionalReferencesUnstrict/SanguinisOutgroupAdditionalReferencesUnstrict.StHelensOnWalls8875_Streptococcus_spDD04_consensus.ntref 11.12
# SPACE /storage/group/LiberalArts/default/lsw132_collab/04_LabMembersFolders/AvaGabrys/Phylogenetics/mugsy_x86-64-v1r2.3/MUMmer3.20/mummer /storage/group/LiberalArts/default/lsw132_collab/04_LabMembersFolders/AvaGabrys/Phylogenetics/Mugsy/SspDD04/SanguinisOutgroupAdditionalReferences/SanguinisOutgroupAdditionalReferencesUnstrict/SanguinisOutgroupAdditionalReferencesUnstrict.StHelensOnWalls8875_Streptococcus_spDD04_consensus.ntref 14.96
4: FINISHING DATA
Mon Sep 16 19:57:22 EDT 2024
1: PREPARING DATA
2,3: RUNNING mummer AND CREATING CLUSTERS
# reading input file "/storage/group/LiberalArts/default/lsw132_collab/04_LabMembersFolders/AvaGabrys/Phylogenetics/Mugsy/SspDD04/SanguinisOutgroupAdditionalReferences/SanguinisOutgroupAdditionalReferencesUnstrict/SanguinisOutgroupAdditionalReferencesUnstrict.Hinxton16489_Streptococcus_spDD04_consensus.ntref" of length 2199831
# construct suffix tree for sequence of length 2199831
# (maximum input length is 2305843009213693948)
# process 21998 characters per dot
#....................................................................................................
# CONSTRUCTIONTIME /storage/group/LiberalArts/default/lsw132_collab/04_LabMembersFolders/AvaGabrys/Phylogenetics/mugsy_x86-64-v1r2.3/MUMmer3.20/mummer /storage/group/LiberalArts/default/lsw132_collab/04_LabMembersFolders/AvaGabrys/Phylogenetics/Mugsy/SspDD04/SanguinisOutgroupAdditionalReferences/SanguinisOutgroupAdditionalReferencesUnstrict/SanguinisOutgroupAdditionalReferencesUnstrict.Hinxton16489_Streptococcus_spDD04_consensus.ntref 0.98
# reading input file "/storage/group/LiberalArts/default/lsw132_collab/04_LabMembersFolders/AvaGabrys/Phylogenetics/Mugsy/SspDD04/SanguinisOutgroupAdditionalReferences/SanguinisOutgroupAdditionalReferencesUnstrict/SanguinisOutgroupAdditionalReferencesUnstrict.Hinxton16489_Streptococcus_spDD04_consensus.queries.fsa" of length 10999167
# matching query-file "/storage/group/LiberalArts/default/lsw132_collab/04_LabMembersFolders/AvaGabrys/Phylogenetics/Mugsy/SspDD04/SanguinisOutgroupAdditionalReferences/SanguinisOutgroupAdditionalReferencesUnstrict/SanguinisOutgroupAdditionalReferencesUnstrict.Hinxton16489_Streptococcus_spDD04_consensus.queries.fsa"
# against subject-file "/storage/group/LiberalArts/default/lsw132_collab/04_LabMembersFolders/AvaGabrys/Phylogenetics/Mugsy/SspDD04/SanguinisOutgroupAdditionalReferences/SanguinisOutgroupAdditionalReferencesUnstrict/SanguinisOutgroupAdditionalReferencesUnstrict.Hinxton16489_Streptococcus_spDD04_consensus.ntref"
# COMPLETETIME /storage/group/LiberalArts/default/lsw132_collab/04_LabMembersFolders/AvaGabrys/Phylogenetics/mugsy_x86-64-v1r2.3/MUMmer3.20/mummer /storage/group/LiberalArts/default/lsw132_collab/04_LabMembersFolders/AvaGabrys/Phylogenetics/Mugsy/SspDD04/SanguinisOutgroupAdditionalReferences/SanguinisOutgroupAdditionalReferencesUnstrict/SanguinisOutgroupAdditionalReferencesUnstrict.Hinxton16489_Streptococcus_spDD04_consensus.ntref 10.40
# SPACE /storage/group/LiberalArts/default/lsw132_collab/04_LabMembersFolders/AvaGabrys/Phylogenetics/mugsy_x86-64-v1r2.3/MUMmer3.20/mummer /storage/group/LiberalArts/default/lsw132_collab/04_LabMembersFolders/AvaGabrys/Phylogenetics/Mugsy/SspDD04/SanguinisOutgroupAdditionalReferences/SanguinisOutgroupAdditionalReferencesUnstrict/SanguinisOutgroupAdditionalReferencesUnstrict.Hinxton16489_Streptococcus_spDD04_consensus.ntref 12.82
4: FINISHING DATA
Mon Sep 16 19:57:40 EDT 2024
1: PREPARING DATA
2,3: RUNNING mummer AND CREATING CLUSTERS
# reading input file "/storage/group/LiberalArts/default/lsw132_collab/04_LabMembersFolders/AvaGabrys/Phylogenetics/Mugsy/SspDD04/SanguinisOutgroupAdditionalReferences/SanguinisOutgroupAdditionalReferencesUnstrict/SanguinisOutgroupAdditionalReferencesUnstrict.Oakington16500_Streptococcus_spDD04_consensus.ntref" of length 2199814
# construct suffix tree for sequence of length 2199814
# (maximum input length is 2305843009213693948)
# process 21998 characters per dot
#....................................................................................................
# CONSTRUCTIONTIME /storage/group/LiberalArts/default/lsw132_collab/04_LabMembersFolders/AvaGabrys/Phylogenetics/mugsy_x86-64-v1r2.3/MUMmer3.20/mummer /storage/group/LiberalArts/default/lsw132_collab/04_LabMembersFolders/AvaGabrys/Phylogenetics/Mugsy/SspDD04/SanguinisOutgroupAdditionalReferences/SanguinisOutgroupAdditionalReferencesUnstrict/SanguinisOutgroupAdditionalReferencesUnstrict.Oakington16500_Streptococcus_spDD04_consensus.ntref 0.87
# reading input file "/storage/group/LiberalArts/default/lsw132_collab/04_LabMembersFolders/AvaGabrys/Phylogenetics/Mugsy/SspDD04/SanguinisOutgroupAdditionalReferences/SanguinisOutgroupAdditionalReferencesUnstrict/SanguinisOutgroupAdditionalReferencesUnstrict.Oakington16500_Streptococcus_spDD04_consensus.queries.fsa" of length 8799353
# matching query-file "/storage/group/LiberalArts/default/lsw132_collab/04_LabMembersFolders/AvaGabrys/Phylogenetics/Mugsy/SspDD04/SanguinisOutgroupAdditionalReferences/SanguinisOutgroupAdditionalReferencesUnstrict/SanguinisOutgroupAdditionalReferencesUnstrict.Oakington16500_Streptococcus_spDD04_consensus.queries.fsa"
# against subject-file "/storage/group/LiberalArts/default/lsw132_collab/04_LabMembersFolders/AvaGabrys/Phylogenetics/Mugsy/SspDD04/SanguinisOutgroupAdditionalReferences/SanguinisOutgroupAdditionalReferencesUnstrict/SanguinisOutgroupAdditionalReferencesUnstrict.Oakington16500_Streptococcus_spDD04_consensus.ntref"
# COMPLETETIME /storage/group/LiberalArts/default/lsw132_collab/04_LabMembersFolders/AvaGabrys/Phylogenetics/mugsy_x86-64-v1r2.3/MUMmer3.20/mummer /storage/group/LiberalArts/default/lsw132_collab/04_LabMembersFolders/AvaGabrys/Phylogenetics/Mugsy/SspDD04/SanguinisOutgroupAdditionalReferences/SanguinisOutgroupAdditionalReferencesUnstrict/SanguinisOutgroupAdditionalReferencesUnstrict.Oakington16500_Streptococcus_spDD04_consensus.ntref 8.00
# SPACE /storage/group/LiberalArts/default/lsw132_collab/04_LabMembersFolders/AvaGabrys/Phylogenetics/mugsy_x86-64-v1r2.3/MUMmer3.20/mummer /storage/group/LiberalArts/default/lsw132_collab/04_LabMembersFolders/AvaGabrys/Phylogenetics/Mugsy/SspDD04/SanguinisOutgroupAdditionalReferences/SanguinisOutgroupAdditionalReferencesUnstrict/SanguinisOutgroupAdditionalReferencesUnstrict.Oakington16500_Streptococcus_spDD04_consensus.ntref 10.68
4: FINISHING DATA
Mon Sep 16 19:57:54 EDT 2024
1: PREPARING DATA
2,3: RUNNING mummer AND CREATING CLUSTERS
# reading input file "/storage/group/LiberalArts/default/lsw132_collab/04_LabMembersFolders/AvaGabrys/Phylogenetics/Mugsy/SspDD04/SanguinisOutgroupAdditionalReferences/SanguinisOutgroupAdditionalReferencesUnstrict/SanguinisOutgroupAdditionalReferencesUnstrict.Yorkshire8895_Streptococcus_spDD04_consensus.ntref" of length 2199857
# construct suffix tree for sequence of length 2199857
# (maximum input length is 2305843009213693948)
# process 21998 characters per dot
#....................................................................................................
# CONSTRUCTIONTIME /storage/group/LiberalArts/default/lsw132_collab/04_LabMembersFolders/AvaGabrys/Phylogenetics/mugsy_x86-64-v1r2.3/MUMmer3.20/mummer /storage/group/LiberalArts/default/lsw132_collab/04_LabMembersFolders/AvaGabrys/Phylogenetics/Mugsy/SspDD04/SanguinisOutgroupAdditionalReferences/SanguinisOutgroupAdditionalReferencesUnstrict/SanguinisOutgroupAdditionalReferencesUnstrict.Yorkshire8895_Streptococcus_spDD04_consensus.ntref 0.82
# reading input file "/storage/group/LiberalArts/default/lsw132_collab/04_LabMembersFolders/AvaGabrys/Phylogenetics/Mugsy/SspDD04/SanguinisOutgroupAdditionalReferences/SanguinisOutgroupAdditionalReferencesUnstrict/SanguinisOutgroupAdditionalReferencesUnstrict.Yorkshire8895_Streptococcus_spDD04_consensus.queries.fsa" of length 6599496
# matching query-file "/storage/group/LiberalArts/default/lsw132_collab/04_LabMembersFolders/AvaGabrys/Phylogenetics/Mugsy/SspDD04/SanguinisOutgroupAdditionalReferences/SanguinisOutgroupAdditionalReferencesUnstrict/SanguinisOutgroupAdditionalReferencesUnstrict.Yorkshire8895_Streptococcus_spDD04_consensus.queries.fsa"
# against subject-file "/storage/group/LiberalArts/default/lsw132_collab/04_LabMembersFolders/AvaGabrys/Phylogenetics/Mugsy/SspDD04/SanguinisOutgroupAdditionalReferences/SanguinisOutgroupAdditionalReferencesUnstrict/SanguinisOutgroupAdditionalReferencesUnstrict.Yorkshire8895_Streptococcus_spDD04_consensus.ntref"
# COMPLETETIME /storage/group/LiberalArts/default/lsw132_collab/04_LabMembersFolders/AvaGabrys/Phylogenetics/mugsy_x86-64-v1r2.3/MUMmer3.20/mummer /storage/group/LiberalArts/default/lsw132_collab/04_LabMembersFolders/AvaGabrys/Phylogenetics/Mugsy/SspDD04/SanguinisOutgroupAdditionalReferences/SanguinisOutgroupAdditionalReferencesUnstrict/SanguinisOutgroupAdditionalReferencesUnstrict.Yorkshire8895_Streptococcus_spDD04_consensus.ntref 5.80
# SPACE /storage/group/LiberalArts/default/lsw132_collab/04_LabMembersFolders/AvaGabrys/Phylogenetics/mugsy_x86-64-v1r2.3/MUMmer3.20/mummer /storage/group/LiberalArts/default/lsw132_collab/04_LabMembersFolders/AvaGabrys/Phylogenetics/Mugsy/SspDD04/SanguinisOutgroupAdditionalReferences/SanguinisOutgroupAdditionalReferencesUnstrict/SanguinisOutgroupAdditionalReferencesUnstrict.Yorkshire8895_Streptococcus_spDD04_consensus.ntref 8.55
4: FINISHING DATA
Mon Sep 16 19:58:05 EDT 2024
1: PREPARING DATA
2,3: RUNNING mummer AND CREATING CLUSTERS
# reading input file "/storage/group/LiberalArts/default/lsw132_collab/04_LabMembersFolders/AvaGabrys/Phylogenetics/Mugsy/SspDD04/SanguinisOutgroupAdditionalReferences/SanguinisOutgroupAdditionalReferencesUnstrict/SanguinisOutgroupAdditionalReferencesUnstrict.16887_Medieval_MertonPriory_MPY86_Streptococcus_spDD04_consensus.ntref" of length 2199828
# construct suffix tree for sequence of length 2199828
# (maximum input length is 2305843009213693948)
# process 21998 characters per dot
#....................................................................................................
# CONSTRUCTIONTIME /storage/group/LiberalArts/default/lsw132_collab/04_LabMembersFolders/AvaGabrys/Phylogenetics/mugsy_x86-64-v1r2.3/MUMmer3.20/mummer /storage/group/LiberalArts/default/lsw132_collab/04_LabMembersFolders/AvaGabrys/Phylogenetics/Mugsy/SspDD04/SanguinisOutgroupAdditionalReferences/SanguinisOutgroupAdditionalReferencesUnstrict/SanguinisOutgroupAdditionalReferencesUnstrict.16887_Medieval_MertonPriory_MPY86_Streptococcus_spDD04_consensus.ntref 0.83
# reading input file "/storage/group/LiberalArts/default/lsw132_collab/04_LabMembersFolders/AvaGabrys/Phylogenetics/Mugsy/SspDD04/SanguinisOutgroupAdditionalReferences/SanguinisOutgroupAdditionalReferencesUnstrict/SanguinisOutgroupAdditionalReferencesUnstrict.16887_Medieval_MertonPriory_MPY86_Streptococcus_spDD04_consensus.queries.fsa" of length 4399668
# matching query-file "/storage/group/LiberalArts/default/lsw132_collab/04_LabMembersFolders/AvaGabrys/Phylogenetics/Mugsy/SspDD04/SanguinisOutgroupAdditionalReferences/SanguinisOutgroupAdditionalReferencesUnstrict/SanguinisOutgroupAdditionalReferencesUnstrict.16887_Medieval_MertonPriory_MPY86_Streptococcus_spDD04_consensus.queries.fsa"
# against subject-file "/storage/group/LiberalArts/default/lsw132_collab/04_LabMembersFolders/AvaGabrys/Phylogenetics/Mugsy/SspDD04/SanguinisOutgroupAdditionalReferences/SanguinisOutgroupAdditionalReferencesUnstrict/SanguinisOutgroupAdditionalReferencesUnstrict.16887_Medieval_MertonPriory_MPY86_Streptococcus_spDD04_consensus.ntref"
# COMPLETETIME /storage/group/LiberalArts/default/lsw132_collab/04_LabMembersFolders/AvaGabrys/Phylogenetics/mugsy_x86-64-v1r2.3/MUMmer3.20/mummer /storage/group/LiberalArts/default/lsw132_collab/04_LabMembersFolders/AvaGabrys/Phylogenetics/Mugsy/SspDD04/SanguinisOutgroupAdditionalReferences/SanguinisOutgroupAdditionalReferencesUnstrict/SanguinisOutgroupAdditionalReferencesUnstrict.16887_Medieval_MertonPriory_MPY86_Streptococcus_spDD04_consensus.ntref 4.30
# SPACE /storage/group/LiberalArts/default/lsw132_collab/04_LabMembersFolders/AvaGabrys/Phylogenetics/mugsy_x86-64-v1r2.3/MUMmer3.20/mummer /storage/group/LiberalArts/default/lsw132_collab/04_LabMembersFolders/AvaGabrys/Phylogenetics/Mugsy/SspDD04/SanguinisOutgroupAdditionalReferences/SanguinisOutgroupAdditionalReferencesUnstrict/SanguinisOutgroupAdditionalReferencesUnstrict.16887_Medieval_MertonPriory_MPY86_Streptococcus_spDD04_consensus.ntref 6.41
4: FINISHING DATA
Mon Sep 16 19:58:13 EDT 2024
1: PREPARING DATA
2,3: RUNNING mummer AND CREATING CLUSTERS
# reading input file "/storage/group/LiberalArts/default/lsw132_collab/04_LabMembersFolders/AvaGabrys/Phylogenetics/Mugsy/SspDD04/SanguinisOutgroupAdditionalReferences/SanguinisOutgroupAdditionalReferencesUnstrict/SanguinisOutgroupAdditionalReferencesUnstrict.Yorkshire8892_Streptococcus_spDD04_consensus.ntref" of length 2199832
# construct suffix tree for sequence of length 2199832
# (maximum input length is 2305843009213693948)
# process 21998 characters per dot
#....................................................................................................
# CONSTRUCTIONTIME /storage/group/LiberalArts/default/lsw132_collab/04_LabMembersFolders/AvaGabrys/Phylogenetics/mugsy_x86-64-v1r2.3/MUMmer3.20/mummer /storage/group/LiberalArts/default/lsw132_collab/04_LabMembersFolders/AvaGabrys/Phylogenetics/Mugsy/SspDD04/SanguinisOutgroupAdditionalReferences/SanguinisOutgroupAdditionalReferencesUnstrict/SanguinisOutgroupAdditionalReferencesUnstrict.Yorkshire8892_Streptococcus_spDD04_consensus.ntref 0.86
# reading input file "/storage/group/LiberalArts/default/lsw132_collab/04_LabMembersFolders/AvaGabrys/Phylogenetics/Mugsy/SspDD04/SanguinisOutgroupAdditionalReferences/SanguinisOutgroupAdditionalReferencesUnstrict/SanguinisOutgroupAdditionalReferencesUnstrict.Yorkshire8892_Streptococcus_spDD04_consensus.queries.fsa" of length 2199836
# matching query-file "/storage/group/LiberalArts/default/lsw132_collab/04_LabMembersFolders/AvaGabrys/Phylogenetics/Mugsy/SspDD04/SanguinisOutgroupAdditionalReferences/SanguinisOutgroupAdditionalReferencesUnstrict/SanguinisOutgroupAdditionalReferencesUnstrict.Yorkshire8892_Streptococcus_spDD04_consensus.queries.fsa"
# against subject-file "/storage/group/LiberalArts/default/lsw132_collab/04_LabMembersFolders/AvaGabrys/Phylogenetics/Mugsy/SspDD04/SanguinisOutgroupAdditionalReferences/SanguinisOutgroupAdditionalReferencesUnstrict/SanguinisOutgroupAdditionalReferencesUnstrict.Yorkshire8892_Streptococcus_spDD04_consensus.ntref"
# COMPLETETIME /storage/group/LiberalArts/default/lsw132_collab/04_LabMembersFolders/AvaGabrys/Phylogenetics/mugsy_x86-64-v1r2.3/MUMmer3.20/mummer /storage/group/LiberalArts/default/lsw132_collab/04_LabMembersFolders/AvaGabrys/Phylogenetics/Mugsy/SspDD04/SanguinisOutgroupAdditionalReferences/SanguinisOutgroupAdditionalReferencesUnstrict/SanguinisOutgroupAdditionalReferencesUnstrict.Yorkshire8892_Streptococcus_spDD04_consensus.ntref 2.68
# SPACE /storage/group/LiberalArts/default/lsw132_collab/04_LabMembersFolders/AvaGabrys/Phylogenetics/mugsy_x86-64-v1r2.3/MUMmer3.20/mummer /storage/group/LiberalArts/default/lsw132_collab/04_LabMembersFolders/AvaGabrys/Phylogenetics/Mugsy/SspDD04/SanguinisOutgroupAdditionalReferences/SanguinisOutgroupAdditionalReferencesUnstrict/SanguinisOutgroupAdditionalReferencesUnstrict.Yorkshire8892_Streptococcus_spDD04_consensus.ntref 4.27
4: FINISHING DATA
Mon Sep 16 19:58:18 EDT 2024
CMD:cat /storage/group/LiberalArts/default/lsw132_collab/04_LabMembersFolders/AvaGabrys/Phylogenetics/Mugsy/SspDD04/SanguinisOutgroupAdditionalReferences/SanguinisOutgroupAdditionalReferencesUnstrict//Streptococcus_sp_DD04 | perl -ne 'if(/^\>([^\s\:]+)\:([^\s\:]+)/){if($1 ne $2){ print ">$1.$2 $1\n";} elsif(defined $1 && defined $2){print ">$1.$2\n";}else {print ">$1\n";}}else{die if(/\>/);print $_}' >> /storage/group/LiberalArts/default/lsw132_collab/04_LabMembersFolders/AvaGabrys/Phylogenetics/Mugsy/SspDD04/SanguinisOutgroupAdditionalReferences/SanguinisOutgroupAdditionalReferencesUnstrict/SanguinisOutgroupAdditionalReferencesUnstrict.all.fsa
CMD:cat /storage/group/LiberalArts/default/lsw132_collab/04_LabMembersFolders/AvaGabrys/Phylogenetics/Mugsy/SspDD04/SanguinisOutgroupAdditionalReferences/SanguinisOutgroupAdditionalReferencesUnstrict//Oakington15810_Streptococcus_spDD04_consensus | perl -ne 'if(/^\>([^\s\:]+)\:([^\s\:]+)/){if($1 ne $2){ print ">$1.$2 $1\n";} elsif(defined $1 && defined $2){print ">$1.$2\n";}else {print ">$1\n";}}else{die if(/\>/);print $_}' >> /storage/group/LiberalArts/default/lsw132_collab/04_LabMembersFolders/AvaGabrys/Phylogenetics/Mugsy/SspDD04/SanguinisOutgroupAdditionalReferences/SanguinisOutgroupAdditionalReferencesUnstrict/SanguinisOutgroupAdditionalReferencesUnstrict.all.fsa
CMD:cat /storage/group/LiberalArts/default/lsw132_collab/04_LabMembersFolders/AvaGabrys/Phylogenetics/Mugsy/SspDD04/SanguinisOutgroupAdditionalReferences/SanguinisOutgroupAdditionalReferencesUnstrict//StBrides12867_Streptococcus_spDD04_consensus | perl -ne 'if(/^\>([^\s\:]+)\:([^\s\:]+)/){if($1 ne $2){ print ">$1.$2 $1\n";} elsif(defined $1 && defined $2){print ">$1.$2\n";}else {print ">$1\n";}}else{die if(/\>/);print $_}' >> /storage/group/LiberalArts/default/lsw132_collab/04_LabMembersFolders/AvaGabrys/Phylogenetics/Mugsy/SspDD04/SanguinisOutgroupAdditionalReferences/SanguinisOutgroupAdditionalReferencesUnstrict/SanguinisOutgroupAdditionalReferencesUnstrict.all.fsa
CMD:cat /storage/group/LiberalArts/default/lsw132_collab/04_LabMembersFolders/AvaGabrys/Phylogenetics/Mugsy/SspDD04/SanguinisOutgroupAdditionalReferences/SanguinisOutgroupAdditionalReferencesUnstrict//Streptococcus_sinensis_SSSC01 | perl -ne 'if(/^\>([^\s\:]+)\:([^\s\:]+)/){if($1 ne $2){ print ">$1.$2 $1\n";} elsif(defined $1 && defined $2){print ">$1.$2\n";}else {print ">$1\n";}}else{die if(/\>/);print $_}' >> /storage/group/LiberalArts/default/lsw132_collab/04_LabMembersFolders/AvaGabrys/Phylogenetics/Mugsy/SspDD04/SanguinisOutgroupAdditionalReferences/SanguinisOutgroupAdditionalReferencesUnstrict/SanguinisOutgroupAdditionalReferencesUnstrict.all.fsa
CMD:cat /storage/group/LiberalArts/default/lsw132_collab/04_LabMembersFolders/AvaGabrys/Phylogenetics/Mugsy/SspDD04/SanguinisOutgroupAdditionalReferences/SanguinisOutgroupAdditionalReferencesUnstrict//16818_Medieval_SpitalSquare_NRF88_Streptococcus_spDD04_consensus | perl -ne 'if(/^\>([^\s\:]+)\:([^\s\:]+)/){if($1 ne $2){ print ">$1.$2 $1\n";} elsif(defined $1 && defined $2){print ">$1.$2\n";}else {print ">$1\n";}}else{die if(/\>/);print $_}' >> /storage/group/LiberalArts/default/lsw132_collab/04_LabMembersFolders/AvaGabrys/Phylogenetics/Mugsy/SspDD04/SanguinisOutgroupAdditionalReferences/SanguinisOutgroupAdditionalReferencesUnstrict/SanguinisOutgroupAdditionalReferencesUnstrict.all.fsa
CMD:cat /storage/group/LiberalArts/default/lsw132_collab/04_LabMembersFolders/AvaGabrys/Phylogenetics/Mugsy/SspDD04/SanguinisOutgroupAdditionalReferences/SanguinisOutgroupAdditionalReferencesUnstrict//16839_Medieval_MertonPriory_MPY86_Streptococcus_spDD04_consensus | perl -ne 'if(/^\>([^\s\:]+)\:([^\s\:]+)/){if($1 ne $2){ print ">$1.$2 $1\n";} elsif(defined $1 && defined $2){print ">$1.$2\n";}else {print ">$1\n";}}else{die if(/\>/);print $_}' >> /storage/group/LiberalArts/default/lsw132_collab/04_LabMembersFolders/AvaGabrys/Phylogenetics/Mugsy/SspDD04/SanguinisOutgroupAdditionalReferences/SanguinisOutgroupAdditionalReferencesUnstrict/SanguinisOutgroupAdditionalReferencesUnstrict.all.fsa
CMD:cat /storage/group/LiberalArts/default/lsw132_collab/04_LabMembersFolders/AvaGabrys/Phylogenetics/Mugsy/SspDD04/SanguinisOutgroupAdditionalReferences/SanguinisOutgroupAdditionalReferencesUnstrict//Streptococcus_sinensis_HKU4 | perl -ne 'if(/^\>([^\s\:]+)\:([^\s\:]+)/){if($1 ne $2){ print ">$1.$2 $1\n";} elsif(defined $1 && defined $2){print ">$1.$2\n";}else {print ">$1\n";}}else{die if(/\>/);print $_}' >> /storage/group/LiberalArts/default/lsw132_collab/04_LabMembersFolders/AvaGabrys/Phylogenetics/Mugsy/SspDD04/SanguinisOutgroupAdditionalReferences/SanguinisOutgroupAdditionalReferencesUnstrict/SanguinisOutgroupAdditionalReferencesUnstrict.all.fsa
CMD:cat /storage/group/LiberalArts/default/lsw132_collab/04_LabMembersFolders/AvaGabrys/Phylogenetics/Mugsy/SspDD04/SanguinisOutgroupAdditionalReferences/SanguinisOutgroupAdditionalReferencesUnstrict//BreedonOnTheHill12857_Streptococcus_spDD04_consensus | perl -ne 'if(/^\>([^\s\:]+)\:([^\s\:]+)/){if($1 ne $2){ print ">$1.$2 $1\n";} elsif(defined $1 && defined $2){print ">$1.$2\n";}else {print ">$1\n";}}else{die if(/\>/);print $_}' >> /storage/group/LiberalArts/default/lsw132_collab/04_LabMembersFolders/AvaGabrys/Phylogenetics/Mugsy/SspDD04/SanguinisOutgroupAdditionalReferences/SanguinisOutgroupAdditionalReferencesUnstrict/SanguinisOutgroupAdditionalReferencesUnstrict.all.fsa
CMD:cat /storage/group/LiberalArts/default/lsw132_collab/04_LabMembersFolders/AvaGabrys/Phylogenetics/Mugsy/SspDD04/SanguinisOutgroupAdditionalReferences/SanguinisOutgroupAdditionalReferencesUnstrict//16955_Medieval_GuildhallYard_GYE92_Streptococcus_spDD04_consensus | perl -ne 'if(/^\>([^\s\:]+)\:([^\s\:]+)/){if($1 ne $2){ print ">$1.$2 $1\n";} elsif(defined $1 && defined $2){print ">$1.$2\n";}else {print ">$1\n";}}else{die if(/\>/);print $_}' >> /storage/group/LiberalArts/default/lsw132_collab/04_LabMembersFolders/AvaGabrys/Phylogenetics/Mugsy/SspDD04/SanguinisOutgroupAdditionalReferences/SanguinisOutgroupAdditionalReferencesUnstrict/SanguinisOutgroupAdditionalReferencesUnstrict.all.fsa
CMD:cat /storage/group/LiberalArts/default/lsw132_collab/04_LabMembersFolders/AvaGabrys/Phylogenetics/Mugsy/SspDD04/SanguinisOutgroupAdditionalReferences/SanguinisOutgroupAdditionalReferencesUnstrict//16813_Medieval_SpitalSquare_NRF88_Streptococcus_spDD04_consensus | perl -ne 'if(/^\>([^\s\:]+)\:([^\s\:]+)/){if($1 ne $2){ print ">$1.$2 $1\n";} elsif(defined $1 && defined $2){print ">$1.$2\n";}else {print ">$1\n";}}else{die if(/\>/);print $_}' >> /storage/group/LiberalArts/default/lsw132_collab/04_LabMembersFolders/AvaGabrys/Phylogenetics/Mugsy/SspDD04/SanguinisOutgroupAdditionalReferences/SanguinisOutgroupAdditionalReferencesUnstrict/SanguinisOutgroupAdditionalReferencesUnstrict.all.fsa
CMD:cat /storage/group/LiberalArts/default/lsw132_collab/04_LabMembersFolders/AvaGabrys/Phylogenetics/Mugsy/SspDD04/SanguinisOutgroupAdditionalReferences/SanguinisOutgroupAdditionalReferencesUnstrict//Streptococcus_cristatus_ATCC51100 | perl -ne 'if(/^\>([^\s\:]+)\:([^\s\:]+)/){if($1 ne $2){ print ">$1.$2 $1\n";} elsif(defined $1 && defined $2){print ">$1.$2\n";}else {print ">$1\n";}}else{die if(/\>/);print $_}' >> /storage/group/LiberalArts/default/lsw132_collab/04_LabMembersFolders/AvaGabrys/Phylogenetics/Mugsy/SspDD04/SanguinisOutgroupAdditionalReferences/SanguinisOutgroupAdditionalReferencesUnstrict/SanguinisOutgroupAdditionalReferencesUnstrict.all.fsa
CMD:cat /storage/group/LiberalArts/default/lsw132_collab/04_LabMembersFolders/AvaGabrys/Phylogenetics/Mugsy/SspDD04/SanguinisOutgroupAdditionalReferences/SanguinisOutgroupAdditionalReferencesUnstrict//StHelensOnWalls8875_Streptococcus_spDD04_consensus | perl -ne 'if(/^\>([^\s\:]+)\:([^\s\:]+)/){if($1 ne $2){ print ">$1.$2 $1\n";} elsif(defined $1 && defined $2){print ">$1.$2\n";}else {print ">$1\n";}}else{die if(/\>/);print $_}' >> /storage/group/LiberalArts/default/lsw132_collab/04_LabMembersFolders/AvaGabrys/Phylogenetics/Mugsy/SspDD04/SanguinisOutgroupAdditionalReferences/SanguinisOutgroupAdditionalReferencesUnstrict/SanguinisOutgroupAdditionalReferencesUnstrict.all.fsa
CMD:cat /storage/group/LiberalArts/default/lsw132_collab/04_LabMembersFolders/AvaGabrys/Phylogenetics/Mugsy/SspDD04/SanguinisOutgroupAdditionalReferences/SanguinisOutgroupAdditionalReferencesUnstrict//Streptococcus_sanguinis_SK36 | perl -ne 'if(/^\>([^\s\:]+)\:([^\s\:]+)/){if($1 ne $2){ print ">$1.$2 $1\n";} elsif(defined $1 && defined $2){print ">$1.$2\n";}else {print ">$1\n";}}else{die if(/\>/);print $_}' >> /storage/group/LiberalArts/default/lsw132_collab/04_LabMembersFolders/AvaGabrys/Phylogenetics/Mugsy/SspDD04/SanguinisOutgroupAdditionalReferences/SanguinisOutgroupAdditionalReferencesUnstrict/SanguinisOutgroupAdditionalReferencesUnstrict.all.fsa
CMD:cat /storage/group/LiberalArts/default/lsw132_collab/04_LabMembersFolders/AvaGabrys/Phylogenetics/Mugsy/SspDD04/SanguinisOutgroupAdditionalReferences/SanguinisOutgroupAdditionalReferencesUnstrict//Streptococcus_sinensis_Forsyth1A | perl -ne 'if(/^\>([^\s\:]+)\:([^\s\:]+)/){if($1 ne $2){ print ">$1.$2 $1\n";} elsif(defined $1 && defined $2){print ">$1.$2\n";}else {print ">$1\n";}}else{die if(/\>/);print $_}' >> /storage/group/LiberalArts/default/lsw132_collab/04_LabMembersFolders/AvaGabrys/Phylogenetics/Mugsy/SspDD04/SanguinisOutgroupAdditionalReferences/SanguinisOutgroupAdditionalReferencesUnstrict/SanguinisOutgroupAdditionalReferencesUnstrict.all.fsa
CMD:cat /storage/group/LiberalArts/default/lsw132_collab/04_LabMembersFolders/AvaGabrys/Phylogenetics/Mugsy/SspDD04/SanguinisOutgroupAdditionalReferences/SanguinisOutgroupAdditionalReferencesUnstrict//Hinxton16489_Streptococcus_spDD04_consensus | perl -ne 'if(/^\>([^\s\:]+)\:([^\s\:]+)/){if($1 ne $2){ print ">$1.$2 $1\n";} elsif(defined $1 && defined $2){print ">$1.$2\n";}else {print ">$1\n";}}else{die if(/\>/);print $_}' >> /storage/group/LiberalArts/default/lsw132_collab/04_LabMembersFolders/AvaGabrys/Phylogenetics/Mugsy/SspDD04/SanguinisOutgroupAdditionalReferences/SanguinisOutgroupAdditionalReferencesUnstrict/SanguinisOutgroupAdditionalReferencesUnstrict.all.fsa
CMD:cat /storage/group/LiberalArts/default/lsw132_collab/04_LabMembersFolders/AvaGabrys/Phylogenetics/Mugsy/SspDD04/SanguinisOutgroupAdditionalReferences/SanguinisOutgroupAdditionalReferencesUnstrict//Oakington16500_Streptococcus_spDD04_consensus | perl -ne 'if(/^\>([^\s\:]+)\:([^\s\:]+)/){if($1 ne $2){ print ">$1.$2 $1\n";} elsif(defined $1 && defined $2){print ">$1.$2\n";}else {print ">$1\n";}}else{die if(/\>/);print $_}' >> /storage/group/LiberalArts/default/lsw132_collab/04_LabMembersFolders/AvaGabrys/Phylogenetics/Mugsy/SspDD04/SanguinisOutgroupAdditionalReferences/SanguinisOutgroupAdditionalReferencesUnstrict/SanguinisOutgroupAdditionalReferencesUnstrict.all.fsa
CMD:cat /storage/group/LiberalArts/default/lsw132_collab/04_LabMembersFolders/AvaGabrys/Phylogenetics/Mugsy/SspDD04/SanguinisOutgroupAdditionalReferences/SanguinisOutgroupAdditionalReferencesUnstrict//Yorkshire8895_Streptococcus_spDD04_consensus | perl -ne 'if(/^\>([^\s\:]+)\:([^\s\:]+)/){if($1 ne $2){ print ">$1.$2 $1\n";} elsif(defined $1 && defined $2){print ">$1.$2\n";}else {print ">$1\n";}}else{die if(/\>/);print $_}' >> /storage/group/LiberalArts/default/lsw132_collab/04_LabMembersFolders/AvaGabrys/Phylogenetics/Mugsy/SspDD04/SanguinisOutgroupAdditionalReferences/SanguinisOutgroupAdditionalReferencesUnstrict/SanguinisOutgroupAdditionalReferencesUnstrict.all.fsa
CMD:cat /storage/group/LiberalArts/default/lsw132_collab/04_LabMembersFolders/AvaGabrys/Phylogenetics/Mugsy/SspDD04/SanguinisOutgroupAdditionalReferences/SanguinisOutgroupAdditionalReferencesUnstrict//16887_Medieval_MertonPriory_MPY86_Streptococcus_spDD04_consensus | perl -ne 'if(/^\>([^\s\:]+)\:([^\s\:]+)/){if($1 ne $2){ print ">$1.$2 $1\n";} elsif(defined $1 && defined $2){print ">$1.$2\n";}else {print ">$1\n";}}else{die if(/\>/);print $_}' >> /storage/group/LiberalArts/default/lsw132_collab/04_LabMembersFolders/AvaGabrys/Phylogenetics/Mugsy/SspDD04/SanguinisOutgroupAdditionalReferences/SanguinisOutgroupAdditionalReferencesUnstrict/SanguinisOutgroupAdditionalReferencesUnstrict.all.fsa
CMD:cat /storage/group/LiberalArts/default/lsw132_collab/04_LabMembersFolders/AvaGabrys/Phylogenetics/Mugsy/SspDD04/SanguinisOutgroupAdditionalReferences/SanguinisOutgroupAdditionalReferencesUnstrict//Yorkshire8892_Streptococcus_spDD04_consensus | perl -ne 'if(/^\>([^\s\:]+)\:([^\s\:]+)/){if($1 ne $2){ print ">$1.$2 $1\n";} elsif(defined $1 && defined $2){print ">$1.$2\n";}else {print ">$1\n";}}else{die if(/\>/);print $_}' >> /storage/group/LiberalArts/default/lsw132_collab/04_LabMembersFolders/AvaGabrys/Phylogenetics/Mugsy/SspDD04/SanguinisOutgroupAdditionalReferences/SanguinisOutgroupAdditionalReferencesUnstrict/SanguinisOutgroupAdditionalReferencesUnstrict.all.fsa
CMD:cat /storage/group/LiberalArts/default/lsw132_collab/04_LabMembersFolders/AvaGabrys/Phylogenetics/Mugsy/SspDD04/SanguinisOutgroupAdditionalReferences/SanguinisOutgroupAdditionalReferencesUnstrict//Streptococcus_cristatus_NCTC13807 | perl -ne 'if(/^\>([^\s\:]+)\:([^\s\:]+)/){if($1 ne $2){ print ">$1.$2 $1\n";} elsif(defined $1 && defined $2){print ">$1.$2\n";}else {print ">$1\n";}}else{die if(/\>/);print $_}' >> /storage/group/LiberalArts/default/lsw132_collab/04_LabMembersFolders/AvaGabrys/Phylogenetics/Mugsy/SspDD04/SanguinisOutgroupAdditionalReferences/SanguinisOutgroupAdditionalReferencesUnstrict/SanguinisOutgroupAdditionalReferencesUnstrict.all.fsa
CMD:cat /storage/group/LiberalArts/default/lsw132_collab/04_LabMembersFolders/AvaGabrys/Phylogenetics/Mugsy/SspDD04/SanguinisOutgroupAdditionalReferences/SanguinisOutgroupAdditionalReferencesUnstrict//Streptococcus_sinensis_MIN085 | perl -ne 'if(/^\>([^\s\:]+)\:([^\s\:]+)/){if($1 ne $2){ print ">$1.$2 $1\n";} elsif(defined $1 && defined $2){print ">$1.$2\n";}else {print ">$1\n";}}else{die if(/\>/);print $_}' >> /storage/group/LiberalArts/default/lsw132_collab/04_LabMembersFolders/AvaGabrys/Phylogenetics/Mugsy/SspDD04/SanguinisOutgroupAdditionalReferences/SanguinisOutgroupAdditionalReferencesUnstrict/SanguinisOutgroupAdditionalReferencesUnstrict.all.fsa
CMD:cat /storage/group/LiberalArts/default/lsw132_collab/04_LabMembersFolders/AvaGabrys/Phylogenetics/Mugsy/SspDD04/SanguinisOutgroupAdditionalReferences/SanguinisOutgroupAdditionalReferencesUnstrict//16830_Medieval_SpitalSquare | perl -ne 'if(/^\>([^\s\:]+)\:([^\s\:]+)/){if($1 ne $2){ print ">$1.$2 $1\n";} elsif(defined $1 && defined $2){print ">$1.$2\n";}else {print ">$1\n";}}else{die if(/\>/);print $_}' >> /storage/group/LiberalArts/default/lsw132_collab/04_LabMembersFolders/AvaGabrys/Phylogenetics/Mugsy/SspDD04/SanguinisOutgroupAdditionalReferences/SanguinisOutgroupAdditionalReferencesUnstrict/SanguinisOutgroupAdditionalReferencesUnstrict.all.fsa
CMD:/storage/group/LiberalArts/default/lsw132_collab/04_LabMembersFolders/AvaGabrys/Phylogenetics/mugsy_x86-64-v1r2.3/mugsyWGA --outfile /storage/group/LiberalArts/default/lsw132_collab/04_LabMembersFolders/AvaGabrys/Phylogenetics/Mugsy/SspDD04/SanguinisOutgroupAdditionalReferences/SanguinisOutgroupAdditionalReferencesUnstrict/SanguinisOutgroupAdditionalReferencesUnstrict --seq /storage/group/LiberalArts/default/lsw132_collab/04_LabMembersFolders/AvaGabrys/Phylogenetics/Mugsy/SspDD04/SanguinisOutgroupAdditionalReferences/SanguinisOutgroupAdditionalReferencesUnstrict/SanguinisOutgroupAdditionalReferencesUnstrict.all.fsa --aln /storage/group/LiberalArts/default/lsw132_collab/04_LabMembersFolders/AvaGabrys/Phylogenetics/Mugsy/SspDD04/SanguinisOutgroupAdditionalReferences/SanguinisOutgroupAdditionalReferencesUnstrict/SanguinisOutgroupAdditionalReferencesUnstrict.xmfa --distance 1000 --minlength 30  --unique true  > /storage/group/LiberalArts/default/lsw132_collab/04_LabMembersFolders/AvaGabrys/Phylogenetics/Mugsy/SspDD04/SanguinisOutgroupAdditionalReferences/SanguinisOutgroupAdditionalReferencesUnstrict/SanguinisOutgroupAdditionalReferencesUnstrict.mugsywga.out 2> /storage/group/LiberalArts/default/lsw132_collab/04_LabMembersFolders/AvaGabrys/Phylogenetics/Mugsy/SspDD04/SanguinisOutgroupAdditionalReferences/SanguinisOutgroupAdditionalReferencesUnstrict/SanguinisOutgroupAdditionalReferencesUnstrict.mugsywga.stderr
