Mon Jul 29 14:23:51 EDT 2024
1: PREPARING DATA
2,3: RUNNING mummer AND CREATING CLUSTERS
# reading input file "/storage/group/LiberalArts/default/lsw132_collab/04_LabMembersFolders/AvaGabrys/Phylogenetics/Mugsy/SspDD04/SanguinisOutgroupAdditionalReferences/SanguinisOutgroupAdditionalReferences.Streptococcus_sanguinis_SK36.ntref" of length 2388436
# construct suffix tree for sequence of length 2388436
# (maximum input length is 2305843009213693948)
# process 23884 characters per dot
#....................................................................................................
# CONSTRUCTIONTIME /storage/group/LiberalArts/default/lsw132_collab/04_LabMembersFolders/AvaGabrys/Phylogenetics/mugsy_x86-64-v1r2.3/MUMmer3.20/mummer /storage/group/LiberalArts/default/lsw132_collab/04_LabMembersFolders/AvaGabrys/Phylogenetics/Mugsy/SspDD04/SanguinisOutgroupAdditionalReferences/SanguinisOutgroupAdditionalReferences.Streptococcus_sanguinis_SK36.ntref 1.01
# reading input file "/storage/group/LiberalArts/default/lsw132_collab/04_LabMembersFolders/AvaGabrys/Phylogenetics/Mugsy/SspDD04/SanguinisOutgroupAdditionalReferences/SanguinisOutgroupAdditionalReferences.Streptococcus_sanguinis_SK36.queries.fsa" of length 45696648
# matching query-file "/storage/group/LiberalArts/default/lsw132_collab/04_LabMembersFolders/AvaGabrys/Phylogenetics/Mugsy/SspDD04/SanguinisOutgroupAdditionalReferences/SanguinisOutgroupAdditionalReferences.Streptococcus_sanguinis_SK36.queries.fsa"
# against subject-file "/storage/group/LiberalArts/default/lsw132_collab/04_LabMembersFolders/AvaGabrys/Phylogenetics/Mugsy/SspDD04/SanguinisOutgroupAdditionalReferences/SanguinisOutgroupAdditionalReferences.Streptococcus_sanguinis_SK36.ntref"
# COMPLETETIME /storage/group/LiberalArts/default/lsw132_collab/04_LabMembersFolders/AvaGabrys/Phylogenetics/mugsy_x86-64-v1r2.3/MUMmer3.20/mummer /storage/group/LiberalArts/default/lsw132_collab/04_LabMembersFolders/AvaGabrys/Phylogenetics/Mugsy/SspDD04/SanguinisOutgroupAdditionalReferences/SanguinisOutgroupAdditionalReferences.Streptococcus_sanguinis_SK36.ntref 37.66
# SPACE /storage/group/LiberalArts/default/lsw132_collab/04_LabMembersFolders/AvaGabrys/Phylogenetics/mugsy_x86-64-v1r2.3/MUMmer3.20/mummer /storage/group/LiberalArts/default/lsw132_collab/04_LabMembersFolders/AvaGabrys/Phylogenetics/Mugsy/SspDD04/SanguinisOutgroupAdditionalReferences/SanguinisOutgroupAdditionalReferences.Streptococcus_sanguinis_SK36.ntref 46.65
4: FINISHING DATA
Mon Jul 29 14:26:02 EDT 2024
1: PREPARING DATA
2,3: RUNNING mummer AND CREATING CLUSTERS
# reading input file "/storage/group/LiberalArts/default/lsw132_collab/04_LabMembersFolders/AvaGabrys/Phylogenetics/Mugsy/SspDD04/SanguinisOutgroupAdditionalReferences/SanguinisOutgroupAdditionalReferences.Streptococcus_cristatus_NCTC13807.ntref" of length 2176085
# construct suffix tree for sequence of length 2176085
# (maximum input length is 2305843009213693948)
# process 21760 characters per dot
#....................................................................................................
# CONSTRUCTIONTIME /storage/group/LiberalArts/default/lsw132_collab/04_LabMembersFolders/AvaGabrys/Phylogenetics/mugsy_x86-64-v1r2.3/MUMmer3.20/mummer /storage/group/LiberalArts/default/lsw132_collab/04_LabMembersFolders/AvaGabrys/Phylogenetics/Mugsy/SspDD04/SanguinisOutgroupAdditionalReferences/SanguinisOutgroupAdditionalReferences.Streptococcus_cristatus_NCTC13807.ntref 0.89
# reading input file "/storage/group/LiberalArts/default/lsw132_collab/04_LabMembersFolders/AvaGabrys/Phylogenetics/Mugsy/SspDD04/SanguinisOutgroupAdditionalReferences/SanguinisOutgroupAdditionalReferences.Streptococcus_cristatus_NCTC13807.queries.fsa" of length 43520563
# matching query-file "/storage/group/LiberalArts/default/lsw132_collab/04_LabMembersFolders/AvaGabrys/Phylogenetics/Mugsy/SspDD04/SanguinisOutgroupAdditionalReferences/SanguinisOutgroupAdditionalReferences.Streptococcus_cristatus_NCTC13807.queries.fsa"
# against subject-file "/storage/group/LiberalArts/default/lsw132_collab/04_LabMembersFolders/AvaGabrys/Phylogenetics/Mugsy/SspDD04/SanguinisOutgroupAdditionalReferences/SanguinisOutgroupAdditionalReferences.Streptococcus_cristatus_NCTC13807.ntref"
# COMPLETETIME /storage/group/LiberalArts/default/lsw132_collab/04_LabMembersFolders/AvaGabrys/Phylogenetics/mugsy_x86-64-v1r2.3/MUMmer3.20/mummer /storage/group/LiberalArts/default/lsw132_collab/04_LabMembersFolders/AvaGabrys/Phylogenetics/Mugsy/SspDD04/SanguinisOutgroupAdditionalReferences/SanguinisOutgroupAdditionalReferences.Streptococcus_cristatus_NCTC13807.ntref 34.49
# SPACE /storage/group/LiberalArts/default/lsw132_collab/04_LabMembersFolders/AvaGabrys/Phylogenetics/mugsy_x86-64-v1r2.3/MUMmer3.20/mummer /storage/group/LiberalArts/default/lsw132_collab/04_LabMembersFolders/AvaGabrys/Phylogenetics/Mugsy/SspDD04/SanguinisOutgroupAdditionalReferences/SanguinisOutgroupAdditionalReferences.Streptococcus_cristatus_NCTC13807.ntref 44.35
4: FINISHING DATA
Mon Jul 29 14:28:06 EDT 2024
1: PREPARING DATA
2,3: RUNNING mummer AND CREATING CLUSTERS
# reading input file "/storage/group/LiberalArts/default/lsw132_collab/04_LabMembersFolders/AvaGabrys/Phylogenetics/Mugsy/SspDD04/SanguinisOutgroupAdditionalReferences/SanguinisOutgroupAdditionalReferences.Streptococcus_cristatus_ATCC51100.ntref" of length 2000352
# construct suffix tree for sequence of length 2000352
# (maximum input length is 2305843009213693948)
# process 20003 characters per dot
#....................................................................................................
# CONSTRUCTIONTIME /storage/group/LiberalArts/default/lsw132_collab/04_LabMembersFolders/AvaGabrys/Phylogenetics/mugsy_x86-64-v1r2.3/MUMmer3.20/mummer /storage/group/LiberalArts/default/lsw132_collab/04_LabMembersFolders/AvaGabrys/Phylogenetics/Mugsy/SspDD04/SanguinisOutgroupAdditionalReferences/SanguinisOutgroupAdditionalReferences.Streptococcus_cristatus_ATCC51100.ntref 0.82
# reading input file "/storage/group/LiberalArts/default/lsw132_collab/04_LabMembersFolders/AvaGabrys/Phylogenetics/Mugsy/SspDD04/SanguinisOutgroupAdditionalReferences/SanguinisOutgroupAdditionalReferences.Streptococcus_cristatus_ATCC51100.queries.fsa" of length 41520211
# matching query-file "/storage/group/LiberalArts/default/lsw132_collab/04_LabMembersFolders/AvaGabrys/Phylogenetics/Mugsy/SspDD04/SanguinisOutgroupAdditionalReferences/SanguinisOutgroupAdditionalReferences.Streptococcus_cristatus_ATCC51100.queries.fsa"
# against subject-file "/storage/group/LiberalArts/default/lsw132_collab/04_LabMembersFolders/AvaGabrys/Phylogenetics/Mugsy/SspDD04/SanguinisOutgroupAdditionalReferences/SanguinisOutgroupAdditionalReferences.Streptococcus_cristatus_ATCC51100.ntref"
# COMPLETETIME /storage/group/LiberalArts/default/lsw132_collab/04_LabMembersFolders/AvaGabrys/Phylogenetics/mugsy_x86-64-v1r2.3/MUMmer3.20/mummer /storage/group/LiberalArts/default/lsw132_collab/04_LabMembersFolders/AvaGabrys/Phylogenetics/Mugsy/SspDD04/SanguinisOutgroupAdditionalReferences/SanguinisOutgroupAdditionalReferences.Streptococcus_cristatus_ATCC51100.ntref 32.34
# SPACE /storage/group/LiberalArts/default/lsw132_collab/04_LabMembersFolders/AvaGabrys/Phylogenetics/mugsy_x86-64-v1r2.3/MUMmer3.20/mummer /storage/group/LiberalArts/default/lsw132_collab/04_LabMembersFolders/AvaGabrys/Phylogenetics/Mugsy/SspDD04/SanguinisOutgroupAdditionalReferences/SanguinisOutgroupAdditionalReferences.Streptococcus_cristatus_ATCC51100.ntref 42.24
4: FINISHING DATA
Mon Jul 29 14:30:02 EDT 2024
1: PREPARING DATA
2,3: RUNNING mummer AND CREATING CLUSTERS
# reading input file "/storage/group/LiberalArts/default/lsw132_collab/04_LabMembersFolders/AvaGabrys/Phylogenetics/Mugsy/SspDD04/SanguinisOutgroupAdditionalReferences/SanguinisOutgroupAdditionalReferences.Streptococcus_sinensis_SSSC01.ntref" of length 2134216
# construct suffix tree for sequence of length 2134216
# (maximum input length is 2305843009213693948)
# process 21342 characters per dot
#....................................................................................................
# CONSTRUCTIONTIME /storage/group/LiberalArts/default/lsw132_collab/04_LabMembersFolders/AvaGabrys/Phylogenetics/mugsy_x86-64-v1r2.3/MUMmer3.20/mummer /storage/group/LiberalArts/default/lsw132_collab/04_LabMembersFolders/AvaGabrys/Phylogenetics/Mugsy/SspDD04/SanguinisOutgroupAdditionalReferences/SanguinisOutgroupAdditionalReferences.Streptococcus_sinensis_SSSC01.ntref 0.94
# reading input file "/storage/group/LiberalArts/default/lsw132_collab/04_LabMembersFolders/AvaGabrys/Phylogenetics/Mugsy/SspDD04/SanguinisOutgroupAdditionalReferences/SanguinisOutgroupAdditionalReferences.Streptococcus_sinensis_SSSC01.queries.fsa" of length 39385995
# matching query-file "/storage/group/LiberalArts/default/lsw132_collab/04_LabMembersFolders/AvaGabrys/Phylogenetics/Mugsy/SspDD04/SanguinisOutgroupAdditionalReferences/SanguinisOutgroupAdditionalReferences.Streptococcus_sinensis_SSSC01.queries.fsa"
# against subject-file "/storage/group/LiberalArts/default/lsw132_collab/04_LabMembersFolders/AvaGabrys/Phylogenetics/Mugsy/SspDD04/SanguinisOutgroupAdditionalReferences/SanguinisOutgroupAdditionalReferences.Streptococcus_sinensis_SSSC01.ntref"
# COMPLETETIME /storage/group/LiberalArts/default/lsw132_collab/04_LabMembersFolders/AvaGabrys/Phylogenetics/mugsy_x86-64-v1r2.3/MUMmer3.20/mummer /storage/group/LiberalArts/default/lsw132_collab/04_LabMembersFolders/AvaGabrys/Phylogenetics/Mugsy/SspDD04/SanguinisOutgroupAdditionalReferences/SanguinisOutgroupAdditionalReferences.Streptococcus_sinensis_SSSC01.ntref 29.53
# SPACE /storage/group/LiberalArts/default/lsw132_collab/04_LabMembersFolders/AvaGabrys/Phylogenetics/mugsy_x86-64-v1r2.3/MUMmer3.20/mummer /storage/group/LiberalArts/default/lsw132_collab/04_LabMembersFolders/AvaGabrys/Phylogenetics/Mugsy/SspDD04/SanguinisOutgroupAdditionalReferences/SanguinisOutgroupAdditionalReferences.Streptococcus_sinensis_SSSC01.ntref 40.31
4: FINISHING DATA
Mon Jul 29 14:31:21 EDT 2024
1: PREPARING DATA
2,3: RUNNING mummer AND CREATING CLUSTERS
# reading input file "/storage/group/LiberalArts/default/lsw132_collab/04_LabMembersFolders/AvaGabrys/Phylogenetics/Mugsy/SspDD04/SanguinisOutgroupAdditionalReferences/SanguinisOutgroupAdditionalReferences.Streptococcus_sinensis_HKU4.ntref" of length 2061959
# construct suffix tree for sequence of length 2061959
# (maximum input length is 2305843009213693948)
# process 20619 characters per dot
#....................................................................................................
# CONSTRUCTIONTIME /storage/group/LiberalArts/default/lsw132_collab/04_LabMembersFolders/AvaGabrys/Phylogenetics/mugsy_x86-64-v1r2.3/MUMmer3.20/mummer /storage/group/LiberalArts/default/lsw132_collab/04_LabMembersFolders/AvaGabrys/Phylogenetics/Mugsy/SspDD04/SanguinisOutgroupAdditionalReferences/SanguinisOutgroupAdditionalReferences.Streptococcus_sinensis_HKU4.ntref 0.87
# reading input file "/storage/group/LiberalArts/default/lsw132_collab/04_LabMembersFolders/AvaGabrys/Phylogenetics/Mugsy/SspDD04/SanguinisOutgroupAdditionalReferences/SanguinisOutgroupAdditionalReferences.Streptococcus_sinensis_HKU4.queries.fsa" of length 37324036
# matching query-file "/storage/group/LiberalArts/default/lsw132_collab/04_LabMembersFolders/AvaGabrys/Phylogenetics/Mugsy/SspDD04/SanguinisOutgroupAdditionalReferences/SanguinisOutgroupAdditionalReferences.Streptococcus_sinensis_HKU4.queries.fsa"
# against subject-file "/storage/group/LiberalArts/default/lsw132_collab/04_LabMembersFolders/AvaGabrys/Phylogenetics/Mugsy/SspDD04/SanguinisOutgroupAdditionalReferences/SanguinisOutgroupAdditionalReferences.Streptococcus_sinensis_HKU4.ntref"
# COMPLETETIME /storage/group/LiberalArts/default/lsw132_collab/04_LabMembersFolders/AvaGabrys/Phylogenetics/mugsy_x86-64-v1r2.3/MUMmer3.20/mummer /storage/group/LiberalArts/default/lsw132_collab/04_LabMembersFolders/AvaGabrys/Phylogenetics/Mugsy/SspDD04/SanguinisOutgroupAdditionalReferences/SanguinisOutgroupAdditionalReferences.Streptococcus_sinensis_HKU4.ntref 28.94
# SPACE /storage/group/LiberalArts/default/lsw132_collab/04_LabMembersFolders/AvaGabrys/Phylogenetics/mugsy_x86-64-v1r2.3/MUMmer3.20/mummer /storage/group/LiberalArts/default/lsw132_collab/04_LabMembersFolders/AvaGabrys/Phylogenetics/Mugsy/SspDD04/SanguinisOutgroupAdditionalReferences/SanguinisOutgroupAdditionalReferences.Streptococcus_sinensis_HKU4.ntref 38.24
4: FINISHING DATA
Mon Jul 29 14:32:39 EDT 2024
1: PREPARING DATA
2,3: RUNNING mummer AND CREATING CLUSTERS
# reading input file "/storage/group/LiberalArts/default/lsw132_collab/04_LabMembersFolders/AvaGabrys/Phylogenetics/Mugsy/SspDD04/SanguinisOutgroupAdditionalReferences/SanguinisOutgroupAdditionalReferences.Streptococcus_sinensis_MIN085.ntref" of length 2206749
# construct suffix tree for sequence of length 2206749
# (maximum input length is 2305843009213693948)
# process 22067 characters per dot
#....................................................................................................
# CONSTRUCTIONTIME /storage/group/LiberalArts/default/lsw132_collab/04_LabMembersFolders/AvaGabrys/Phylogenetics/mugsy_x86-64-v1r2.3/MUMmer3.20/mummer /storage/group/LiberalArts/default/lsw132_collab/04_LabMembersFolders/AvaGabrys/Phylogenetics/Mugsy/SspDD04/SanguinisOutgroupAdditionalReferences/SanguinisOutgroupAdditionalReferences.Streptococcus_sinensis_MIN085.ntref 1.06
# reading input file "/storage/group/LiberalArts/default/lsw132_collab/04_LabMembersFolders/AvaGabrys/Phylogenetics/Mugsy/SspDD04/SanguinisOutgroupAdditionalReferences/SanguinisOutgroupAdditionalReferences.Streptococcus_sinensis_MIN085.queries.fsa" of length 35117287
# matching query-file "/storage/group/LiberalArts/default/lsw132_collab/04_LabMembersFolders/AvaGabrys/Phylogenetics/Mugsy/SspDD04/SanguinisOutgroupAdditionalReferences/SanguinisOutgroupAdditionalReferences.Streptococcus_sinensis_MIN085.queries.fsa"
# against subject-file "/storage/group/LiberalArts/default/lsw132_collab/04_LabMembersFolders/AvaGabrys/Phylogenetics/Mugsy/SspDD04/SanguinisOutgroupAdditionalReferences/SanguinisOutgroupAdditionalReferences.Streptococcus_sinensis_MIN085.ntref"
# COMPLETETIME /storage/group/LiberalArts/default/lsw132_collab/04_LabMembersFolders/AvaGabrys/Phylogenetics/mugsy_x86-64-v1r2.3/MUMmer3.20/mummer /storage/group/LiberalArts/default/lsw132_collab/04_LabMembersFolders/AvaGabrys/Phylogenetics/Mugsy/SspDD04/SanguinisOutgroupAdditionalReferences/SanguinisOutgroupAdditionalReferences.Streptococcus_sinensis_MIN085.ntref 27.81
# SPACE /storage/group/LiberalArts/default/lsw132_collab/04_LabMembersFolders/AvaGabrys/Phylogenetics/mugsy_x86-64-v1r2.3/MUMmer3.20/mummer /storage/group/LiberalArts/default/lsw132_collab/04_LabMembersFolders/AvaGabrys/Phylogenetics/Mugsy/SspDD04/SanguinisOutgroupAdditionalReferences/SanguinisOutgroupAdditionalReferences.Streptococcus_sinensis_MIN085.ntref 36.25
4: FINISHING DATA
Mon Jul 29 14:33:44 EDT 2024
1: PREPARING DATA
2,3: RUNNING mummer AND CREATING CLUSTERS
# reading input file "/storage/group/LiberalArts/default/lsw132_collab/04_LabMembersFolders/AvaGabrys/Phylogenetics/Mugsy/SspDD04/SanguinisOutgroupAdditionalReferences/SanguinisOutgroupAdditionalReferences.Streptococcus_sinensis_Forsyth1A.ntref" of length 2119778
# construct suffix tree for sequence of length 2119778
# (maximum input length is 2305843009213693948)
# process 21197 characters per dot
#....................................................................................................
# CONSTRUCTIONTIME /storage/group/LiberalArts/default/lsw132_collab/04_LabMembersFolders/AvaGabrys/Phylogenetics/mugsy_x86-64-v1r2.3/MUMmer3.20/mummer /storage/group/LiberalArts/default/lsw132_collab/04_LabMembersFolders/AvaGabrys/Phylogenetics/Mugsy/SspDD04/SanguinisOutgroupAdditionalReferences/SanguinisOutgroupAdditionalReferences.Streptococcus_sinensis_Forsyth1A.ntref 1.38
# reading input file "/storage/group/LiberalArts/default/lsw132_collab/04_LabMembersFolders/AvaGabrys/Phylogenetics/Mugsy/SspDD04/SanguinisOutgroupAdditionalReferences/SanguinisOutgroupAdditionalReferences.Streptococcus_sinensis_Forsyth1A.queries.fsa" of length 32997509
# matching query-file "/storage/group/LiberalArts/default/lsw132_collab/04_LabMembersFolders/AvaGabrys/Phylogenetics/Mugsy/SspDD04/SanguinisOutgroupAdditionalReferences/SanguinisOutgroupAdditionalReferences.Streptococcus_sinensis_Forsyth1A.queries.fsa"
# against subject-file "/storage/group/LiberalArts/default/lsw132_collab/04_LabMembersFolders/AvaGabrys/Phylogenetics/Mugsy/SspDD04/SanguinisOutgroupAdditionalReferences/SanguinisOutgroupAdditionalReferences.Streptococcus_sinensis_Forsyth1A.ntref"
# COMPLETETIME /storage/group/LiberalArts/default/lsw132_collab/04_LabMembersFolders/AvaGabrys/Phylogenetics/mugsy_x86-64-v1r2.3/MUMmer3.20/mummer /storage/group/LiberalArts/default/lsw132_collab/04_LabMembersFolders/AvaGabrys/Phylogenetics/Mugsy/SspDD04/SanguinisOutgroupAdditionalReferences/SanguinisOutgroupAdditionalReferences.Streptococcus_sinensis_Forsyth1A.ntref 29.92
# SPACE /storage/group/LiberalArts/default/lsw132_collab/04_LabMembersFolders/AvaGabrys/Phylogenetics/mugsy_x86-64-v1r2.3/MUMmer3.20/mummer /storage/group/LiberalArts/default/lsw132_collab/04_LabMembersFolders/AvaGabrys/Phylogenetics/Mugsy/SspDD04/SanguinisOutgroupAdditionalReferences/SanguinisOutgroupAdditionalReferences.Streptococcus_sinensis_Forsyth1A.ntref 34.12
4: FINISHING DATA
Mon Jul 29 14:34:49 EDT 2024
1: PREPARING DATA
2,3: RUNNING mummer AND CREATING CLUSTERS
# reading input file "/storage/group/LiberalArts/default/lsw132_collab/04_LabMembersFolders/AvaGabrys/Phylogenetics/Mugsy/SspDD04/SanguinisOutgroupAdditionalReferences/SanguinisOutgroupAdditionalReferences.Yorkshire8892_Streptococcus_spDD04_Strict_consensus.ntref" of length 2199837
# construct suffix tree for sequence of length 2199837
# (maximum input length is 2305843009213693948)
# process 21998 characters per dot
#....................................................................................................
# CONSTRUCTIONTIME /storage/group/LiberalArts/default/lsw132_collab/04_LabMembersFolders/AvaGabrys/Phylogenetics/mugsy_x86-64-v1r2.3/MUMmer3.20/mummer /storage/group/LiberalArts/default/lsw132_collab/04_LabMembersFolders/AvaGabrys/Phylogenetics/Mugsy/SspDD04/SanguinisOutgroupAdditionalReferences/SanguinisOutgroupAdditionalReferences.Yorkshire8892_Streptococcus_spDD04_Strict_consensus.ntref 1.10
# reading input file "/storage/group/LiberalArts/default/lsw132_collab/04_LabMembersFolders/AvaGabrys/Phylogenetics/Mugsy/SspDD04/SanguinisOutgroupAdditionalReferences/SanguinisOutgroupAdditionalReferences.Yorkshire8892_Streptococcus_spDD04_Strict_consensus.queries.fsa" of length 30797672
# matching query-file "/storage/group/LiberalArts/default/lsw132_collab/04_LabMembersFolders/AvaGabrys/Phylogenetics/Mugsy/SspDD04/SanguinisOutgroupAdditionalReferences/SanguinisOutgroupAdditionalReferences.Yorkshire8892_Streptococcus_spDD04_Strict_consensus.queries.fsa"
# against subject-file "/storage/group/LiberalArts/default/lsw132_collab/04_LabMembersFolders/AvaGabrys/Phylogenetics/Mugsy/SspDD04/SanguinisOutgroupAdditionalReferences/SanguinisOutgroupAdditionalReferences.Yorkshire8892_Streptococcus_spDD04_Strict_consensus.ntref"
# COMPLETETIME /storage/group/LiberalArts/default/lsw132_collab/04_LabMembersFolders/AvaGabrys/Phylogenetics/mugsy_x86-64-v1r2.3/MUMmer3.20/mummer /storage/group/LiberalArts/default/lsw132_collab/04_LabMembersFolders/AvaGabrys/Phylogenetics/Mugsy/SspDD04/SanguinisOutgroupAdditionalReferences/SanguinisOutgroupAdditionalReferences.Yorkshire8892_Streptococcus_spDD04_Strict_consensus.ntref 27.83
# SPACE /storage/group/LiberalArts/default/lsw132_collab/04_LabMembersFolders/AvaGabrys/Phylogenetics/mugsy_x86-64-v1r2.3/MUMmer3.20/mummer /storage/group/LiberalArts/default/lsw132_collab/04_LabMembersFolders/AvaGabrys/Phylogenetics/Mugsy/SspDD04/SanguinisOutgroupAdditionalReferences/SanguinisOutgroupAdditionalReferences.Yorkshire8892_Streptococcus_spDD04_Strict_consensus.ntref 32.06
4: FINISHING DATA
Mon Jul 29 14:35:41 EDT 2024
1: PREPARING DATA
2,3: RUNNING mummer AND CREATING CLUSTERS
# reading input file "/storage/group/LiberalArts/default/lsw132_collab/04_LabMembersFolders/AvaGabrys/Phylogenetics/Mugsy/SspDD04/SanguinisOutgroupAdditionalReferences/SanguinisOutgroupAdditionalReferences.Oakington16500_Streptococcus_spDD04_Strict_consensus.ntref" of length 2199818
# construct suffix tree for sequence of length 2199818
# (maximum input length is 2305843009213693948)
# process 21998 characters per dot
#....................................................................................................
# CONSTRUCTIONTIME /storage/group/LiberalArts/default/lsw132_collab/04_LabMembersFolders/AvaGabrys/Phylogenetics/mugsy_x86-64-v1r2.3/MUMmer3.20/mummer /storage/group/LiberalArts/default/lsw132_collab/04_LabMembersFolders/AvaGabrys/Phylogenetics/Mugsy/SspDD04/SanguinisOutgroupAdditionalReferences/SanguinisOutgroupAdditionalReferences.Oakington16500_Streptococcus_spDD04_Strict_consensus.ntref 0.82
# reading input file "/storage/group/LiberalArts/default/lsw132_collab/04_LabMembersFolders/AvaGabrys/Phylogenetics/Mugsy/SspDD04/SanguinisOutgroupAdditionalReferences/SanguinisOutgroupAdditionalReferences.Oakington16500_Streptococcus_spDD04_Strict_consensus.queries.fsa" of length 28597854
# matching query-file "/storage/group/LiberalArts/default/lsw132_collab/04_LabMembersFolders/AvaGabrys/Phylogenetics/Mugsy/SspDD04/SanguinisOutgroupAdditionalReferences/SanguinisOutgroupAdditionalReferences.Oakington16500_Streptococcus_spDD04_Strict_consensus.queries.fsa"
# against subject-file "/storage/group/LiberalArts/default/lsw132_collab/04_LabMembersFolders/AvaGabrys/Phylogenetics/Mugsy/SspDD04/SanguinisOutgroupAdditionalReferences/SanguinisOutgroupAdditionalReferences.Oakington16500_Streptococcus_spDD04_Strict_consensus.ntref"
# COMPLETETIME /storage/group/LiberalArts/default/lsw132_collab/04_LabMembersFolders/AvaGabrys/Phylogenetics/mugsy_x86-64-v1r2.3/MUMmer3.20/mummer /storage/group/LiberalArts/default/lsw132_collab/04_LabMembersFolders/AvaGabrys/Phylogenetics/Mugsy/SspDD04/SanguinisOutgroupAdditionalReferences/SanguinisOutgroupAdditionalReferences.Oakington16500_Streptococcus_spDD04_Strict_consensus.ntref 21.52
# SPACE /storage/group/LiberalArts/default/lsw132_collab/04_LabMembersFolders/AvaGabrys/Phylogenetics/mugsy_x86-64-v1r2.3/MUMmer3.20/mummer /storage/group/LiberalArts/default/lsw132_collab/04_LabMembersFolders/AvaGabrys/Phylogenetics/Mugsy/SspDD04/SanguinisOutgroupAdditionalReferences/SanguinisOutgroupAdditionalReferences.Oakington16500_Streptococcus_spDD04_Strict_consensus.ntref 29.92
4: FINISHING DATA
Mon Jul 29 14:36:27 EDT 2024
1: PREPARING DATA
2,3: RUNNING mummer AND CREATING CLUSTERS
# reading input file "/storage/group/LiberalArts/default/lsw132_collab/04_LabMembersFolders/AvaGabrys/Phylogenetics/Mugsy/SspDD04/SanguinisOutgroupAdditionalReferences/SanguinisOutgroupAdditionalReferences.16813_Medieval_SpitalSquare_NRF88_Streptococcus_spDD04_Strict_consensus.ntref" of length 2199833
# construct suffix tree for sequence of length 2199833
# (maximum input length is 2305843009213693948)
# process 21998 characters per dot
#....................................................................................................
# CONSTRUCTIONTIME /storage/group/LiberalArts/default/lsw132_collab/04_LabMembersFolders/AvaGabrys/Phylogenetics/mugsy_x86-64-v1r2.3/MUMmer3.20/mummer /storage/group/LiberalArts/default/lsw132_collab/04_LabMembersFolders/AvaGabrys/Phylogenetics/Mugsy/SspDD04/SanguinisOutgroupAdditionalReferences/SanguinisOutgroupAdditionalReferences.16813_Medieval_SpitalSquare_NRF88_Streptococcus_spDD04_Strict_consensus.ntref 0.87
# reading input file "/storage/group/LiberalArts/default/lsw132_collab/04_LabMembersFolders/AvaGabrys/Phylogenetics/Mugsy/SspDD04/SanguinisOutgroupAdditionalReferences/SanguinisOutgroupAdditionalReferences.16813_Medieval_SpitalSquare_NRF88_Streptococcus_spDD04_Strict_consensus.queries.fsa" of length 26398021
# matching query-file "/storage/group/LiberalArts/default/lsw132_collab/04_LabMembersFolders/AvaGabrys/Phylogenetics/Mugsy/SspDD04/SanguinisOutgroupAdditionalReferences/SanguinisOutgroupAdditionalReferences.16813_Medieval_SpitalSquare_NRF88_Streptococcus_spDD04_Strict_consensus.queries.fsa"
# against subject-file "/storage/group/LiberalArts/default/lsw132_collab/04_LabMembersFolders/AvaGabrys/Phylogenetics/Mugsy/SspDD04/SanguinisOutgroupAdditionalReferences/SanguinisOutgroupAdditionalReferences.16813_Medieval_SpitalSquare_NRF88_Streptococcus_spDD04_Strict_consensus.ntref"
# COMPLETETIME /storage/group/LiberalArts/default/lsw132_collab/04_LabMembersFolders/AvaGabrys/Phylogenetics/mugsy_x86-64-v1r2.3/MUMmer3.20/mummer /storage/group/LiberalArts/default/lsw132_collab/04_LabMembersFolders/AvaGabrys/Phylogenetics/Mugsy/SspDD04/SanguinisOutgroupAdditionalReferences/SanguinisOutgroupAdditionalReferences.16813_Medieval_SpitalSquare_NRF88_Streptococcus_spDD04_Strict_consensus.ntref 21.85
# SPACE /storage/group/LiberalArts/default/lsw132_collab/04_LabMembersFolders/AvaGabrys/Phylogenetics/mugsy_x86-64-v1r2.3/MUMmer3.20/mummer /storage/group/LiberalArts/default/lsw132_collab/04_LabMembersFolders/AvaGabrys/Phylogenetics/Mugsy/SspDD04/SanguinisOutgroupAdditionalReferences/SanguinisOutgroupAdditionalReferences.16813_Medieval_SpitalSquare_NRF88_Streptococcus_spDD04_Strict_consensus.ntref 27.78
4: FINISHING DATA
Mon Jul 29 14:37:10 EDT 2024
1: PREPARING DATA
2,3: RUNNING mummer AND CREATING CLUSTERS
# reading input file "/storage/group/LiberalArts/default/lsw132_collab/04_LabMembersFolders/AvaGabrys/Phylogenetics/Mugsy/SspDD04/SanguinisOutgroupAdditionalReferences/SanguinisOutgroupAdditionalReferences.BreedonOnTheHill12857_Streptococcus_spDD04_Strict_consensus.ntref" of length 2199821
# construct suffix tree for sequence of length 2199821
# (maximum input length is 2305843009213693948)
# process 21998 characters per dot
#....................................................................................................
# CONSTRUCTIONTIME /storage/group/LiberalArts/default/lsw132_collab/04_LabMembersFolders/AvaGabrys/Phylogenetics/mugsy_x86-64-v1r2.3/MUMmer3.20/mummer /storage/group/LiberalArts/default/lsw132_collab/04_LabMembersFolders/AvaGabrys/Phylogenetics/Mugsy/SspDD04/SanguinisOutgroupAdditionalReferences/SanguinisOutgroupAdditionalReferences.BreedonOnTheHill12857_Streptococcus_spDD04_Strict_consensus.ntref 1.24
# reading input file "/storage/group/LiberalArts/default/lsw132_collab/04_LabMembersFolders/AvaGabrys/Phylogenetics/Mugsy/SspDD04/SanguinisOutgroupAdditionalReferences/SanguinisOutgroupAdditionalReferences.BreedonOnTheHill12857_Streptococcus_spDD04_Strict_consensus.queries.fsa" of length 24198200
# matching query-file "/storage/group/LiberalArts/default/lsw132_collab/04_LabMembersFolders/AvaGabrys/Phylogenetics/Mugsy/SspDD04/SanguinisOutgroupAdditionalReferences/SanguinisOutgroupAdditionalReferences.BreedonOnTheHill12857_Streptococcus_spDD04_Strict_consensus.queries.fsa"
# against subject-file "/storage/group/LiberalArts/default/lsw132_collab/04_LabMembersFolders/AvaGabrys/Phylogenetics/Mugsy/SspDD04/SanguinisOutgroupAdditionalReferences/SanguinisOutgroupAdditionalReferences.BreedonOnTheHill12857_Streptococcus_spDD04_Strict_consensus.ntref"
# COMPLETETIME /storage/group/LiberalArts/default/lsw132_collab/04_LabMembersFolders/AvaGabrys/Phylogenetics/mugsy_x86-64-v1r2.3/MUMmer3.20/mummer /storage/group/LiberalArts/default/lsw132_collab/04_LabMembersFolders/AvaGabrys/Phylogenetics/Mugsy/SspDD04/SanguinisOutgroupAdditionalReferences/SanguinisOutgroupAdditionalReferences.BreedonOnTheHill12857_Streptococcus_spDD04_Strict_consensus.ntref 23.08
# SPACE /storage/group/LiberalArts/default/lsw132_collab/04_LabMembersFolders/AvaGabrys/Phylogenetics/mugsy_x86-64-v1r2.3/MUMmer3.20/mummer /storage/group/LiberalArts/default/lsw132_collab/04_LabMembersFolders/AvaGabrys/Phylogenetics/Mugsy/SspDD04/SanguinisOutgroupAdditionalReferences/SanguinisOutgroupAdditionalReferences.BreedonOnTheHill12857_Streptococcus_spDD04_Strict_consensus.ntref 25.64
4: FINISHING DATA
Mon Jul 29 14:37:52 EDT 2024
1: PREPARING DATA
2,3: RUNNING mummer AND CREATING CLUSTERS
# reading input file "/storage/group/LiberalArts/default/lsw132_collab/04_LabMembersFolders/AvaGabrys/Phylogenetics/Mugsy/SspDD04/SanguinisOutgroupAdditionalReferences/SanguinisOutgroupAdditionalReferences.Hinxton16489_Streptococcus_spDD04_Strict_consensus.ntref" of length 2199832
# construct suffix tree for sequence of length 2199832
# (maximum input length is 2305843009213693948)
# process 21998 characters per dot
#....................................................................................................
# CONSTRUCTIONTIME /storage/group/LiberalArts/default/lsw132_collab/04_LabMembersFolders/AvaGabrys/Phylogenetics/mugsy_x86-64-v1r2.3/MUMmer3.20/mummer /storage/group/LiberalArts/default/lsw132_collab/04_LabMembersFolders/AvaGabrys/Phylogenetics/Mugsy/SspDD04/SanguinisOutgroupAdditionalReferences/SanguinisOutgroupAdditionalReferences.Hinxton16489_Streptococcus_spDD04_Strict_consensus.ntref 1.26
# reading input file "/storage/group/LiberalArts/default/lsw132_collab/04_LabMembersFolders/AvaGabrys/Phylogenetics/Mugsy/SspDD04/SanguinisOutgroupAdditionalReferences/SanguinisOutgroupAdditionalReferences.Hinxton16489_Streptococcus_spDD04_Strict_consensus.queries.fsa" of length 21998368
# matching query-file "/storage/group/LiberalArts/default/lsw132_collab/04_LabMembersFolders/AvaGabrys/Phylogenetics/Mugsy/SspDD04/SanguinisOutgroupAdditionalReferences/SanguinisOutgroupAdditionalReferences.Hinxton16489_Streptococcus_spDD04_Strict_consensus.queries.fsa"
# against subject-file "/storage/group/LiberalArts/default/lsw132_collab/04_LabMembersFolders/AvaGabrys/Phylogenetics/Mugsy/SspDD04/SanguinisOutgroupAdditionalReferences/SanguinisOutgroupAdditionalReferences.Hinxton16489_Streptococcus_spDD04_Strict_consensus.ntref"
# COMPLETETIME /storage/group/LiberalArts/default/lsw132_collab/04_LabMembersFolders/AvaGabrys/Phylogenetics/mugsy_x86-64-v1r2.3/MUMmer3.20/mummer /storage/group/LiberalArts/default/lsw132_collab/04_LabMembersFolders/AvaGabrys/Phylogenetics/Mugsy/SspDD04/SanguinisOutgroupAdditionalReferences/SanguinisOutgroupAdditionalReferences.Hinxton16489_Streptococcus_spDD04_Strict_consensus.ntref 22.99
# SPACE /storage/group/LiberalArts/default/lsw132_collab/04_LabMembersFolders/AvaGabrys/Phylogenetics/mugsy_x86-64-v1r2.3/MUMmer3.20/mummer /storage/group/LiberalArts/default/lsw132_collab/04_LabMembersFolders/AvaGabrys/Phylogenetics/Mugsy/SspDD04/SanguinisOutgroupAdditionalReferences/SanguinisOutgroupAdditionalReferences.Hinxton16489_Streptococcus_spDD04_Strict_consensus.ntref 23.50
4: FINISHING DATA
Mon Jul 29 14:38:33 EDT 2024
1: PREPARING DATA
2,3: RUNNING mummer AND CREATING CLUSTERS
# reading input file "/storage/group/LiberalArts/default/lsw132_collab/04_LabMembersFolders/AvaGabrys/Phylogenetics/Mugsy/SspDD04/SanguinisOutgroupAdditionalReferences/SanguinisOutgroupAdditionalReferences.Streptococcus_sp_DD04.ntref" of length 2199808
# construct suffix tree for sequence of length 2199808
# (maximum input length is 2305843009213693948)
# process 21998 characters per dot
#....................................................................................................
# CONSTRUCTIONTIME /storage/group/LiberalArts/default/lsw132_collab/04_LabMembersFolders/AvaGabrys/Phylogenetics/mugsy_x86-64-v1r2.3/MUMmer3.20/mummer /storage/group/LiberalArts/default/lsw132_collab/04_LabMembersFolders/AvaGabrys/Phylogenetics/Mugsy/SspDD04/SanguinisOutgroupAdditionalReferences/SanguinisOutgroupAdditionalReferences.Streptococcus_sp_DD04.ntref 1.51
# reading input file "/storage/group/LiberalArts/default/lsw132_collab/04_LabMembersFolders/AvaGabrys/Phylogenetics/Mugsy/SspDD04/SanguinisOutgroupAdditionalReferences/SanguinisOutgroupAdditionalReferences.Streptococcus_sp_DD04.queries.fsa" of length 19798560
# matching query-file "/storage/group/LiberalArts/default/lsw132_collab/04_LabMembersFolders/AvaGabrys/Phylogenetics/Mugsy/SspDD04/SanguinisOutgroupAdditionalReferences/SanguinisOutgroupAdditionalReferences.Streptococcus_sp_DD04.queries.fsa"
# against subject-file "/storage/group/LiberalArts/default/lsw132_collab/04_LabMembersFolders/AvaGabrys/Phylogenetics/Mugsy/SspDD04/SanguinisOutgroupAdditionalReferences/SanguinisOutgroupAdditionalReferences.Streptococcus_sp_DD04.ntref"
# COMPLETETIME /storage/group/LiberalArts/default/lsw132_collab/04_LabMembersFolders/AvaGabrys/Phylogenetics/mugsy_x86-64-v1r2.3/MUMmer3.20/mummer /storage/group/LiberalArts/default/lsw132_collab/04_LabMembersFolders/AvaGabrys/Phylogenetics/Mugsy/SspDD04/SanguinisOutgroupAdditionalReferences/SanguinisOutgroupAdditionalReferences.Streptococcus_sp_DD04.ntref 20.43
# SPACE /storage/group/LiberalArts/default/lsw132_collab/04_LabMembersFolders/AvaGabrys/Phylogenetics/mugsy_x86-64-v1r2.3/MUMmer3.20/mummer /storage/group/LiberalArts/default/lsw132_collab/04_LabMembersFolders/AvaGabrys/Phylogenetics/Mugsy/SspDD04/SanguinisOutgroupAdditionalReferences/SanguinisOutgroupAdditionalReferences.Streptococcus_sp_DD04.ntref 21.38
4: FINISHING DATA
Mon Jul 29 14:39:08 EDT 2024
1: PREPARING DATA
2,3: RUNNING mummer AND CREATING CLUSTERS
# reading input file "/storage/group/LiberalArts/default/lsw132_collab/04_LabMembersFolders/AvaGabrys/Phylogenetics/Mugsy/SspDD04/SanguinisOutgroupAdditionalReferences/SanguinisOutgroupAdditionalReferences.16818_Medieval_SpitalSquare_NRF88_Streptococcus_spDD04_Strict_consensus.ntref" of length 2199883
# construct suffix tree for sequence of length 2199883
# (maximum input length is 2305843009213693948)
# process 21998 characters per dot
#....................................................................................................
# CONSTRUCTIONTIME /storage/group/LiberalArts/default/lsw132_collab/04_LabMembersFolders/AvaGabrys/Phylogenetics/mugsy_x86-64-v1r2.3/MUMmer3.20/mummer /storage/group/LiberalArts/default/lsw132_collab/04_LabMembersFolders/AvaGabrys/Phylogenetics/Mugsy/SspDD04/SanguinisOutgroupAdditionalReferences/SanguinisOutgroupAdditionalReferences.16818_Medieval_SpitalSquare_NRF88_Streptococcus_spDD04_Strict_consensus.ntref 1.07
# reading input file "/storage/group/LiberalArts/default/lsw132_collab/04_LabMembersFolders/AvaGabrys/Phylogenetics/Mugsy/SspDD04/SanguinisOutgroupAdditionalReferences/SanguinisOutgroupAdditionalReferences.16818_Medieval_SpitalSquare_NRF88_Streptococcus_spDD04_Strict_consensus.queries.fsa" of length 17598677
# matching query-file "/storage/group/LiberalArts/default/lsw132_collab/04_LabMembersFolders/AvaGabrys/Phylogenetics/Mugsy/SspDD04/SanguinisOutgroupAdditionalReferences/SanguinisOutgroupAdditionalReferences.16818_Medieval_SpitalSquare_NRF88_Streptococcus_spDD04_Strict_consensus.queries.fsa"
# against subject-file "/storage/group/LiberalArts/default/lsw132_collab/04_LabMembersFolders/AvaGabrys/Phylogenetics/Mugsy/SspDD04/SanguinisOutgroupAdditionalReferences/SanguinisOutgroupAdditionalReferences.16818_Medieval_SpitalSquare_NRF88_Streptococcus_spDD04_Strict_consensus.ntref"
# COMPLETETIME /storage/group/LiberalArts/default/lsw132_collab/04_LabMembersFolders/AvaGabrys/Phylogenetics/mugsy_x86-64-v1r2.3/MUMmer3.20/mummer /storage/group/LiberalArts/default/lsw132_collab/04_LabMembersFolders/AvaGabrys/Phylogenetics/Mugsy/SspDD04/SanguinisOutgroupAdditionalReferences/SanguinisOutgroupAdditionalReferences.16818_Medieval_SpitalSquare_NRF88_Streptococcus_spDD04_Strict_consensus.ntref 15.56
# SPACE /storage/group/LiberalArts/default/lsw132_collab/04_LabMembersFolders/AvaGabrys/Phylogenetics/mugsy_x86-64-v1r2.3/MUMmer3.20/mummer /storage/group/LiberalArts/default/lsw132_collab/04_LabMembersFolders/AvaGabrys/Phylogenetics/Mugsy/SspDD04/SanguinisOutgroupAdditionalReferences/SanguinisOutgroupAdditionalReferences.16818_Medieval_SpitalSquare_NRF88_Streptococcus_spDD04_Strict_consensus.ntref 19.24
4: FINISHING DATA
Mon Jul 29 14:39:39 EDT 2024
1: PREPARING DATA
2,3: RUNNING mummer AND CREATING CLUSTERS
# reading input file "/storage/group/LiberalArts/default/lsw132_collab/04_LabMembersFolders/AvaGabrys/Phylogenetics/Mugsy/SspDD04/SanguinisOutgroupAdditionalReferences/SanguinisOutgroupAdditionalReferences.16887_Medieval_MertonPriory_MPY86_Streptococcus_spDD04_Strict_consensus.ntref" of length 2199828
# construct suffix tree for sequence of length 2199828
# (maximum input length is 2305843009213693948)
# process 21998 characters per dot
#....................................................................................................
# CONSTRUCTIONTIME /storage/group/LiberalArts/default/lsw132_collab/04_LabMembersFolders/AvaGabrys/Phylogenetics/mugsy_x86-64-v1r2.3/MUMmer3.20/mummer /storage/group/LiberalArts/default/lsw132_collab/04_LabMembersFolders/AvaGabrys/Phylogenetics/Mugsy/SspDD04/SanguinisOutgroupAdditionalReferences/SanguinisOutgroupAdditionalReferences.16887_Medieval_MertonPriory_MPY86_Streptococcus_spDD04_Strict_consensus.ntref 1.10
# reading input file "/storage/group/LiberalArts/default/lsw132_collab/04_LabMembersFolders/AvaGabrys/Phylogenetics/Mugsy/SspDD04/SanguinisOutgroupAdditionalReferences/SanguinisOutgroupAdditionalReferences.16887_Medieval_MertonPriory_MPY86_Streptococcus_spDD04_Strict_consensus.queries.fsa" of length 15398849
# matching query-file "/storage/group/LiberalArts/default/lsw132_collab/04_LabMembersFolders/AvaGabrys/Phylogenetics/Mugsy/SspDD04/SanguinisOutgroupAdditionalReferences/SanguinisOutgroupAdditionalReferences.16887_Medieval_MertonPriory_MPY86_Streptococcus_spDD04_Strict_consensus.queries.fsa"
# against subject-file "/storage/group/LiberalArts/default/lsw132_collab/04_LabMembersFolders/AvaGabrys/Phylogenetics/Mugsy/SspDD04/SanguinisOutgroupAdditionalReferences/SanguinisOutgroupAdditionalReferences.16887_Medieval_MertonPriory_MPY86_Streptococcus_spDD04_Strict_consensus.ntref"
# COMPLETETIME /storage/group/LiberalArts/default/lsw132_collab/04_LabMembersFolders/AvaGabrys/Phylogenetics/mugsy_x86-64-v1r2.3/MUMmer3.20/mummer /storage/group/LiberalArts/default/lsw132_collab/04_LabMembersFolders/AvaGabrys/Phylogenetics/Mugsy/SspDD04/SanguinisOutgroupAdditionalReferences/SanguinisOutgroupAdditionalReferences.16887_Medieval_MertonPriory_MPY86_Streptococcus_spDD04_Strict_consensus.ntref 16.28
# SPACE /storage/group/LiberalArts/default/lsw132_collab/04_LabMembersFolders/AvaGabrys/Phylogenetics/mugsy_x86-64-v1r2.3/MUMmer3.20/mummer /storage/group/LiberalArts/default/lsw132_collab/04_LabMembersFolders/AvaGabrys/Phylogenetics/Mugsy/SspDD04/SanguinisOutgroupAdditionalReferences/SanguinisOutgroupAdditionalReferences.16887_Medieval_MertonPriory_MPY86_Streptococcus_spDD04_Strict_consensus.ntref 17.10
4: FINISHING DATA
Mon Jul 29 14:40:09 EDT 2024
1: PREPARING DATA
2,3: RUNNING mummer AND CREATING CLUSTERS
# reading input file "/storage/group/LiberalArts/default/lsw132_collab/04_LabMembersFolders/AvaGabrys/Phylogenetics/Mugsy/SspDD04/SanguinisOutgroupAdditionalReferences/SanguinisOutgroupAdditionalReferences.16955_Medieval_GuildhallYard_GYE92_Streptococcus_spDD04_Strict_consensus.ntref" of length 2199842
# construct suffix tree for sequence of length 2199842
# (maximum input length is 2305843009213693948)
# process 21998 characters per dot
#....................................................................................................
# CONSTRUCTIONTIME /storage/group/LiberalArts/default/lsw132_collab/04_LabMembersFolders/AvaGabrys/Phylogenetics/mugsy_x86-64-v1r2.3/MUMmer3.20/mummer /storage/group/LiberalArts/default/lsw132_collab/04_LabMembersFolders/AvaGabrys/Phylogenetics/Mugsy/SspDD04/SanguinisOutgroupAdditionalReferences/SanguinisOutgroupAdditionalReferences.16955_Medieval_GuildhallYard_GYE92_Streptococcus_spDD04_Strict_consensus.ntref 1.14
# reading input file "/storage/group/LiberalArts/default/lsw132_collab/04_LabMembersFolders/AvaGabrys/Phylogenetics/Mugsy/SspDD04/SanguinisOutgroupAdditionalReferences/SanguinisOutgroupAdditionalReferences.16955_Medieval_GuildhallYard_GYE92_Streptococcus_spDD04_Strict_consensus.queries.fsa" of length 13199007
# matching query-file "/storage/group/LiberalArts/default/lsw132_collab/04_LabMembersFolders/AvaGabrys/Phylogenetics/Mugsy/SspDD04/SanguinisOutgroupAdditionalReferences/SanguinisOutgroupAdditionalReferences.16955_Medieval_GuildhallYard_GYE92_Streptococcus_spDD04_Strict_consensus.queries.fsa"
# against subject-file "/storage/group/LiberalArts/default/lsw132_collab/04_LabMembersFolders/AvaGabrys/Phylogenetics/Mugsy/SspDD04/SanguinisOutgroupAdditionalReferences/SanguinisOutgroupAdditionalReferences.16955_Medieval_GuildhallYard_GYE92_Streptococcus_spDD04_Strict_consensus.ntref"
# COMPLETETIME /storage/group/LiberalArts/default/lsw132_collab/04_LabMembersFolders/AvaGabrys/Phylogenetics/mugsy_x86-64-v1r2.3/MUMmer3.20/mummer /storage/group/LiberalArts/default/lsw132_collab/04_LabMembersFolders/AvaGabrys/Phylogenetics/Mugsy/SspDD04/SanguinisOutgroupAdditionalReferences/SanguinisOutgroupAdditionalReferences.16955_Medieval_GuildhallYard_GYE92_Streptococcus_spDD04_Strict_consensus.ntref 11.27
# SPACE /storage/group/LiberalArts/default/lsw132_collab/04_LabMembersFolders/AvaGabrys/Phylogenetics/mugsy_x86-64-v1r2.3/MUMmer3.20/mummer /storage/group/LiberalArts/default/lsw132_collab/04_LabMembersFolders/AvaGabrys/Phylogenetics/Mugsy/SspDD04/SanguinisOutgroupAdditionalReferences/SanguinisOutgroupAdditionalReferences.16955_Medieval_GuildhallYard_GYE92_Streptococcus_spDD04_Strict_consensus.ntref 14.96
4: FINISHING DATA
Mon Jul 29 14:40:30 EDT 2024
1: PREPARING DATA
2,3: RUNNING mummer AND CREATING CLUSTERS
# reading input file "/storage/group/LiberalArts/default/lsw132_collab/04_LabMembersFolders/AvaGabrys/Phylogenetics/Mugsy/SspDD04/SanguinisOutgroupAdditionalReferences/SanguinisOutgroupAdditionalReferences.Yorkshire8895_Streptococcus_spDD04_Strict_consensus.ntref" of length 2199847
# construct suffix tree for sequence of length 2199847
# (maximum input length is 2305843009213693948)
# process 21998 characters per dot
#....................................................................................................
# CONSTRUCTIONTIME /storage/group/LiberalArts/default/lsw132_collab/04_LabMembersFolders/AvaGabrys/Phylogenetics/mugsy_x86-64-v1r2.3/MUMmer3.20/mummer /storage/group/LiberalArts/default/lsw132_collab/04_LabMembersFolders/AvaGabrys/Phylogenetics/Mugsy/SspDD04/SanguinisOutgroupAdditionalReferences/SanguinisOutgroupAdditionalReferences.Yorkshire8895_Streptococcus_spDD04_Strict_consensus.ntref 1.13
# reading input file "/storage/group/LiberalArts/default/lsw132_collab/04_LabMembersFolders/AvaGabrys/Phylogenetics/Mugsy/SspDD04/SanguinisOutgroupAdditionalReferences/SanguinisOutgroupAdditionalReferences.Yorkshire8895_Streptococcus_spDD04_Strict_consensus.queries.fsa" of length 10999160
# matching query-file "/storage/group/LiberalArts/default/lsw132_collab/04_LabMembersFolders/AvaGabrys/Phylogenetics/Mugsy/SspDD04/SanguinisOutgroupAdditionalReferences/SanguinisOutgroupAdditionalReferences.Yorkshire8895_Streptococcus_spDD04_Strict_consensus.queries.fsa"
# against subject-file "/storage/group/LiberalArts/default/lsw132_collab/04_LabMembersFolders/AvaGabrys/Phylogenetics/Mugsy/SspDD04/SanguinisOutgroupAdditionalReferences/SanguinisOutgroupAdditionalReferences.Yorkshire8895_Streptococcus_spDD04_Strict_consensus.ntref"
# COMPLETETIME /storage/group/LiberalArts/default/lsw132_collab/04_LabMembersFolders/AvaGabrys/Phylogenetics/mugsy_x86-64-v1r2.3/MUMmer3.20/mummer /storage/group/LiberalArts/default/lsw132_collab/04_LabMembersFolders/AvaGabrys/Phylogenetics/Mugsy/SspDD04/SanguinisOutgroupAdditionalReferences/SanguinisOutgroupAdditionalReferences.Yorkshire8895_Streptococcus_spDD04_Strict_consensus.ntref 11.30
# SPACE /storage/group/LiberalArts/default/lsw132_collab/04_LabMembersFolders/AvaGabrys/Phylogenetics/mugsy_x86-64-v1r2.3/MUMmer3.20/mummer /storage/group/LiberalArts/default/lsw132_collab/04_LabMembersFolders/AvaGabrys/Phylogenetics/Mugsy/SspDD04/SanguinisOutgroupAdditionalReferences/SanguinisOutgroupAdditionalReferences.Yorkshire8895_Streptococcus_spDD04_Strict_consensus.ntref 12.82
4: FINISHING DATA
Mon Jul 29 14:40:51 EDT 2024
1: PREPARING DATA
2,3: RUNNING mummer AND CREATING CLUSTERS
# reading input file "/storage/group/LiberalArts/default/lsw132_collab/04_LabMembersFolders/AvaGabrys/Phylogenetics/Mugsy/SspDD04/SanguinisOutgroupAdditionalReferences/SanguinisOutgroupAdditionalReferences.StBrides12867_Streptococcus_spDD04_Strict_consensus.ntref" of length 2199817
# construct suffix tree for sequence of length 2199817
# (maximum input length is 2305843009213693948)
# process 21998 characters per dot
#....................................................................................................
# CONSTRUCTIONTIME /storage/group/LiberalArts/default/lsw132_collab/04_LabMembersFolders/AvaGabrys/Phylogenetics/mugsy_x86-64-v1r2.3/MUMmer3.20/mummer /storage/group/LiberalArts/default/lsw132_collab/04_LabMembersFolders/AvaGabrys/Phylogenetics/Mugsy/SspDD04/SanguinisOutgroupAdditionalReferences/SanguinisOutgroupAdditionalReferences.StBrides12867_Streptococcus_spDD04_Strict_consensus.ntref 0.98
# reading input file "/storage/group/LiberalArts/default/lsw132_collab/04_LabMembersFolders/AvaGabrys/Phylogenetics/Mugsy/SspDD04/SanguinisOutgroupAdditionalReferences/SanguinisOutgroupAdditionalReferences.StBrides12867_Streptococcus_spDD04_Strict_consensus.queries.fsa" of length 8799343
# matching query-file "/storage/group/LiberalArts/default/lsw132_collab/04_LabMembersFolders/AvaGabrys/Phylogenetics/Mugsy/SspDD04/SanguinisOutgroupAdditionalReferences/SanguinisOutgroupAdditionalReferences.StBrides12867_Streptococcus_spDD04_Strict_consensus.queries.fsa"
# against subject-file "/storage/group/LiberalArts/default/lsw132_collab/04_LabMembersFolders/AvaGabrys/Phylogenetics/Mugsy/SspDD04/SanguinisOutgroupAdditionalReferences/SanguinisOutgroupAdditionalReferences.StBrides12867_Streptococcus_spDD04_Strict_consensus.ntref"
# COMPLETETIME /storage/group/LiberalArts/default/lsw132_collab/04_LabMembersFolders/AvaGabrys/Phylogenetics/mugsy_x86-64-v1r2.3/MUMmer3.20/mummer /storage/group/LiberalArts/default/lsw132_collab/04_LabMembersFolders/AvaGabrys/Phylogenetics/Mugsy/SspDD04/SanguinisOutgroupAdditionalReferences/SanguinisOutgroupAdditionalReferences.StBrides12867_Streptococcus_spDD04_Strict_consensus.ntref 9.45
# SPACE /storage/group/LiberalArts/default/lsw132_collab/04_LabMembersFolders/AvaGabrys/Phylogenetics/mugsy_x86-64-v1r2.3/MUMmer3.20/mummer /storage/group/LiberalArts/default/lsw132_collab/04_LabMembersFolders/AvaGabrys/Phylogenetics/Mugsy/SspDD04/SanguinisOutgroupAdditionalReferences/SanguinisOutgroupAdditionalReferences.StBrides12867_Streptococcus_spDD04_Strict_consensus.ntref 10.68
4: FINISHING DATA
Mon Jul 29 14:41:09 EDT 2024
1: PREPARING DATA
2,3: RUNNING mummer AND CREATING CLUSTERS
# reading input file "/storage/group/LiberalArts/default/lsw132_collab/04_LabMembersFolders/AvaGabrys/Phylogenetics/Mugsy/SspDD04/SanguinisOutgroupAdditionalReferences/SanguinisOutgroupAdditionalReferences.16830_Medieval_SpitalSquare.ntref" of length 2199836
# construct suffix tree for sequence of length 2199836
# (maximum input length is 2305843009213693948)
# process 21998 characters per dot
#....................................................................................................
# CONSTRUCTIONTIME /storage/group/LiberalArts/default/lsw132_collab/04_LabMembersFolders/AvaGabrys/Phylogenetics/mugsy_x86-64-v1r2.3/MUMmer3.20/mummer /storage/group/LiberalArts/default/lsw132_collab/04_LabMembersFolders/AvaGabrys/Phylogenetics/Mugsy/SspDD04/SanguinisOutgroupAdditionalReferences/SanguinisOutgroupAdditionalReferences.16830_Medieval_SpitalSquare.ntref 0.79
# reading input file "/storage/group/LiberalArts/default/lsw132_collab/04_LabMembersFolders/AvaGabrys/Phylogenetics/Mugsy/SspDD04/SanguinisOutgroupAdditionalReferences/SanguinisOutgroupAdditionalReferences.16830_Medieval_SpitalSquare.queries.fsa" of length 6599507
# matching query-file "/storage/group/LiberalArts/default/lsw132_collab/04_LabMembersFolders/AvaGabrys/Phylogenetics/Mugsy/SspDD04/SanguinisOutgroupAdditionalReferences/SanguinisOutgroupAdditionalReferences.16830_Medieval_SpitalSquare.queries.fsa"
# against subject-file "/storage/group/LiberalArts/default/lsw132_collab/04_LabMembersFolders/AvaGabrys/Phylogenetics/Mugsy/SspDD04/SanguinisOutgroupAdditionalReferences/SanguinisOutgroupAdditionalReferences.16830_Medieval_SpitalSquare.ntref"
# COMPLETETIME /storage/group/LiberalArts/default/lsw132_collab/04_LabMembersFolders/AvaGabrys/Phylogenetics/mugsy_x86-64-v1r2.3/MUMmer3.20/mummer /storage/group/LiberalArts/default/lsw132_collab/04_LabMembersFolders/AvaGabrys/Phylogenetics/Mugsy/SspDD04/SanguinisOutgroupAdditionalReferences/SanguinisOutgroupAdditionalReferences.16830_Medieval_SpitalSquare.ntref 5.87
# SPACE /storage/group/LiberalArts/default/lsw132_collab/04_LabMembersFolders/AvaGabrys/Phylogenetics/mugsy_x86-64-v1r2.3/MUMmer3.20/mummer /storage/group/LiberalArts/default/lsw132_collab/04_LabMembersFolders/AvaGabrys/Phylogenetics/Mugsy/SspDD04/SanguinisOutgroupAdditionalReferences/SanguinisOutgroupAdditionalReferences.16830_Medieval_SpitalSquare.ntref 8.55
4: FINISHING DATA
Mon Jul 29 14:41:21 EDT 2024
1: PREPARING DATA
2,3: RUNNING mummer AND CREATING CLUSTERS
# reading input file "/storage/group/LiberalArts/default/lsw132_collab/04_LabMembersFolders/AvaGabrys/Phylogenetics/Mugsy/SspDD04/SanguinisOutgroupAdditionalReferences/SanguinisOutgroupAdditionalReferences.StHelensOnWalls8875_Streptococcus_spDD04_Strict_consensus.ntref" of length 2199827
# construct suffix tree for sequence of length 2199827
# (maximum input length is 2305843009213693948)
# process 21998 characters per dot
#....................................................................................................
# CONSTRUCTIONTIME /storage/group/LiberalArts/default/lsw132_collab/04_LabMembersFolders/AvaGabrys/Phylogenetics/mugsy_x86-64-v1r2.3/MUMmer3.20/mummer /storage/group/LiberalArts/default/lsw132_collab/04_LabMembersFolders/AvaGabrys/Phylogenetics/Mugsy/SspDD04/SanguinisOutgroupAdditionalReferences/SanguinisOutgroupAdditionalReferences.StHelensOnWalls8875_Streptococcus_spDD04_Strict_consensus.ntref 1.12
# reading input file "/storage/group/LiberalArts/default/lsw132_collab/04_LabMembersFolders/AvaGabrys/Phylogenetics/Mugsy/SspDD04/SanguinisOutgroupAdditionalReferences/SanguinisOutgroupAdditionalReferences.StHelensOnWalls8875_Streptococcus_spDD04_Strict_consensus.queries.fsa" of length 4399680
# matching query-file "/storage/group/LiberalArts/default/lsw132_collab/04_LabMembersFolders/AvaGabrys/Phylogenetics/Mugsy/SspDD04/SanguinisOutgroupAdditionalReferences/SanguinisOutgroupAdditionalReferences.StHelensOnWalls8875_Streptococcus_spDD04_Strict_consensus.queries.fsa"
# against subject-file "/storage/group/LiberalArts/default/lsw132_collab/04_LabMembersFolders/AvaGabrys/Phylogenetics/Mugsy/SspDD04/SanguinisOutgroupAdditionalReferences/SanguinisOutgroupAdditionalReferences.StHelensOnWalls8875_Streptococcus_spDD04_Strict_consensus.ntref"
# COMPLETETIME /storage/group/LiberalArts/default/lsw132_collab/04_LabMembersFolders/AvaGabrys/Phylogenetics/mugsy_x86-64-v1r2.3/MUMmer3.20/mummer /storage/group/LiberalArts/default/lsw132_collab/04_LabMembersFolders/AvaGabrys/Phylogenetics/Mugsy/SspDD04/SanguinisOutgroupAdditionalReferences/SanguinisOutgroupAdditionalReferences.StHelensOnWalls8875_Streptococcus_spDD04_Strict_consensus.ntref 5.46
# SPACE /storage/group/LiberalArts/default/lsw132_collab/04_LabMembersFolders/AvaGabrys/Phylogenetics/mugsy_x86-64-v1r2.3/MUMmer3.20/mummer /storage/group/LiberalArts/default/lsw132_collab/04_LabMembersFolders/AvaGabrys/Phylogenetics/Mugsy/SspDD04/SanguinisOutgroupAdditionalReferences/SanguinisOutgroupAdditionalReferences.StHelensOnWalls8875_Streptococcus_spDD04_Strict_consensus.ntref 6.41
4: FINISHING DATA
Mon Jul 29 14:41:31 EDT 2024
1: PREPARING DATA
2,3: RUNNING mummer AND CREATING CLUSTERS
# reading input file "/storage/group/LiberalArts/default/lsw132_collab/04_LabMembersFolders/AvaGabrys/Phylogenetics/Mugsy/SspDD04/SanguinisOutgroupAdditionalReferences/SanguinisOutgroupAdditionalReferences.Oakington15810_Streptococcus_spDD04_Strict_consensus.ntref" of length 2199822
# construct suffix tree for sequence of length 2199822
# (maximum input length is 2305843009213693948)
# process 21998 characters per dot
#....................................................................................................
# CONSTRUCTIONTIME /storage/group/LiberalArts/default/lsw132_collab/04_LabMembersFolders/AvaGabrys/Phylogenetics/mugsy_x86-64-v1r2.3/MUMmer3.20/mummer /storage/group/LiberalArts/default/lsw132_collab/04_LabMembersFolders/AvaGabrys/Phylogenetics/Mugsy/SspDD04/SanguinisOutgroupAdditionalReferences/SanguinisOutgroupAdditionalReferences.Oakington15810_Streptococcus_spDD04_Strict_consensus.ntref 0.93
# reading input file "/storage/group/LiberalArts/default/lsw132_collab/04_LabMembersFolders/AvaGabrys/Phylogenetics/Mugsy/SspDD04/SanguinisOutgroupAdditionalReferences/SanguinisOutgroupAdditionalReferences.Oakington15810_Streptococcus_spDD04_Strict_consensus.queries.fsa" of length 2199858
# matching query-file "/storage/group/LiberalArts/default/lsw132_collab/04_LabMembersFolders/AvaGabrys/Phylogenetics/Mugsy/SspDD04/SanguinisOutgroupAdditionalReferences/SanguinisOutgroupAdditionalReferences.Oakington15810_Streptococcus_spDD04_Strict_consensus.queries.fsa"
# against subject-file "/storage/group/LiberalArts/default/lsw132_collab/04_LabMembersFolders/AvaGabrys/Phylogenetics/Mugsy/SspDD04/SanguinisOutgroupAdditionalReferences/SanguinisOutgroupAdditionalReferences.Oakington15810_Streptococcus_spDD04_Strict_consensus.ntref"
# COMPLETETIME /storage/group/LiberalArts/default/lsw132_collab/04_LabMembersFolders/AvaGabrys/Phylogenetics/mugsy_x86-64-v1r2.3/MUMmer3.20/mummer /storage/group/LiberalArts/default/lsw132_collab/04_LabMembersFolders/AvaGabrys/Phylogenetics/Mugsy/SspDD04/SanguinisOutgroupAdditionalReferences/SanguinisOutgroupAdditionalReferences.Oakington15810_Streptococcus_spDD04_Strict_consensus.ntref 2.88
# SPACE /storage/group/LiberalArts/default/lsw132_collab/04_LabMembersFolders/AvaGabrys/Phylogenetics/mugsy_x86-64-v1r2.3/MUMmer3.20/mummer /storage/group/LiberalArts/default/lsw132_collab/04_LabMembersFolders/AvaGabrys/Phylogenetics/Mugsy/SspDD04/SanguinisOutgroupAdditionalReferences/SanguinisOutgroupAdditionalReferences.Oakington15810_Streptococcus_spDD04_Strict_consensus.ntref 4.27
4: FINISHING DATA
Mon Jul 29 14:41:35 EDT 2024
CMD:cat /storage/group/LiberalArts/default/lsw132_collab/04_LabMembersFolders/AvaGabrys/Phylogenetics/Mugsy/SspDD04/SanguinisOutgroupAdditionalReferences//Yorkshire8892_Streptococcus_spDD04_Strict_consensus | perl -ne 'if(/^\>([^\s\:]+)\:([^\s\:]+)/){if($1 ne $2){ print ">$1.$2 $1\n";} elsif(defined $1 && defined $2){print ">$1.$2\n";}else {print ">$1\n";}}else{die if(/\>/);print $_}' >> /storage/group/LiberalArts/default/lsw132_collab/04_LabMembersFolders/AvaGabrys/Phylogenetics/Mugsy/SspDD04/SanguinisOutgroupAdditionalReferences/SanguinisOutgroupAdditionalReferences.all.fsa
CMD:cat /storage/group/LiberalArts/default/lsw132_collab/04_LabMembersFolders/AvaGabrys/Phylogenetics/Mugsy/SspDD04/SanguinisOutgroupAdditionalReferences//Oakington16500_Streptococcus_spDD04_Strict_consensus | perl -ne 'if(/^\>([^\s\:]+)\:([^\s\:]+)/){if($1 ne $2){ print ">$1.$2 $1\n";} elsif(defined $1 && defined $2){print ">$1.$2\n";}else {print ">$1\n";}}else{die if(/\>/);print $_}' >> /storage/group/LiberalArts/default/lsw132_collab/04_LabMembersFolders/AvaGabrys/Phylogenetics/Mugsy/SspDD04/SanguinisOutgroupAdditionalReferences/SanguinisOutgroupAdditionalReferences.all.fsa
CMD:cat /storage/group/LiberalArts/default/lsw132_collab/04_LabMembersFolders/AvaGabrys/Phylogenetics/Mugsy/SspDD04/SanguinisOutgroupAdditionalReferences//16813_Medieval_SpitalSquare_NRF88_Streptococcus_spDD04_Strict_consensus | perl -ne 'if(/^\>([^\s\:]+)\:([^\s\:]+)/){if($1 ne $2){ print ">$1.$2 $1\n";} elsif(defined $1 && defined $2){print ">$1.$2\n";}else {print ">$1\n";}}else{die if(/\>/);print $_}' >> /storage/group/LiberalArts/default/lsw132_collab/04_LabMembersFolders/AvaGabrys/Phylogenetics/Mugsy/SspDD04/SanguinisOutgroupAdditionalReferences/SanguinisOutgroupAdditionalReferences.all.fsa
CMD:cat /storage/group/LiberalArts/default/lsw132_collab/04_LabMembersFolders/AvaGabrys/Phylogenetics/Mugsy/SspDD04/SanguinisOutgroupAdditionalReferences//Streptococcus_cristatus_ATCC51100 | perl -ne 'if(/^\>([^\s\:]+)\:([^\s\:]+)/){if($1 ne $2){ print ">$1.$2 $1\n";} elsif(defined $1 && defined $2){print ">$1.$2\n";}else {print ">$1\n";}}else{die if(/\>/);print $_}' >> /storage/group/LiberalArts/default/lsw132_collab/04_LabMembersFolders/AvaGabrys/Phylogenetics/Mugsy/SspDD04/SanguinisOutgroupAdditionalReferences/SanguinisOutgroupAdditionalReferences.all.fsa
CMD:cat /storage/group/LiberalArts/default/lsw132_collab/04_LabMembersFolders/AvaGabrys/Phylogenetics/Mugsy/SspDD04/SanguinisOutgroupAdditionalReferences//Streptococcus_sinensis_MIN085 | perl -ne 'if(/^\>([^\s\:]+)\:([^\s\:]+)/){if($1 ne $2){ print ">$1.$2 $1\n";} elsif(defined $1 && defined $2){print ">$1.$2\n";}else {print ">$1\n";}}else{die if(/\>/);print $_}' >> /storage/group/LiberalArts/default/lsw132_collab/04_LabMembersFolders/AvaGabrys/Phylogenetics/Mugsy/SspDD04/SanguinisOutgroupAdditionalReferences/SanguinisOutgroupAdditionalReferences.all.fsa
CMD:cat /storage/group/LiberalArts/default/lsw132_collab/04_LabMembersFolders/AvaGabrys/Phylogenetics/Mugsy/SspDD04/SanguinisOutgroupAdditionalReferences//BreedonOnTheHill12857_Streptococcus_spDD04_Strict_consensus | perl -ne 'if(/^\>([^\s\:]+)\:([^\s\:]+)/){if($1 ne $2){ print ">$1.$2 $1\n";} elsif(defined $1 && defined $2){print ">$1.$2\n";}else {print ">$1\n";}}else{die if(/\>/);print $_}' >> /storage/group/LiberalArts/default/lsw132_collab/04_LabMembersFolders/AvaGabrys/Phylogenetics/Mugsy/SspDD04/SanguinisOutgroupAdditionalReferences/SanguinisOutgroupAdditionalReferences.all.fsa
CMD:cat /storage/group/LiberalArts/default/lsw132_collab/04_LabMembersFolders/AvaGabrys/Phylogenetics/Mugsy/SspDD04/SanguinisOutgroupAdditionalReferences//Streptococcus_cristatus_NCTC13807 | perl -ne 'if(/^\>([^\s\:]+)\:([^\s\:]+)/){if($1 ne $2){ print ">$1.$2 $1\n";} elsif(defined $1 && defined $2){print ">$1.$2\n";}else {print ">$1\n";}}else{die if(/\>/);print $_}' >> /storage/group/LiberalArts/default/lsw132_collab/04_LabMembersFolders/AvaGabrys/Phylogenetics/Mugsy/SspDD04/SanguinisOutgroupAdditionalReferences/SanguinisOutgroupAdditionalReferences.all.fsa
CMD:cat /storage/group/LiberalArts/default/lsw132_collab/04_LabMembersFolders/AvaGabrys/Phylogenetics/Mugsy/SspDD04/SanguinisOutgroupAdditionalReferences//Hinxton16489_Streptococcus_spDD04_Strict_consensus | perl -ne 'if(/^\>([^\s\:]+)\:([^\s\:]+)/){if($1 ne $2){ print ">$1.$2 $1\n";} elsif(defined $1 && defined $2){print ">$1.$2\n";}else {print ">$1\n";}}else{die if(/\>/);print $_}' >> /storage/group/LiberalArts/default/lsw132_collab/04_LabMembersFolders/AvaGabrys/Phylogenetics/Mugsy/SspDD04/SanguinisOutgroupAdditionalReferences/SanguinisOutgroupAdditionalReferences.all.fsa
CMD:cat /storage/group/LiberalArts/default/lsw132_collab/04_LabMembersFolders/AvaGabrys/Phylogenetics/Mugsy/SspDD04/SanguinisOutgroupAdditionalReferences//Streptococcus_sinensis_Forsyth1A | perl -ne 'if(/^\>([^\s\:]+)\:([^\s\:]+)/){if($1 ne $2){ print ">$1.$2 $1\n";} elsif(defined $1 && defined $2){print ">$1.$2\n";}else {print ">$1\n";}}else{die if(/\>/);print $_}' >> /storage/group/LiberalArts/default/lsw132_collab/04_LabMembersFolders/AvaGabrys/Phylogenetics/Mugsy/SspDD04/SanguinisOutgroupAdditionalReferences/SanguinisOutgroupAdditionalReferences.all.fsa
CMD:cat /storage/group/LiberalArts/default/lsw132_collab/04_LabMembersFolders/AvaGabrys/Phylogenetics/Mugsy/SspDD04/SanguinisOutgroupAdditionalReferences//Streptococcus_sp_DD04 | perl -ne 'if(/^\>([^\s\:]+)\:([^\s\:]+)/){if($1 ne $2){ print ">$1.$2 $1\n";} elsif(defined $1 && defined $2){print ">$1.$2\n";}else {print ">$1\n";}}else{die if(/\>/);print $_}' >> /storage/group/LiberalArts/default/lsw132_collab/04_LabMembersFolders/AvaGabrys/Phylogenetics/Mugsy/SspDD04/SanguinisOutgroupAdditionalReferences/SanguinisOutgroupAdditionalReferences.all.fsa
CMD:cat /storage/group/LiberalArts/default/lsw132_collab/04_LabMembersFolders/AvaGabrys/Phylogenetics/Mugsy/SspDD04/SanguinisOutgroupAdditionalReferences//Streptococcus_sinensis_HKU4 | perl -ne 'if(/^\>([^\s\:]+)\:([^\s\:]+)/){if($1 ne $2){ print ">$1.$2 $1\n";} elsif(defined $1 && defined $2){print ">$1.$2\n";}else {print ">$1\n";}}else{die if(/\>/);print $_}' >> /storage/group/LiberalArts/default/lsw132_collab/04_LabMembersFolders/AvaGabrys/Phylogenetics/Mugsy/SspDD04/SanguinisOutgroupAdditionalReferences/SanguinisOutgroupAdditionalReferences.all.fsa
CMD:cat /storage/group/LiberalArts/default/lsw132_collab/04_LabMembersFolders/AvaGabrys/Phylogenetics/Mugsy/SspDD04/SanguinisOutgroupAdditionalReferences//16818_Medieval_SpitalSquare_NRF88_Streptococcus_spDD04_Strict_consensus | perl -ne 'if(/^\>([^\s\:]+)\:([^\s\:]+)/){if($1 ne $2){ print ">$1.$2 $1\n";} elsif(defined $1 && defined $2){print ">$1.$2\n";}else {print ">$1\n";}}else{die if(/\>/);print $_}' >> /storage/group/LiberalArts/default/lsw132_collab/04_LabMembersFolders/AvaGabrys/Phylogenetics/Mugsy/SspDD04/SanguinisOutgroupAdditionalReferences/SanguinisOutgroupAdditionalReferences.all.fsa
CMD:cat /storage/group/LiberalArts/default/lsw132_collab/04_LabMembersFolders/AvaGabrys/Phylogenetics/Mugsy/SspDD04/SanguinisOutgroupAdditionalReferences//16887_Medieval_MertonPriory_MPY86_Streptococcus_spDD04_Strict_consensus | perl -ne 'if(/^\>([^\s\:]+)\:([^\s\:]+)/){if($1 ne $2){ print ">$1.$2 $1\n";} elsif(defined $1 && defined $2){print ">$1.$2\n";}else {print ">$1\n";}}else{die if(/\>/);print $_}' >> /storage/group/LiberalArts/default/lsw132_collab/04_LabMembersFolders/AvaGabrys/Phylogenetics/Mugsy/SspDD04/SanguinisOutgroupAdditionalReferences/SanguinisOutgroupAdditionalReferences.all.fsa
CMD:cat /storage/group/LiberalArts/default/lsw132_collab/04_LabMembersFolders/AvaGabrys/Phylogenetics/Mugsy/SspDD04/SanguinisOutgroupAdditionalReferences//16955_Medieval_GuildhallYard_GYE92_Streptococcus_spDD04_Strict_consensus | perl -ne 'if(/^\>([^\s\:]+)\:([^\s\:]+)/){if($1 ne $2){ print ">$1.$2 $1\n";} elsif(defined $1 && defined $2){print ">$1.$2\n";}else {print ">$1\n";}}else{die if(/\>/);print $_}' >> /storage/group/LiberalArts/default/lsw132_collab/04_LabMembersFolders/AvaGabrys/Phylogenetics/Mugsy/SspDD04/SanguinisOutgroupAdditionalReferences/SanguinisOutgroupAdditionalReferences.all.fsa
CMD:cat /storage/group/LiberalArts/default/lsw132_collab/04_LabMembersFolders/AvaGabrys/Phylogenetics/Mugsy/SspDD04/SanguinisOutgroupAdditionalReferences//Yorkshire8895_Streptococcus_spDD04_Strict_consensus | perl -ne 'if(/^\>([^\s\:]+)\:([^\s\:]+)/){if($1 ne $2){ print ">$1.$2 $1\n";} elsif(defined $1 && defined $2){print ">$1.$2\n";}else {print ">$1\n";}}else{die if(/\>/);print $_}' >> /storage/group/LiberalArts/default/lsw132_collab/04_LabMembersFolders/AvaGabrys/Phylogenetics/Mugsy/SspDD04/SanguinisOutgroupAdditionalReferences/SanguinisOutgroupAdditionalReferences.all.fsa
CMD:cat /storage/group/LiberalArts/default/lsw132_collab/04_LabMembersFolders/AvaGabrys/Phylogenetics/Mugsy/SspDD04/SanguinisOutgroupAdditionalReferences//StBrides12867_Streptococcus_spDD04_Strict_consensus | perl -ne 'if(/^\>([^\s\:]+)\:([^\s\:]+)/){if($1 ne $2){ print ">$1.$2 $1\n";} elsif(defined $1 && defined $2){print ">$1.$2\n";}else {print ">$1\n";}}else{die if(/\>/);print $_}' >> /storage/group/LiberalArts/default/lsw132_collab/04_LabMembersFolders/AvaGabrys/Phylogenetics/Mugsy/SspDD04/SanguinisOutgroupAdditionalReferences/SanguinisOutgroupAdditionalReferences.all.fsa
CMD:cat /storage/group/LiberalArts/default/lsw132_collab/04_LabMembersFolders/AvaGabrys/Phylogenetics/Mugsy/SspDD04/SanguinisOutgroupAdditionalReferences//16830_Medieval_SpitalSquare | perl -ne 'if(/^\>([^\s\:]+)\:([^\s\:]+)/){if($1 ne $2){ print ">$1.$2 $1\n";} elsif(defined $1 && defined $2){print ">$1.$2\n";}else {print ">$1\n";}}else{die if(/\>/);print $_}' >> /storage/group/LiberalArts/default/lsw132_collab/04_LabMembersFolders/AvaGabrys/Phylogenetics/Mugsy/SspDD04/SanguinisOutgroupAdditionalReferences/SanguinisOutgroupAdditionalReferences.all.fsa
CMD:cat /storage/group/LiberalArts/default/lsw132_collab/04_LabMembersFolders/AvaGabrys/Phylogenetics/Mugsy/SspDD04/SanguinisOutgroupAdditionalReferences//Streptococcus_sanguinis_SK36 | perl -ne 'if(/^\>([^\s\:]+)\:([^\s\:]+)/){if($1 ne $2){ print ">$1.$2 $1\n";} elsif(defined $1 && defined $2){print ">$1.$2\n";}else {print ">$1\n";}}else{die if(/\>/);print $_}' >> /storage/group/LiberalArts/default/lsw132_collab/04_LabMembersFolders/AvaGabrys/Phylogenetics/Mugsy/SspDD04/SanguinisOutgroupAdditionalReferences/SanguinisOutgroupAdditionalReferences.all.fsa
CMD:cat /storage/group/LiberalArts/default/lsw132_collab/04_LabMembersFolders/AvaGabrys/Phylogenetics/Mugsy/SspDD04/SanguinisOutgroupAdditionalReferences//StHelensOnWalls8875_Streptococcus_spDD04_Strict_consensus | perl -ne 'if(/^\>([^\s\:]+)\:([^\s\:]+)/){if($1 ne $2){ print ">$1.$2 $1\n";} elsif(defined $1 && defined $2){print ">$1.$2\n";}else {print ">$1\n";}}else{die if(/\>/);print $_}' >> /storage/group/LiberalArts/default/lsw132_collab/04_LabMembersFolders/AvaGabrys/Phylogenetics/Mugsy/SspDD04/SanguinisOutgroupAdditionalReferences/SanguinisOutgroupAdditionalReferences.all.fsa
CMD:cat /storage/group/LiberalArts/default/lsw132_collab/04_LabMembersFolders/AvaGabrys/Phylogenetics/Mugsy/SspDD04/SanguinisOutgroupAdditionalReferences//Oakington15810_Streptococcus_spDD04_Strict_consensus | perl -ne 'if(/^\>([^\s\:]+)\:([^\s\:]+)/){if($1 ne $2){ print ">$1.$2 $1\n";} elsif(defined $1 && defined $2){print ">$1.$2\n";}else {print ">$1\n";}}else{die if(/\>/);print $_}' >> /storage/group/LiberalArts/default/lsw132_collab/04_LabMembersFolders/AvaGabrys/Phylogenetics/Mugsy/SspDD04/SanguinisOutgroupAdditionalReferences/SanguinisOutgroupAdditionalReferences.all.fsa
CMD:cat /storage/group/LiberalArts/default/lsw132_collab/04_LabMembersFolders/AvaGabrys/Phylogenetics/Mugsy/SspDD04/SanguinisOutgroupAdditionalReferences//16839_Medieval_MertonPriory_MPY86_Streptococcus_spDD04_Strict_consensus | perl -ne 'if(/^\>([^\s\:]+)\:([^\s\:]+)/){if($1 ne $2){ print ">$1.$2 $1\n";} elsif(defined $1 && defined $2){print ">$1.$2\n";}else {print ">$1\n";}}else{die if(/\>/);print $_}' >> /storage/group/LiberalArts/default/lsw132_collab/04_LabMembersFolders/AvaGabrys/Phylogenetics/Mugsy/SspDD04/SanguinisOutgroupAdditionalReferences/SanguinisOutgroupAdditionalReferences.all.fsa
CMD:cat /storage/group/LiberalArts/default/lsw132_collab/04_LabMembersFolders/AvaGabrys/Phylogenetics/Mugsy/SspDD04/SanguinisOutgroupAdditionalReferences//Streptococcus_sinensis_SSSC01 | perl -ne 'if(/^\>([^\s\:]+)\:([^\s\:]+)/){if($1 ne $2){ print ">$1.$2 $1\n";} elsif(defined $1 && defined $2){print ">$1.$2\n";}else {print ">$1\n";}}else{die if(/\>/);print $_}' >> /storage/group/LiberalArts/default/lsw132_collab/04_LabMembersFolders/AvaGabrys/Phylogenetics/Mugsy/SspDD04/SanguinisOutgroupAdditionalReferences/SanguinisOutgroupAdditionalReferences.all.fsa
CMD:/storage/group/LiberalArts/default/lsw132_collab/04_LabMembersFolders/AvaGabrys/Phylogenetics/mugsy_x86-64-v1r2.3/mugsyWGA --outfile /storage/group/LiberalArts/default/lsw132_collab/04_LabMembersFolders/AvaGabrys/Phylogenetics/Mugsy/SspDD04/SanguinisOutgroupAdditionalReferences/SanguinisOutgroupAdditionalReferences --seq /storage/group/LiberalArts/default/lsw132_collab/04_LabMembersFolders/AvaGabrys/Phylogenetics/Mugsy/SspDD04/SanguinisOutgroupAdditionalReferences/SanguinisOutgroupAdditionalReferences.all.fsa --aln /storage/group/LiberalArts/default/lsw132_collab/04_LabMembersFolders/AvaGabrys/Phylogenetics/Mugsy/SspDD04/SanguinisOutgroupAdditionalReferences/SanguinisOutgroupAdditionalReferences.xmfa --distance 1000 --minlength 30  --unique true  > /storage/group/LiberalArts/default/lsw132_collab/04_LabMembersFolders/AvaGabrys/Phylogenetics/Mugsy/SspDD04/SanguinisOutgroupAdditionalReferences/SanguinisOutgroupAdditionalReferences.mugsywga.out 2> /storage/group/LiberalArts/default/lsw132_collab/04_LabMembersFolders/AvaGabrys/Phylogenetics/Mugsy/SspDD04/SanguinisOutgroupAdditionalReferences/SanguinisOutgroupAdditionalReferences.mugsywga.stderr
